<!DOCTYPE html>

<html>
  <head>
  <meta charset='utf-8'>
  <title>TestNG reports</title>

    <link type="text/css" href="testng-reports1.css" rel="stylesheet" id="ultra" />
    <link type="text/css" href="testng-reports.css" rel="stylesheet" id="retro" disabled="false"/>
    <script type="text/javascript" src="jquery.min.js"></script>
    <script type="text/javascript" src="testng-reports.js"></script>
    <script type="text/javascript" src="https://www.google.com/jsapi"></script>
    <script type='text/javascript'>
      google.load('visualization', '1', {packages:['table']});
      google.setOnLoadCallback(drawTable);
      var suiteTableInitFunctions = new Array();
      var suiteTableData = new Array();
    </script>
    <!--
      <script type="text/javascript" src="jquery-ui/js/jquery-ui-1.8.16.custom.min.js"></script>
     -->
  </head>

  <body>
    <div class="top-banner-root">
      <span class="top-banner-title-font">Test results</span>
      <button id="button" class="button">Switch Retro Theme</button> <!-- button -->
      <br/>
      <span class="top-banner-font-1">1 suite, 20 failed tests</span>
    </div> <!-- top-banner-root -->
    <div class="navigator-root">
      <div class="navigator-suite-header">
        <span>All suites</span>
        <a href="#" title="Collapse/expand all the suites" class="collapse-all-link">
          <img src="collapseall.gif" class="collapse-all-icon">
          </img> <!-- collapse-all-icon -->
        </a> <!-- collapse-all-link -->
      </div> <!-- navigator-suite-header -->
      <div class="suite">
        <div class="rounded-window">
          <div class="suite-header light-rounded-window-top">
            <a href="#" panel-name="suite-Suite" class="navigator-link">
              <span class="suite-name border-failed">Suite</span>
            </a> <!-- navigator-link -->
          </div> <!-- suite-header light-rounded-window-top -->
          <div class="navigator-suite-content">
            <div class="suite-section-title">
              <span>Info</span>
            </div> <!-- suite-section-title -->
            <div class="suite-section-content">
              <ul>
                <li>
                  <a href="#" panel-name="test-xml-Suite" class="navigator-link ">
                    <span>testng.xml</span>
                  </a> <!-- navigator-link  -->
                </li>
                <li>
                  <a href="#" panel-name="testlist-Suite" class="navigator-link ">
                    <span class="test-stats">4 tests</span>
                  </a> <!-- navigator-link  -->
                </li>
                <li>
                  <a href="#" panel-name="group-Suite" class="navigator-link ">
                    <span>0 groups</span>
                  </a> <!-- navigator-link  -->
                </li>
                <li>
                  <a href="#" panel-name="times-Suite" class="navigator-link ">
                    <span>Times</span>
                  </a> <!-- navigator-link  -->
                </li>
                <li>
                  <a href="#" panel-name="reporter-Suite" class="navigator-link ">
                    <span>Reporter output</span>
                  </a> <!-- navigator-link  -->
                </li>
                <li>
                  <a href="#" panel-name="ignored-methods-Suite" class="navigator-link ">
                    <span>Ignored methods</span>
                  </a> <!-- navigator-link  -->
                </li>
                <li>
                  <a href="#" panel-name="chronological-Suite" class="navigator-link ">
                    <span>Chronological view</span>
                  </a> <!-- navigator-link  -->
                </li>
              </ul>
            </div> <!-- suite-section-content -->
            <div class="result-section">
              <div class="suite-section-title">
                <span>Results</span>
              </div> <!-- suite-section-title -->
              <div class="suite-section-content">
                <ul>
                  <li>
                    <span class="method-stats">58 methods, 20 failed,  27 skipped,  11 passed</span>
                  </li>
                  <li>
                    <span class="method-list-title failed">Failed methods</span>
                    <span class="show-or-hide-methods failed">
                      <a href="#" panel-name="suite-Suite" class="hide-methods failed suite-Suite"> (hide)</a> <!-- hide-methods failed suite-Suite -->
                      <a href="#" panel-name="suite-Suite" class="show-methods failed suite-Suite"> (show)</a> <!-- show-methods failed suite-Suite -->
                    </span>
                    <div class="method-list-content failed suite-Suite">
                      <span>
                        <img src="failed.png" width="3%"/>
                        <a href="#" panel-name="suite-Suite" title="com.challenge.test.ShoppingCartNavigationWidgetTest" class="method navigator-link" hash-for-method="itemsFromCategorySection_CanBeAddedToCart_Successfully">itemsFromCategorySection_CanBeAddedToCart_Successfully</a> <!-- method navigator-link -->
                      </span>
                      <br/>
                      <span>
                        <img src="failed.png" width="3%"/>
                        <a href="#" panel-name="suite-Suite" title="com.challenge.test.ShoppingCartNavigationWidgetTest" class="method navigator-link" hash-for-method="itemsFromCategorySection_CanBeAddedToCart_Successfully">itemsFromCategorySection_CanBeAddedToCart_Successfully</a> <!-- method navigator-link -->
                      </span>
                      <br/>
                      <span>
                        <img src="failed.png" width="3%"/>
                        <a href="#" panel-name="suite-Suite" title="com.challenge.test.ShoppingCartNavigationWidgetTest" class="method navigator-link" hash-for-method="itemsSearched_CanBeAddedToCart_Successfully">itemsSearched_CanBeAddedToCart_Successfully</a> <!-- method navigator-link -->
                      </span>
                      <br/>
                      <span>
                        <img src="failed.png" width="3%"/>
                        <a href="#" panel-name="suite-Suite" title="com.challenge.test.ShoppingCartNavigationWidgetTest" class="method navigator-link" hash-for-method="itemsSearched_CanBeAddedToCart_Successfully">itemsSearched_CanBeAddedToCart_Successfully</a> <!-- method navigator-link -->
                      </span>
                      <br/>
                      <span>
                        <img src="failed.png" width="3%"/>
                        <a href="#" panel-name="suite-Suite" title="com.challenge.test.ContactFormTest" class="method navigator-link" hash-for-method="messageAttachment_CanBeSentInForm_Successfully">messageAttachment_CanBeSentInForm_Successfully</a> <!-- method navigator-link -->
                      </span>
                      <br/>
                      <span>
                        <img src="failed.png" width="3%"/>
                        <a href="#" panel-name="suite-Suite" title="com.challenge.test.ContactFormTest" class="method navigator-link" hash-for-method="messageAttachment_CanBeSentInForm_Successfully">messageAttachment_CanBeSentInForm_Successfully</a> <!-- method navigator-link -->
                      </span>
                      <br/>
                      <span>
                        <img src="failed.png" width="3%"/>
                        <a href="#" panel-name="suite-Suite" title="com.challenge.test.ContactFormTest" class="method navigator-link" hash-for-method="pageValidates_AllFormsFields_CannotBeBlank">pageValidates_AllFormsFields_CannotBeBlank</a> <!-- method navigator-link -->
                      </span>
                      <br/>
                      <span>
                        <img src="failed.png" width="3%"/>
                        <a href="#" panel-name="suite-Suite" title="com.challenge.test.ContactFormTest" class="method navigator-link" hash-for-method="pageValidates_FormFieldEmail_CannotBeBlank">pageValidates_FormFieldEmail_CannotBeBlank</a> <!-- method navigator-link -->
                      </span>
                      <br/>
                      <span>
                        <img src="failed.png" width="3%"/>
                        <a href="#" panel-name="suite-Suite" title="com.challenge.test.ContactFormTest" class="method navigator-link" hash-for-method="pageValidates_FormFieldEmail_MustFollowRightFormat">pageValidates_FormFieldEmail_MustFollowRightFormat</a> <!-- method navigator-link -->
                      </span>
                      <br/>
                      <span>
                        <img src="failed.png" width="3%"/>
                        <a href="#" panel-name="suite-Suite" title="com.challenge.test.ContactFormTest" class="method navigator-link" hash-for-method="pageValidates_FormFieldMessage_CannotBeBlank">pageValidates_FormFieldMessage_CannotBeBlank</a> <!-- method navigator-link -->
                      </span>
                      <br/>
                      <span>
                        <img src="failed.png" width="3%"/>
                        <a href="#" panel-name="suite-Suite" title="com.challenge.test.ContactFormTest" class="method navigator-link" hash-for-method="pageValidates_FormFieldMessage_CannotBeBlank">pageValidates_FormFieldMessage_CannotBeBlank</a> <!-- method navigator-link -->
                      </span>
                      <br/>
                      <span>
                        <img src="failed.png" width="3%"/>
                        <a href="#" panel-name="suite-Suite" title="com.challenge.test.ContactFormTest" class="method navigator-link" hash-for-method="pageValidates_FormFieldSubject_CannotBeBlank">pageValidates_FormFieldSubject_CannotBeBlank</a> <!-- method navigator-link -->
                      </span>
                      <br/>
                      <span>
                        <img src="failed.png" width="3%"/>
                        <a href="#" panel-name="suite-Suite" title="com.challenge.test.ContactFormTest" class="method navigator-link" hash-for-method="pageValidates_FormFieldSubject_CannotBeBlank">pageValidates_FormFieldSubject_CannotBeBlank</a> <!-- method navigator-link -->
                      </span>
                      <br/>
                      <span>
                        <img src="failed.png" width="3%"/>
                        <a href="#" panel-name="suite-Suite" title="com.challenge.test.SearchTest" class="method navigator-link" hash-for-method="search_unexistingProduct_ShowNoResult(UNXPRODUCT#1TEST)">search_unexistingProduct_ShowNoResult(UNXPRODUCT#1TEST)</a> <!-- method navigator-link -->
                      </span>
                      <br/>
                      <span>
                        <img src="failed.png" width="3%"/>
                        <a href="#" panel-name="suite-Suite" title="com.challenge.test.ShoppingCartNavigationWidgetTest" class="method navigator-link" hash-for-method="shoppingCartWidgetCheckOutBtn_RedirectToShoppingCartPage_Successfully">shoppingCartWidgetCheckOutBtn_RedirectToShoppingCartPage_Successfully</a> <!-- method navigator-link -->
                      </span>
                      <br/>
                      <span>
                        <img src="failed.png" width="3%"/>
                        <a href="#" panel-name="suite-Suite" title="com.challenge.test.ShoppingCartNavigationWidgetTest" class="method navigator-link" hash-for-method="shoppingCartWidgetCheckOutBtn_RedirectToShoppingCartPage_Successfully">shoppingCartWidgetCheckOutBtn_RedirectToShoppingCartPage_Successfully</a> <!-- method navigator-link -->
                      </span>
                      <br/>
                      <span>
                        <img src="failed.png" width="3%"/>
                        <a href="#" panel-name="suite-Suite" title="com.challenge.test.ShoppingCartNavigationWidgetTest" class="method navigator-link" hash-for-method="shoppingCartWidgetItems_CanBeDeleted_Successfully">shoppingCartWidgetItems_CanBeDeleted_Successfully</a> <!-- method navigator-link -->
                      </span>
                      <br/>
                      <span>
                        <img src="failed.png" width="3%"/>
                        <a href="#" panel-name="suite-Suite" title="com.challenge.test.ShoppingCartNavigationWidgetTest" class="method navigator-link" hash-for-method="shoppingCartWidgetItems_CanBeDeleted_Successfully">shoppingCartWidgetItems_CanBeDeleted_Successfully</a> <!-- method navigator-link -->
                      </span>
                      <br/>
                      <span>
                        <img src="failed.png" width="3%"/>
                        <a href="#" panel-name="suite-Suite" title="com.challenge.test.ShoppingCartNavigationWidgetTest" class="method navigator-link" hash-for-method="shoppingCartWidget_Contains_AddedItems">shoppingCartWidget_Contains_AddedItems</a> <!-- method navigator-link -->
                      </span>
                      <br/>
                      <span>
                        <img src="failed.png" width="3%"/>
                        <a href="#" panel-name="suite-Suite" title="com.challenge.test.ShoppingCartNavigationWidgetTest" class="method navigator-link" hash-for-method="shoppingCartWidget_Contains_AddedItems">shoppingCartWidget_Contains_AddedItems</a> <!-- method navigator-link -->
                      </span>
                      <br/>
                    </div> <!-- method-list-content failed suite-Suite -->
                  </li>
                  <li>
                    <span class="method-list-title skipped">Skipped methods</span>
                    <span class="show-or-hide-methods skipped">
                      <a href="#" panel-name="suite-Suite" class="hide-methods skipped suite-Suite"> (hide)</a> <!-- hide-methods skipped suite-Suite -->
                      <a href="#" panel-name="suite-Suite" class="show-methods skipped suite-Suite"> (show)</a> <!-- show-methods skipped suite-Suite -->
                    </span>
                    <div class="method-list-content skipped suite-Suite">
                      <span>
                        <img src="skipped.png" width="3%"/>
                        <a href="#" panel-name="suite-Suite" title="com.challenge.test.ShoppingCartNavigationWidgetTest" class="method navigator-link" hash-for-method="itemsFromCategorySection_CanBeAddedToCart_Successfully">itemsFromCategorySection_CanBeAddedToCart_Successfully</a> <!-- method navigator-link -->
                      </span>
                      <br/>
                      <span>
                        <img src="skipped.png" width="3%"/>
                        <a href="#" panel-name="suite-Suite" title="com.challenge.test.ShoppingCartNavigationWidgetTest" class="method navigator-link" hash-for-method="itemsFromCategorySection_CanBeAddedToCart_Successfully">itemsFromCategorySection_CanBeAddedToCart_Successfully</a> <!-- method navigator-link -->
                      </span>
                      <br/>
                      <span>
                        <img src="skipped.png" width="3%"/>
                        <a href="#" panel-name="suite-Suite" title="com.challenge.test.ShoppingCartNavigationWidgetTest" class="method navigator-link" hash-for-method="itemsSearched_CanBeAddedToCart_Successfully">itemsSearched_CanBeAddedToCart_Successfully</a> <!-- method navigator-link -->
                      </span>
                      <br/>
                      <span>
                        <img src="skipped.png" width="3%"/>
                        <a href="#" panel-name="suite-Suite" title="com.challenge.test.ShoppingCartNavigationWidgetTest" class="method navigator-link" hash-for-method="itemsSearched_CanBeAddedToCart_Successfully">itemsSearched_CanBeAddedToCart_Successfully</a> <!-- method navigator-link -->
                      </span>
                      <br/>
                      <span>
                        <img src="skipped.png" width="3%"/>
                        <a href="#" panel-name="suite-Suite" title="com.challenge.test.ContactFormTest" class="method navigator-link" hash-for-method="messageAttachment_CanBeSentInForm_Successfully">messageAttachment_CanBeSentInForm_Successfully</a> <!-- method navigator-link -->
                      </span>
                      <br/>
                      <span>
                        <img src="skipped.png" width="3%"/>
                        <a href="#" panel-name="suite-Suite" title="com.challenge.test.ContactFormTest" class="method navigator-link" hash-for-method="messageAttachment_CanBeSentInForm_Successfully">messageAttachment_CanBeSentInForm_Successfully</a> <!-- method navigator-link -->
                      </span>
                      <br/>
                      <span>
                        <img src="skipped.png" width="3%"/>
                        <a href="#" panel-name="suite-Suite" title="com.challenge.test.ContactFormTest" class="method navigator-link" hash-for-method="pageValidates_AllFormsFields_CannotBeBlank">pageValidates_AllFormsFields_CannotBeBlank</a> <!-- method navigator-link -->
                      </span>
                      <br/>
                      <span>
                        <img src="skipped.png" width="3%"/>
                        <a href="#" panel-name="suite-Suite" title="com.challenge.test.ContactFormTest" class="method navigator-link" hash-for-method="pageValidates_AllFormsFields_CannotBeBlank">pageValidates_AllFormsFields_CannotBeBlank</a> <!-- method navigator-link -->
                      </span>
                      <br/>
                      <span>
                        <img src="skipped.png" width="3%"/>
                        <a href="#" panel-name="suite-Suite" title="com.challenge.test.ContactFormTest" class="method navigator-link" hash-for-method="pageValidates_FormFieldEmail_CannotBeBlank">pageValidates_FormFieldEmail_CannotBeBlank</a> <!-- method navigator-link -->
                      </span>
                      <br/>
                      <span>
                        <img src="skipped.png" width="3%"/>
                        <a href="#" panel-name="suite-Suite" title="com.challenge.test.ContactFormTest" class="method navigator-link" hash-for-method="pageValidates_FormFieldEmail_CannotBeBlank">pageValidates_FormFieldEmail_CannotBeBlank</a> <!-- method navigator-link -->
                      </span>
                      <br/>
                      <span>
                        <img src="skipped.png" width="3%"/>
                        <a href="#" panel-name="suite-Suite" title="com.challenge.test.ContactFormTest" class="method navigator-link" hash-for-method="pageValidates_FormFieldEmail_MustFollowRightFormat">pageValidates_FormFieldEmail_MustFollowRightFormat</a> <!-- method navigator-link -->
                      </span>
                      <br/>
                      <span>
                        <img src="skipped.png" width="3%"/>
                        <a href="#" panel-name="suite-Suite" title="com.challenge.test.ContactFormTest" class="method navigator-link" hash-for-method="pageValidates_FormFieldEmail_MustFollowRightFormat">pageValidates_FormFieldEmail_MustFollowRightFormat</a> <!-- method navigator-link -->
                      </span>
                      <br/>
                      <span>
                        <img src="skipped.png" width="3%"/>
                        <a href="#" panel-name="suite-Suite" title="com.challenge.test.ContactFormTest" class="method navigator-link" hash-for-method="pageValidates_FormFieldMessage_CannotBeBlank">pageValidates_FormFieldMessage_CannotBeBlank</a> <!-- method navigator-link -->
                      </span>
                      <br/>
                      <span>
                        <img src="skipped.png" width="3%"/>
                        <a href="#" panel-name="suite-Suite" title="com.challenge.test.ContactFormTest" class="method navigator-link" hash-for-method="pageValidates_FormFieldMessage_CannotBeBlank">pageValidates_FormFieldMessage_CannotBeBlank</a> <!-- method navigator-link -->
                      </span>
                      <br/>
                      <span>
                        <img src="skipped.png" width="3%"/>
                        <a href="#" panel-name="suite-Suite" title="com.challenge.test.ContactFormTest" class="method navigator-link" hash-for-method="pageValidates_FormFieldSubject_CannotBeBlank">pageValidates_FormFieldSubject_CannotBeBlank</a> <!-- method navigator-link -->
                      </span>
                      <br/>
                      <span>
                        <img src="skipped.png" width="3%"/>
                        <a href="#" panel-name="suite-Suite" title="com.challenge.test.ContactFormTest" class="method navigator-link" hash-for-method="pageValidates_FormFieldSubject_CannotBeBlank">pageValidates_FormFieldSubject_CannotBeBlank</a> <!-- method navigator-link -->
                      </span>
                      <br/>
                      <span>
                        <img src="skipped.png" width="3%"/>
                        <a href="#" panel-name="suite-Suite" title="com.challenge.test.SearchTest" class="method navigator-link" hash-for-method="search_ExistingProduct_ShowResult">search_ExistingProduct_ShowResult</a> <!-- method navigator-link -->
                      </span>
                      <br/>
                      <span>
                        <img src="skipped.png" width="3%"/>
                        <a href="#" panel-name="suite-Suite" title="com.challenge.test.SearchTest" class="method navigator-link" hash-for-method="search_ExistingProduct_ShowResult">search_ExistingProduct_ShowResult</a> <!-- method navigator-link -->
                      </span>
                      <br/>
                      <span>
                        <img src="skipped.png" width="3%"/>
                        <a href="#" panel-name="suite-Suite" title="com.challenge.test.SearchTest" class="method navigator-link" hash-for-method="search_ExistingProduct_ShowResult">search_ExistingProduct_ShowResult</a> <!-- method navigator-link -->
                      </span>
                      <br/>
                      <span>
                        <img src="skipped.png" width="3%"/>
                        <a href="#" panel-name="suite-Suite" title="com.challenge.test.SearchTest" class="method navigator-link" hash-for-method="search_unexistingProduct_ShowNoResult(UNXPRODUCT#1TEST)">search_unexistingProduct_ShowNoResult(UNXPRODUCT#1TEST)</a> <!-- method navigator-link -->
                      </span>
                      <br/>
                      <span>
                        <img src="skipped.png" width="3%"/>
                        <a href="#" panel-name="suite-Suite" title="com.challenge.test.SearchTest" class="method navigator-link" hash-for-method="search_unexistingProduct_ShowNoResult(UNXPRODUCT#1TEST)">search_unexistingProduct_ShowNoResult(UNXPRODUCT#1TEST)</a> <!-- method navigator-link -->
                      </span>
                      <br/>
                      <span>
                        <img src="skipped.png" width="3%"/>
                        <a href="#" panel-name="suite-Suite" title="com.challenge.test.ShoppingCartNavigationWidgetTest" class="method navigator-link" hash-for-method="shoppingCartWidgetCheckOutBtn_RedirectToShoppingCartPage_Successfully">shoppingCartWidgetCheckOutBtn_RedirectToShoppingCartPage_Successfully</a> <!-- method navigator-link -->
                      </span>
                      <br/>
                      <span>
                        <img src="skipped.png" width="3%"/>
                        <a href="#" panel-name="suite-Suite" title="com.challenge.test.ShoppingCartNavigationWidgetTest" class="method navigator-link" hash-for-method="shoppingCartWidgetCheckOutBtn_RedirectToShoppingCartPage_Successfully">shoppingCartWidgetCheckOutBtn_RedirectToShoppingCartPage_Successfully</a> <!-- method navigator-link -->
                      </span>
                      <br/>
                      <span>
                        <img src="skipped.png" width="3%"/>
                        <a href="#" panel-name="suite-Suite" title="com.challenge.test.ShoppingCartNavigationWidgetTest" class="method navigator-link" hash-for-method="shoppingCartWidgetItems_CanBeDeleted_Successfully">shoppingCartWidgetItems_CanBeDeleted_Successfully</a> <!-- method navigator-link -->
                      </span>
                      <br/>
                      <span>
                        <img src="skipped.png" width="3%"/>
                        <a href="#" panel-name="suite-Suite" title="com.challenge.test.ShoppingCartNavigationWidgetTest" class="method navigator-link" hash-for-method="shoppingCartWidgetItems_CanBeDeleted_Successfully">shoppingCartWidgetItems_CanBeDeleted_Successfully</a> <!-- method navigator-link -->
                      </span>
                      <br/>
                      <span>
                        <img src="skipped.png" width="3%"/>
                        <a href="#" panel-name="suite-Suite" title="com.challenge.test.ShoppingCartNavigationWidgetTest" class="method navigator-link" hash-for-method="shoppingCartWidget_Contains_AddedItems">shoppingCartWidget_Contains_AddedItems</a> <!-- method navigator-link -->
                      </span>
                      <br/>
                      <span>
                        <img src="skipped.png" width="3%"/>
                        <a href="#" panel-name="suite-Suite" title="com.challenge.test.ShoppingCartNavigationWidgetTest" class="method navigator-link" hash-for-method="shoppingCartWidget_Contains_AddedItems">shoppingCartWidget_Contains_AddedItems</a> <!-- method navigator-link -->
                      </span>
                      <br/>
                    </div> <!-- method-list-content skipped suite-Suite -->
                  </li>
                  <li>
                    <span class="method-list-title passed">Passed methods</span>
                    <span class="show-or-hide-methods passed">
                      <a href="#" panel-name="suite-Suite" class="hide-methods passed suite-Suite"> (hide)</a> <!-- hide-methods passed suite-Suite -->
                      <a href="#" panel-name="suite-Suite" class="show-methods passed suite-Suite"> (show)</a> <!-- show-methods passed suite-Suite -->
                    </span>
                    <div class="method-list-content passed suite-Suite">
                      <span>
                        <img src="passed.png" width="3%"/>
                        <a href="#" panel-name="suite-Suite" title="com.challenge.test.ContactFormTest" class="method navigator-link" hash-for-method="pageValidates_AllFormsFields_CannotBeBlank">pageValidates_AllFormsFields_CannotBeBlank</a> <!-- method navigator-link -->
                      </span>
                      <br/>
                      <span>
                        <img src="passed.png" width="3%"/>
                        <a href="#" panel-name="suite-Suite" title="com.challenge.test.ContactFormTest" class="method navigator-link" hash-for-method="pageValidates_FormFieldEmail_CannotBeBlank">pageValidates_FormFieldEmail_CannotBeBlank</a> <!-- method navigator-link -->
                      </span>
                      <br/>
                      <span>
                        <img src="passed.png" width="3%"/>
                        <a href="#" panel-name="suite-Suite" title="com.challenge.test.ContactFormTest" class="method navigator-link" hash-for-method="pageValidates_FormFieldEmail_MustFollowRightFormat">pageValidates_FormFieldEmail_MustFollowRightFormat</a> <!-- method navigator-link -->
                      </span>
                      <br/>
                      <span>
                        <img src="passed.png" width="3%"/>
                        <a href="#" panel-name="suite-Suite" title="com.challenge.test.SearchTest" class="method navigator-link" hash-for-method="search_ExistingProduct_ShowResult(Blouse)">search_ExistingProduct_ShowResult(Blouse)</a> <!-- method navigator-link -->
                      </span>
                      <br/>
                      <span>
                        <img src="passed.png" width="3%"/>
                        <a href="#" panel-name="suite-Suite" title="com.challenge.test.SearchTest" class="method navigator-link" hash-for-method="search_ExistingProduct_ShowResult(Printed Summer Dress)">search_ExistingProduct_ShowResult(Printed Summer Dress)</a> <!-- method navigator-link -->
                      </span>
                      <br/>
                      <span>
                        <img src="passed.png" width="3%"/>
                        <a href="#" panel-name="suite-Suite" title="com.challenge.test.SearchTest" class="method navigator-link" hash-for-method="search_ExistingProduct_ShowResult(Printed Dress)">search_ExistingProduct_ShowResult(Printed Dress)</a> <!-- method navigator-link -->
                      </span>
                      <br/>
                      <span>
                        <img src="passed.png" width="3%"/>
                        <a href="#" panel-name="suite-Suite" title="com.challenge.test.SearchTest" class="method navigator-link" hash-for-method="search_ExistingProduct_ShowResult(Printed Chiffon Dress)">search_ExistingProduct_ShowResult(Printed Chiffon Dress)</a> <!-- method navigator-link -->
                      </span>
                      <br/>
                      <span>
                        <img src="passed.png" width="3%"/>
                        <a href="#" panel-name="suite-Suite" title="com.challenge.test.SearchTest" class="method navigator-link" hash-for-method="search_ExistingProduct_ShowResult(Faded Short Sleeve T-shirts)">search_ExistingProduct_ShowResult(Faded Short Sleeve T-shirts)</a> <!-- method navigator-link -->
                      </span>
                      <br/>
                      <span>
                        <img src="passed.png" width="3%"/>
                        <a href="#" panel-name="suite-Suite" title="com.challenge.test.SearchTest" class="method navigator-link" hash-for-method="search_ExistingProduct_ShowResult(Printed Dress)">search_ExistingProduct_ShowResult(Printed Dress)</a> <!-- method navigator-link -->
                      </span>
                      <br/>
                      <span>
                        <img src="passed.png" width="3%"/>
                        <a href="#" panel-name="suite-Suite" title="com.challenge.test.SearchTest" class="method navigator-link" hash-for-method="search_ExistingProduct_ShowResult(Printed Summer Dress)">search_ExistingProduct_ShowResult(Printed Summer Dress)</a> <!-- method navigator-link -->
                      </span>
                      <br/>
                      <span>
                        <img src="passed.png" width="3%"/>
                        <a href="#" panel-name="suite-Suite" title="com.challenge.test.SearchTest" class="method navigator-link" hash-for-method="search_unexistingProduct_ShowNoResult(UNXPRODUCT#1TEST)">search_unexistingProduct_ShowNoResult(UNXPRODUCT#1TEST)</a> <!-- method navigator-link -->
                      </span>
                      <br/>
                    </div> <!-- method-list-content passed suite-Suite -->
                  </li>
                </ul>
              </div> <!-- suite-section-content -->
            </div> <!-- result-section -->
          </div> <!-- navigator-suite-content -->
        </div> <!-- rounded-window -->
      </div> <!-- suite -->
    </div> <!-- navigator-root -->
    <div class="wrapper">
      <div class="main-panel-root">
        <div panel-name="suite-Suite" class="panel Suite">
          <div class="suite-Suite-class-failed">
            <div class="main-panel-header rounded-window-top">
              <img src="failed.png"/>
              <span class="class-name">com.challenge.test.SearchTest</span>
            </div> <!-- main-panel-header rounded-window-top -->
            <div class="main-panel-content rounded-window-bottom">
              <div class="method">
                <div class="method-content">
                  <a name="search_unexistingProduct_ShowNoResult(UNXPRODUCT#1TEST)">
                  </a> <!-- search_unexistingProduct_ShowNoResult(UNXPRODUCT#1TEST) -->
                  <span class="method-name">search_unexistingProduct_ShowNoResult</span>
                  <span class="parameters">(UNXPRODUCT#1TEST)</span>
                  <div class="stack-trace">java.lang.AssertionError: expected [false] but found [true]
	at com.challenge.test.SearchTest.search_unexistingProduct_ShowNoResult(SearchTest.java:70)
	at java.base/java.util.ArrayList.forEach(ArrayList.java:1511)
... Removed 31 stack frames
</div> <!-- stack-trace -->
                </div> <!-- method-content -->
              </div> <!-- method -->
            </div> <!-- main-panel-content rounded-window-bottom -->
          </div> <!-- suite-Suite-class-failed -->
          <div class="suite-Suite-class-failed">
            <div class="main-panel-header rounded-window-top">
              <img src="failed.png"/>
              <span class="class-name">com.challenge.test.ContactFormTest</span>
            </div> <!-- main-panel-header rounded-window-top -->
            <div class="main-panel-content rounded-window-bottom">
              <div class="method">
                <div class="method-content">
                  <a name="messageAttachment_CanBeSentInForm_Successfully">
                  </a> <!-- messageAttachment_CanBeSentInForm_Successfully -->
                  <span class="method-name">messageAttachment_CanBeSentInForm_Successfully</span>
                  <div class="stack-trace">org.openqa.selenium.NoSuchWindowException: no such window: target window already closed
from unknown error: web view not found
  (Session info: chrome=92.0.4515.159)
Build info: version: &apos;3.141.59&apos;, revision: &apos;e82be7d358&apos;, time: &apos;2018-11-14T08:17:03&apos;
System info: host: &apos;Jorges-MacBook-Pro.local&apos;, ip: &apos;192.168.43.13&apos;, os.name: &apos;Mac OS X&apos;, os.arch: &apos;x86_64&apos;, os.version: &apos;10.15.7&apos;, java.version: &apos;16.0.2&apos;
Driver info: org.openqa.selenium.chrome.ChromeDriver
Capabilities {acceptInsecureCerts: false, browserName: chrome, browserVersion: 92.0.4515.159, chrome: {chromedriverVersion: 92.0.4515.43 (8c61b7e2989f2..., userDataDir: /var/folders/s9/537dvcg543b...}, goog:chromeOptions: {debuggerAddress: localhost:60332}, javascriptEnabled: true, networkConnectionEnabled: false, pageLoadStrategy: normal, platform: MAC, platformName: MAC, proxy: Proxy(), setWindowRect: true, strictFileInteractability: false, timeouts: {implicit: 0, pageLoad: 300000, script: 30000}, unhandledPromptBehavior: dismiss and notify, webauthn:extension:credBlob: true, webauthn:extension:largeBlob: true, webauthn:virtualAuthenticators: true}
Session ID: d0ba6adb9d9bcca09ff2e465c413c651
	at org.openqa.selenium.remote.http.W3CHttpResponseCodec.createException(W3CHttpResponseCodec.java:187)
	at org.openqa.selenium.remote.http.W3CHttpResponseCodec.decode(W3CHttpResponseCodec.java:122)
	at org.openqa.selenium.remote.http.W3CHttpResponseCodec.decode(W3CHttpResponseCodec.java:49)
	at org.openqa.selenium.remote.HttpCommandExecutor.execute(HttpCommandExecutor.java:158)
	at org.openqa.selenium.remote.service.DriverCommandExecutor.execute(DriverCommandExecutor.java:83)
	at org.openqa.selenium.remote.RemoteWebDriver.execute(RemoteWebDriver.java:552)
	at org.openqa.selenium.remote.RemoteWebDriver.get(RemoteWebDriver.java:277)
	at com.challenge.pom.Base.get(Base.java:112)
	at com.challenge.pom.ContactPage.visitPage(ContactPage.java:93)
	at com.challenge.test.ContactFormTest.messageAttachment_CanBeSentInForm_Successfully(ContactFormTest.java:92)
	at java.base/java.util.ArrayList.forEach(ArrayList.java:1511)
... Removed 31 stack frames
</div> <!-- stack-trace -->
                </div> <!-- method-content -->
              </div> <!-- method -->
              <div class="method">
                <div class="method-content">
                  <a name="messageAttachment_CanBeSentInForm_Successfully">
                  </a> <!-- messageAttachment_CanBeSentInForm_Successfully -->
                  <span class="method-name">messageAttachment_CanBeSentInForm_Successfully</span>
                  <div class="stack-trace">org.openqa.selenium.NoSuchWindowException: Browsing context has been discarded
Build info: version: &apos;3.141.59&apos;, revision: &apos;e82be7d358&apos;, time: &apos;2018-11-14T08:17:03&apos;
System info: host: &apos;Jorges-MacBook-Pro.local&apos;, ip: &apos;192.168.43.13&apos;, os.name: &apos;Mac OS X&apos;, os.arch: &apos;x86_64&apos;, os.version: &apos;10.15.7&apos;, java.version: &apos;16.0.2&apos;
Driver info: org.openqa.selenium.firefox.FirefoxDriver
Capabilities {acceptInsecureCerts: true, browserName: firefox, browserVersion: 91.0.2, javascriptEnabled: true, moz:accessibilityChecks: false, moz:buildID: 20210823123856, moz:geckodriverVersion: 0.29.1, moz:headless: false, moz:processID: 26965, moz:profile: /var/folders/s9/537dvcg543b..., moz:shutdownTimeout: 60000, moz:useNonSpecCompliantPointerOrigin: false, moz:webdriverClick: true, pageLoadStrategy: normal, platform: MAC, platformName: MAC, platformVersion: 19.6.0, proxy: Proxy(), setWindowRect: true, strictFileInteractability: false, timeouts: {implicit: 0, pageLoad: 300000, script: 30000}, unhandledPromptBehavior: dismiss and notify}
Session ID: 6dff03b6-faeb-a543-8de9-ab46bb1f5384
	at org.openqa.selenium.remote.http.W3CHttpResponseCodec.createException(W3CHttpResponseCodec.java:187)
	at org.openqa.selenium.remote.http.W3CHttpResponseCodec.decode(W3CHttpResponseCodec.java:122)
	at org.openqa.selenium.remote.http.W3CHttpResponseCodec.decode(W3CHttpResponseCodec.java:49)
	at org.openqa.selenium.remote.HttpCommandExecutor.execute(HttpCommandExecutor.java:158)
	at org.openqa.selenium.remote.service.DriverCommandExecutor.execute(DriverCommandExecutor.java:83)
	at org.openqa.selenium.remote.RemoteWebDriver.execute(RemoteWebDriver.java:552)
	at org.openqa.selenium.remote.RemoteWebDriver.get(RemoteWebDriver.java:277)
	at com.challenge.pom.Base.get(Base.java:112)
	at com.challenge.pom.ContactPage.visitPage(ContactPage.java:93)
	at com.challenge.test.ContactFormTest.messageAttachment_CanBeSentInForm_Successfully(ContactFormTest.java:92)
	at java.base/java.util.ArrayList.forEach(ArrayList.java:1511)
... Removed 31 stack frames
</div> <!-- stack-trace -->
                </div> <!-- method-content -->
              </div> <!-- method -->
              <div class="method">
                <div class="method-content">
                  <a name="pageValidates_AllFormsFields_CannotBeBlank">
                  </a> <!-- pageValidates_AllFormsFields_CannotBeBlank -->
                  <span class="method-name">pageValidates_AllFormsFields_CannotBeBlank</span>
                  <div class="stack-trace">org.openqa.selenium.NoSuchWindowException: no such window: target window already closed
from unknown error: web view not found
  (Session info: chrome=92.0.4515.159)
Build info: version: &apos;3.141.59&apos;, revision: &apos;e82be7d358&apos;, time: &apos;2018-11-14T08:17:03&apos;
System info: host: &apos;Jorges-MacBook-Pro.local&apos;, ip: &apos;192.168.43.13&apos;, os.name: &apos;Mac OS X&apos;, os.arch: &apos;x86_64&apos;, os.version: &apos;10.15.7&apos;, java.version: &apos;16.0.2&apos;
Driver info: org.openqa.selenium.chrome.ChromeDriver
Capabilities {acceptInsecureCerts: false, browserName: chrome, browserVersion: 92.0.4515.159, chrome: {chromedriverVersion: 92.0.4515.43 (8c61b7e2989f2..., userDataDir: /var/folders/s9/537dvcg543b...}, goog:chromeOptions: {debuggerAddress: localhost:60332}, javascriptEnabled: true, networkConnectionEnabled: false, pageLoadStrategy: normal, platform: MAC, platformName: MAC, proxy: Proxy(), setWindowRect: true, strictFileInteractability: false, timeouts: {implicit: 0, pageLoad: 300000, script: 30000}, unhandledPromptBehavior: dismiss and notify, webauthn:extension:credBlob: true, webauthn:extension:largeBlob: true, webauthn:virtualAuthenticators: true}
Session ID: d0ba6adb9d9bcca09ff2e465c413c651
	at org.openqa.selenium.remote.http.W3CHttpResponseCodec.createException(W3CHttpResponseCodec.java:187)
	at org.openqa.selenium.remote.http.W3CHttpResponseCodec.decode(W3CHttpResponseCodec.java:122)
	at org.openqa.selenium.remote.http.W3CHttpResponseCodec.decode(W3CHttpResponseCodec.java:49)
	at org.openqa.selenium.remote.HttpCommandExecutor.execute(HttpCommandExecutor.java:158)
	at org.openqa.selenium.remote.service.DriverCommandExecutor.execute(DriverCommandExecutor.java:83)
	at org.openqa.selenium.remote.RemoteWebDriver.execute(RemoteWebDriver.java:552)
	at org.openqa.selenium.remote.RemoteWebDriver.get(RemoteWebDriver.java:277)
	at com.challenge.pom.Base.get(Base.java:112)
	at com.challenge.pom.ContactPage.visitPage(ContactPage.java:93)
	at com.challenge.test.ContactFormTest.pageValidates_AllFormsFields_CannotBeBlank(ContactFormTest.java:32)
	at java.base/java.util.ArrayList.forEach(ArrayList.java:1511)
... Removed 31 stack frames
</div> <!-- stack-trace -->
                </div> <!-- method-content -->
              </div> <!-- method -->
              <div class="method">
                <div class="method-content">
                  <a name="pageValidates_FormFieldEmail_CannotBeBlank">
                  </a> <!-- pageValidates_FormFieldEmail_CannotBeBlank -->
                  <span class="method-name">pageValidates_FormFieldEmail_CannotBeBlank</span>
                  <div class="stack-trace">org.openqa.selenium.NoSuchWindowException: no such window: target window already closed
from unknown error: web view not found
  (Session info: chrome=92.0.4515.159)
Build info: version: &apos;3.141.59&apos;, revision: &apos;e82be7d358&apos;, time: &apos;2018-11-14T08:17:03&apos;
System info: host: &apos;Jorges-MacBook-Pro.local&apos;, ip: &apos;192.168.43.13&apos;, os.name: &apos;Mac OS X&apos;, os.arch: &apos;x86_64&apos;, os.version: &apos;10.15.7&apos;, java.version: &apos;16.0.2&apos;
Driver info: org.openqa.selenium.chrome.ChromeDriver
Capabilities {acceptInsecureCerts: false, browserName: chrome, browserVersion: 92.0.4515.159, chrome: {chromedriverVersion: 92.0.4515.43 (8c61b7e2989f2..., userDataDir: /var/folders/s9/537dvcg543b...}, goog:chromeOptions: {debuggerAddress: localhost:60332}, javascriptEnabled: true, networkConnectionEnabled: false, pageLoadStrategy: normal, platform: MAC, platformName: MAC, proxy: Proxy(), setWindowRect: true, strictFileInteractability: false, timeouts: {implicit: 0, pageLoad: 300000, script: 30000}, unhandledPromptBehavior: dismiss and notify, webauthn:extension:credBlob: true, webauthn:extension:largeBlob: true, webauthn:virtualAuthenticators: true}
Session ID: d0ba6adb9d9bcca09ff2e465c413c651
	at org.openqa.selenium.remote.http.W3CHttpResponseCodec.createException(W3CHttpResponseCodec.java:187)
	at org.openqa.selenium.remote.http.W3CHttpResponseCodec.decode(W3CHttpResponseCodec.java:122)
	at org.openqa.selenium.remote.http.W3CHttpResponseCodec.decode(W3CHttpResponseCodec.java:49)
	at org.openqa.selenium.remote.HttpCommandExecutor.execute(HttpCommandExecutor.java:158)
	at org.openqa.selenium.remote.service.DriverCommandExecutor.execute(DriverCommandExecutor.java:83)
	at org.openqa.selenium.remote.RemoteWebDriver.execute(RemoteWebDriver.java:552)
	at org.openqa.selenium.remote.RemoteWebDriver.get(RemoteWebDriver.java:277)
	at com.challenge.pom.Base.get(Base.java:112)
	at com.challenge.pom.ContactPage.visitPage(ContactPage.java:93)
	at com.challenge.test.ContactFormTest.pageValidates_FormFieldEmail_CannotBeBlank(ContactFormTest.java:56)
	at java.base/java.util.ArrayList.forEach(ArrayList.java:1511)
... Removed 31 stack frames
</div> <!-- stack-trace -->
                </div> <!-- method-content -->
              </div> <!-- method -->
              <div class="method">
                <div class="method-content">
                  <a name="pageValidates_FormFieldEmail_MustFollowRightFormat">
                  </a> <!-- pageValidates_FormFieldEmail_MustFollowRightFormat -->
                  <span class="method-name">pageValidates_FormFieldEmail_MustFollowRightFormat</span>
                  <div class="stack-trace">org.openqa.selenium.NoSuchWindowException: no such window: target window already closed
from unknown error: web view not found
  (Session info: chrome=92.0.4515.159)
Build info: version: &apos;3.141.59&apos;, revision: &apos;e82be7d358&apos;, time: &apos;2018-11-14T08:17:03&apos;
System info: host: &apos;Jorges-MacBook-Pro.local&apos;, ip: &apos;192.168.43.13&apos;, os.name: &apos;Mac OS X&apos;, os.arch: &apos;x86_64&apos;, os.version: &apos;10.15.7&apos;, java.version: &apos;16.0.2&apos;
Driver info: org.openqa.selenium.chrome.ChromeDriver
Capabilities {acceptInsecureCerts: false, browserName: chrome, browserVersion: 92.0.4515.159, chrome: {chromedriverVersion: 92.0.4515.43 (8c61b7e2989f2..., userDataDir: /var/folders/s9/537dvcg543b...}, goog:chromeOptions: {debuggerAddress: localhost:60332}, javascriptEnabled: true, networkConnectionEnabled: false, pageLoadStrategy: normal, platform: MAC, platformName: MAC, proxy: Proxy(), setWindowRect: true, strictFileInteractability: false, timeouts: {implicit: 0, pageLoad: 300000, script: 30000}, unhandledPromptBehavior: dismiss and notify, webauthn:extension:credBlob: true, webauthn:extension:largeBlob: true, webauthn:virtualAuthenticators: true}
Session ID: d0ba6adb9d9bcca09ff2e465c413c651
	at org.openqa.selenium.remote.http.W3CHttpResponseCodec.createException(W3CHttpResponseCodec.java:187)
	at org.openqa.selenium.remote.http.W3CHttpResponseCodec.decode(W3CHttpResponseCodec.java:122)
	at org.openqa.selenium.remote.http.W3CHttpResponseCodec.decode(W3CHttpResponseCodec.java:49)
	at org.openqa.selenium.remote.HttpCommandExecutor.execute(HttpCommandExecutor.java:158)
	at org.openqa.selenium.remote.service.DriverCommandExecutor.execute(DriverCommandExecutor.java:83)
	at org.openqa.selenium.remote.RemoteWebDriver.execute(RemoteWebDriver.java:552)
	at org.openqa.selenium.remote.RemoteWebDriver.get(RemoteWebDriver.java:277)
	at com.challenge.pom.Base.get(Base.java:112)
	at com.challenge.pom.ContactPage.visitPage(ContactPage.java:93)
	at com.challenge.test.ContactFormTest.pageValidates_FormFieldEmail_MustFollowRightFormat(ContactFormTest.java:69)
	at java.base/java.util.ArrayList.forEach(ArrayList.java:1511)
... Removed 31 stack frames
</div> <!-- stack-trace -->
                </div> <!-- method-content -->
              </div> <!-- method -->
              <div class="method">
                <div class="method-content">
                  <a name="pageValidates_FormFieldMessage_CannotBeBlank">
                  </a> <!-- pageValidates_FormFieldMessage_CannotBeBlank -->
                  <span class="method-name">pageValidates_FormFieldMessage_CannotBeBlank</span>
                  <div class="stack-trace">org.openqa.selenium.NoSuchWindowException: no such window: target window already closed
from unknown error: web view not found
  (Session info: chrome=92.0.4515.159)
Build info: version: &apos;3.141.59&apos;, revision: &apos;e82be7d358&apos;, time: &apos;2018-11-14T08:17:03&apos;
System info: host: &apos;Jorges-MacBook-Pro.local&apos;, ip: &apos;192.168.43.13&apos;, os.name: &apos;Mac OS X&apos;, os.arch: &apos;x86_64&apos;, os.version: &apos;10.15.7&apos;, java.version: &apos;16.0.2&apos;
Driver info: org.openqa.selenium.chrome.ChromeDriver
Capabilities {acceptInsecureCerts: false, browserName: chrome, browserVersion: 92.0.4515.159, chrome: {chromedriverVersion: 92.0.4515.43 (8c61b7e2989f2..., userDataDir: /var/folders/s9/537dvcg543b...}, goog:chromeOptions: {debuggerAddress: localhost:60332}, javascriptEnabled: true, networkConnectionEnabled: false, pageLoadStrategy: normal, platform: MAC, platformName: MAC, proxy: Proxy(), setWindowRect: true, strictFileInteractability: false, timeouts: {implicit: 0, pageLoad: 300000, script: 30000}, unhandledPromptBehavior: dismiss and notify, webauthn:extension:credBlob: true, webauthn:extension:largeBlob: true, webauthn:virtualAuthenticators: true}
Session ID: d0ba6adb9d9bcca09ff2e465c413c651
	at org.openqa.selenium.remote.http.W3CHttpResponseCodec.createException(W3CHttpResponseCodec.java:187)
	at org.openqa.selenium.remote.http.W3CHttpResponseCodec.decode(W3CHttpResponseCodec.java:122)
	at org.openqa.selenium.remote.http.W3CHttpResponseCodec.decode(W3CHttpResponseCodec.java:49)
	at org.openqa.selenium.remote.HttpCommandExecutor.execute(HttpCommandExecutor.java:158)
	at org.openqa.selenium.remote.service.DriverCommandExecutor.execute(DriverCommandExecutor.java:83)
	at org.openqa.selenium.remote.RemoteWebDriver.execute(RemoteWebDriver.java:552)
	at org.openqa.selenium.remote.RemoteWebDriver.get(RemoteWebDriver.java:277)
	at com.challenge.pom.Base.get(Base.java:112)
	at com.challenge.pom.ContactPage.visitPage(ContactPage.java:93)
	at com.challenge.test.ContactFormTest.pageValidates_FormFieldMessage_CannotBeBlank(ContactFormTest.java:43)
	at java.base/java.util.ArrayList.forEach(ArrayList.java:1511)
... Removed 31 stack frames
</div> <!-- stack-trace -->
                </div> <!-- method-content -->
              </div> <!-- method -->
              <div class="method">
                <div class="method-content">
                  <a name="pageValidates_FormFieldMessage_CannotBeBlank">
                  </a> <!-- pageValidates_FormFieldMessage_CannotBeBlank -->
                  <span class="method-name">pageValidates_FormFieldMessage_CannotBeBlank</span>
                  <div class="stack-trace">org.openqa.selenium.TimeoutException: Expected condition failed: waiting for presence of any elements located by By.cssSelector: div.alert.alert-danger (tried for 10 second(s) with 500 milliseconds interval)
Build info: version: &apos;3.141.59&apos;, revision: &apos;e82be7d358&apos;, time: &apos;2018-11-14T08:17:03&apos;
System info: host: &apos;Jorges-MacBook-Pro.local&apos;, ip: &apos;192.168.43.13&apos;, os.name: &apos;Mac OS X&apos;, os.arch: &apos;x86_64&apos;, os.version: &apos;10.15.7&apos;, java.version: &apos;16.0.2&apos;
Driver info: org.openqa.selenium.firefox.FirefoxDriver
Capabilities {acceptInsecureCerts: true, browserName: firefox, browserVersion: 91.0.2, javascriptEnabled: true, moz:accessibilityChecks: false, moz:buildID: 20210823123856, moz:geckodriverVersion: 0.29.1, moz:headless: false, moz:processID: 26965, moz:profile: /var/folders/s9/537dvcg543b..., moz:shutdownTimeout: 60000, moz:useNonSpecCompliantPointerOrigin: false, moz:webdriverClick: true, pageLoadStrategy: normal, platform: MAC, platformName: MAC, platformVersion: 19.6.0, proxy: Proxy(), setWindowRect: true, strictFileInteractability: false, timeouts: {implicit: 0, pageLoad: 300000, script: 30000}, unhandledPromptBehavior: dismiss and notify}
Session ID: 6dff03b6-faeb-a543-8de9-ab46bb1f5384
	at org.openqa.selenium.support.ui.WebDriverWait.timeoutException(WebDriverWait.java:95)
	at org.openqa.selenium.support.ui.FluentWait.until(FluentWait.java:272)
	at com.challenge.pom.Base.waitForPresenceOf(Base.java:147)
	at com.challenge.pom.ContactPage.isErrorOnSubmit(ContactPage.java:81)
	at com.challenge.test.ContactFormTest.pageValidates_FormFieldMessage_CannotBeBlank(ContactFormTest.java:50)
	at java.base/java.util.ArrayList.forEach(ArrayList.java:1511)
... Removed 27 stack frames
</div> <!-- stack-trace -->
                </div> <!-- method-content -->
              </div> <!-- method -->
              <div class="method">
                <div class="method-content">
                  <a name="pageValidates_FormFieldSubject_CannotBeBlank">
                  </a> <!-- pageValidates_FormFieldSubject_CannotBeBlank -->
                  <span class="method-name">pageValidates_FormFieldSubject_CannotBeBlank</span>
                  <div class="stack-trace">org.openqa.selenium.NoSuchWindowException: no such window: target window already closed
from unknown error: web view not found
  (Session info: chrome=92.0.4515.159)
Build info: version: &apos;3.141.59&apos;, revision: &apos;e82be7d358&apos;, time: &apos;2018-11-14T08:17:03&apos;
System info: host: &apos;Jorges-MacBook-Pro.local&apos;, ip: &apos;192.168.43.13&apos;, os.name: &apos;Mac OS X&apos;, os.arch: &apos;x86_64&apos;, os.version: &apos;10.15.7&apos;, java.version: &apos;16.0.2&apos;
Driver info: org.openqa.selenium.chrome.ChromeDriver
Capabilities {acceptInsecureCerts: false, browserName: chrome, browserVersion: 92.0.4515.159, chrome: {chromedriverVersion: 92.0.4515.43 (8c61b7e2989f2..., userDataDir: /var/folders/s9/537dvcg543b...}, goog:chromeOptions: {debuggerAddress: localhost:60332}, javascriptEnabled: true, networkConnectionEnabled: false, pageLoadStrategy: normal, platform: MAC, platformName: MAC, proxy: Proxy(), setWindowRect: true, strictFileInteractability: false, timeouts: {implicit: 0, pageLoad: 300000, script: 30000}, unhandledPromptBehavior: dismiss and notify, webauthn:extension:credBlob: true, webauthn:extension:largeBlob: true, webauthn:virtualAuthenticators: true}
Session ID: d0ba6adb9d9bcca09ff2e465c413c651
	at org.openqa.selenium.remote.http.W3CHttpResponseCodec.createException(W3CHttpResponseCodec.java:187)
	at org.openqa.selenium.remote.http.W3CHttpResponseCodec.decode(W3CHttpResponseCodec.java:122)
	at org.openqa.selenium.remote.http.W3CHttpResponseCodec.decode(W3CHttpResponseCodec.java:49)
	at org.openqa.selenium.remote.HttpCommandExecutor.execute(HttpCommandExecutor.java:158)
	at org.openqa.selenium.remote.service.DriverCommandExecutor.execute(DriverCommandExecutor.java:83)
	at org.openqa.selenium.remote.RemoteWebDriver.execute(RemoteWebDriver.java:552)
	at org.openqa.selenium.remote.RemoteWebDriver.get(RemoteWebDriver.java:277)
	at com.challenge.pom.Base.get(Base.java:112)
	at com.challenge.pom.ContactPage.visitPage(ContactPage.java:93)
	at com.challenge.test.ContactFormTest.pageValidates_FormFieldSubject_CannotBeBlank(ContactFormTest.java:81)
	at java.base/java.util.ArrayList.forEach(ArrayList.java:1511)
... Removed 31 stack frames
</div> <!-- stack-trace -->
                </div> <!-- method-content -->
              </div> <!-- method -->
              <div class="method">
                <div class="method-content">
                  <a name="pageValidates_FormFieldSubject_CannotBeBlank">
                  </a> <!-- pageValidates_FormFieldSubject_CannotBeBlank -->
                  <span class="method-name">pageValidates_FormFieldSubject_CannotBeBlank</span>
                  <div class="stack-trace">org.openqa.selenium.NoSuchWindowException: Browsing context has been discarded
Build info: version: &apos;3.141.59&apos;, revision: &apos;e82be7d358&apos;, time: &apos;2018-11-14T08:17:03&apos;
System info: host: &apos;Jorges-MacBook-Pro.local&apos;, ip: &apos;192.168.43.13&apos;, os.name: &apos;Mac OS X&apos;, os.arch: &apos;x86_64&apos;, os.version: &apos;10.15.7&apos;, java.version: &apos;16.0.2&apos;
Driver info: org.openqa.selenium.firefox.FirefoxDriver
Capabilities {acceptInsecureCerts: true, browserName: firefox, browserVersion: 91.0.2, javascriptEnabled: true, moz:accessibilityChecks: false, moz:buildID: 20210823123856, moz:geckodriverVersion: 0.29.1, moz:headless: false, moz:processID: 26965, moz:profile: /var/folders/s9/537dvcg543b..., moz:shutdownTimeout: 60000, moz:useNonSpecCompliantPointerOrigin: false, moz:webdriverClick: true, pageLoadStrategy: normal, platform: MAC, platformName: MAC, platformVersion: 19.6.0, proxy: Proxy(), setWindowRect: true, strictFileInteractability: false, timeouts: {implicit: 0, pageLoad: 300000, script: 30000}, unhandledPromptBehavior: dismiss and notify}
Session ID: 6dff03b6-faeb-a543-8de9-ab46bb1f5384
*** Element info: {Using=css selector, value=div.columns-container}
	at org.openqa.selenium.remote.http.W3CHttpResponseCodec.createException(W3CHttpResponseCodec.java:187)
	at org.openqa.selenium.remote.http.W3CHttpResponseCodec.decode(W3CHttpResponseCodec.java:122)
	at org.openqa.selenium.remote.http.W3CHttpResponseCodec.decode(W3CHttpResponseCodec.java:49)
	at org.openqa.selenium.remote.HttpCommandExecutor.execute(HttpCommandExecutor.java:158)
	at org.openqa.selenium.remote.service.DriverCommandExecutor.execute(DriverCommandExecutor.java:83)
	at org.openqa.selenium.remote.RemoteWebDriver.execute(RemoteWebDriver.java:552)
	at org.openqa.selenium.remote.RemoteWebDriver.findElement(RemoteWebDriver.java:323)
	at org.openqa.selenium.remote.RemoteWebDriver.findElementByCssSelector(RemoteWebDriver.java:420)
	at org.openqa.selenium.By$ByCssSelector.findElement(By.java:431)
	at org.openqa.selenium.remote.RemoteWebDriver.findElement(RemoteWebDriver.java:315)
	at com.challenge.pom.Base.findElement(Base.java:55)
	at com.challenge.pom.ContactPage.scrollToForm(ContactPage.java:54)
	at com.challenge.test.ContactFormTest.pageValidates_FormFieldSubject_CannotBeBlank(ContactFormTest.java:82)
	at java.base/java.util.ArrayList.forEach(ArrayList.java:1511)
... Removed 31 stack frames
</div> <!-- stack-trace -->
                </div> <!-- method-content -->
              </div> <!-- method -->
            </div> <!-- main-panel-content rounded-window-bottom -->
          </div> <!-- suite-Suite-class-failed -->
          <div class="suite-Suite-class-failed">
            <div class="main-panel-header rounded-window-top">
              <img src="failed.png"/>
              <span class="class-name">com.challenge.test.ShoppingCartNavigationWidgetTest</span>
            </div> <!-- main-panel-header rounded-window-top -->
            <div class="main-panel-content rounded-window-bottom">
              <div class="method">
                <div class="method-content">
                  <a name="itemsFromCategorySection_CanBeAddedToCart_Successfully">
                  </a> <!-- itemsFromCategorySection_CanBeAddedToCart_Successfully -->
                  <span class="method-name">itemsFromCategorySection_CanBeAddedToCart_Successfully</span>
                  <div class="stack-trace">org.openqa.selenium.NoSuchWindowException: no such window: target window already closed
from unknown error: web view not found
  (Session info: chrome=92.0.4515.159)
Build info: version: &apos;3.141.59&apos;, revision: &apos;e82be7d358&apos;, time: &apos;2018-11-14T08:17:03&apos;
System info: host: &apos;Jorges-MacBook-Pro.local&apos;, ip: &apos;192.168.43.13&apos;, os.name: &apos;Mac OS X&apos;, os.arch: &apos;x86_64&apos;, os.version: &apos;10.15.7&apos;, java.version: &apos;16.0.2&apos;
Driver info: org.openqa.selenium.chrome.ChromeDriver
Capabilities {acceptInsecureCerts: false, browserName: chrome, browserVersion: 92.0.4515.159, chrome: {chromedriverVersion: 92.0.4515.43 (8c61b7e2989f2..., userDataDir: /var/folders/s9/537dvcg543b...}, goog:chromeOptions: {debuggerAddress: localhost:60362}, javascriptEnabled: true, networkConnectionEnabled: false, pageLoadStrategy: normal, platform: MAC, platformName: MAC, proxy: Proxy(), setWindowRect: true, strictFileInteractability: false, timeouts: {implicit: 0, pageLoad: 300000, script: 30000}, unhandledPromptBehavior: dismiss and notify, webauthn:extension:credBlob: true, webauthn:extension:largeBlob: true, webauthn:virtualAuthenticators: true}
Session ID: 96e59e5261daec286451b72d241fe443
	at org.openqa.selenium.remote.http.W3CHttpResponseCodec.createException(W3CHttpResponseCodec.java:187)
	at org.openqa.selenium.remote.http.W3CHttpResponseCodec.decode(W3CHttpResponseCodec.java:122)
	at org.openqa.selenium.remote.http.W3CHttpResponseCodec.decode(W3CHttpResponseCodec.java:49)
	at org.openqa.selenium.remote.HttpCommandExecutor.execute(HttpCommandExecutor.java:158)
	at org.openqa.selenium.remote.service.DriverCommandExecutor.execute(DriverCommandExecutor.java:83)
	at org.openqa.selenium.remote.RemoteWebDriver.execute(RemoteWebDriver.java:552)
	at org.openqa.selenium.remote.RemoteWebDriver.executeScript(RemoteWebDriver.java:489)
	at com.challenge.pom.Base.scrollToTop(Base.java:157)
	at com.challenge.pom.NavigationHeader.scrollToNavigationHeader(NavigationHeader.java:47)
	at com.challenge.pom.NavigationHeader.getCartItemsQuantity(NavigationHeader.java:51)
	at com.challenge.test.ShoppingCartNavigationWidgetTest.itemsFromCategorySection_CanBeAddedToCart_Successfully(ShoppingCartNavigationWidgetTest.java:103)
	at java.base/java.util.ArrayList.forEach(ArrayList.java:1511)
... Removed 31 stack frames
</div> <!-- stack-trace -->
                </div> <!-- method-content -->
              </div> <!-- method -->
              <div class="method">
                <div class="method-content">
                  <a name="itemsFromCategorySection_CanBeAddedToCart_Successfully">
                  </a> <!-- itemsFromCategorySection_CanBeAddedToCart_Successfully -->
                  <span class="method-name">itemsFromCategorySection_CanBeAddedToCart_Successfully</span>
                  <div class="stack-trace">org.openqa.selenium.NoSuchWindowException: Browsing context has been discarded
Build info: version: &apos;3.141.59&apos;, revision: &apos;e82be7d358&apos;, time: &apos;2018-11-14T08:17:03&apos;
System info: host: &apos;Jorges-MacBook-Pro.local&apos;, ip: &apos;192.168.43.13&apos;, os.name: &apos;Mac OS X&apos;, os.arch: &apos;x86_64&apos;, os.version: &apos;10.15.7&apos;, java.version: &apos;16.0.2&apos;
Driver info: org.openqa.selenium.firefox.FirefoxDriver
Capabilities {acceptInsecureCerts: true, browserName: firefox, browserVersion: 91.0.2, javascriptEnabled: true, moz:accessibilityChecks: false, moz:buildID: 20210823123856, moz:geckodriverVersion: 0.29.1, moz:headless: false, moz:processID: 27004, moz:profile: /var/folders/s9/537dvcg543b..., moz:shutdownTimeout: 60000, moz:useNonSpecCompliantPointerOrigin: false, moz:webdriverClick: true, pageLoadStrategy: normal, platform: MAC, platformName: MAC, platformVersion: 19.6.0, proxy: Proxy(), setWindowRect: true, strictFileInteractability: false, timeouts: {implicit: 0, pageLoad: 300000, script: 30000}, unhandledPromptBehavior: dismiss and notify}
Session ID: 2b6a9ef7-4386-9248-86f5-de98989788ce
	at org.openqa.selenium.remote.http.W3CHttpResponseCodec.createException(W3CHttpResponseCodec.java:187)
	at org.openqa.selenium.remote.http.W3CHttpResponseCodec.decode(W3CHttpResponseCodec.java:122)
	at org.openqa.selenium.remote.http.W3CHttpResponseCodec.decode(W3CHttpResponseCodec.java:49)
	at org.openqa.selenium.remote.HttpCommandExecutor.execute(HttpCommandExecutor.java:158)
	at org.openqa.selenium.remote.service.DriverCommandExecutor.execute(DriverCommandExecutor.java:83)
	at org.openqa.selenium.remote.RemoteWebDriver.execute(RemoteWebDriver.java:552)
	at org.openqa.selenium.remote.RemoteWebDriver.executeScript(RemoteWebDriver.java:489)
	at com.challenge.pom.Base.scrollToTop(Base.java:157)
	at com.challenge.pom.NavigationHeader.scrollToNavigationHeader(NavigationHeader.java:47)
	at com.challenge.pom.NavigationHeader.getCartItemsQuantity(NavigationHeader.java:51)
	at com.challenge.test.ShoppingCartNavigationWidgetTest.itemsFromCategorySection_CanBeAddedToCart_Successfully(ShoppingCartNavigationWidgetTest.java:103)
	at java.base/java.util.ArrayList.forEach(ArrayList.java:1511)
... Removed 31 stack frames
</div> <!-- stack-trace -->
                </div> <!-- method-content -->
              </div> <!-- method -->
              <div class="method">
                <div class="method-content">
                  <a name="itemsSearched_CanBeAddedToCart_Successfully">
                  </a> <!-- itemsSearched_CanBeAddedToCart_Successfully -->
                  <span class="method-name">itemsSearched_CanBeAddedToCart_Successfully</span>
                  <div class="stack-trace">org.openqa.selenium.NoSuchWindowException: no such window: target window already closed
from unknown error: web view not found
  (Session info: chrome=92.0.4515.159)
Build info: version: &apos;3.141.59&apos;, revision: &apos;e82be7d358&apos;, time: &apos;2018-11-14T08:17:03&apos;
System info: host: &apos;Jorges-MacBook-Pro.local&apos;, ip: &apos;192.168.43.13&apos;, os.name: &apos;Mac OS X&apos;, os.arch: &apos;x86_64&apos;, os.version: &apos;10.15.7&apos;, java.version: &apos;16.0.2&apos;
Driver info: org.openqa.selenium.chrome.ChromeDriver
Capabilities {acceptInsecureCerts: false, browserName: chrome, browserVersion: 92.0.4515.159, chrome: {chromedriverVersion: 92.0.4515.43 (8c61b7e2989f2..., userDataDir: /var/folders/s9/537dvcg543b...}, goog:chromeOptions: {debuggerAddress: localhost:60362}, javascriptEnabled: true, networkConnectionEnabled: false, pageLoadStrategy: normal, platform: MAC, platformName: MAC, proxy: Proxy(), setWindowRect: true, strictFileInteractability: false, timeouts: {implicit: 0, pageLoad: 300000, script: 30000}, unhandledPromptBehavior: dismiss and notify, webauthn:extension:credBlob: true, webauthn:extension:largeBlob: true, webauthn:virtualAuthenticators: true}
Session ID: 96e59e5261daec286451b72d241fe443
	at org.openqa.selenium.remote.http.W3CHttpResponseCodec.createException(W3CHttpResponseCodec.java:187)
	at org.openqa.selenium.remote.http.W3CHttpResponseCodec.decode(W3CHttpResponseCodec.java:122)
	at org.openqa.selenium.remote.http.W3CHttpResponseCodec.decode(W3CHttpResponseCodec.java:49)
	at org.openqa.selenium.remote.HttpCommandExecutor.execute(HttpCommandExecutor.java:158)
	at org.openqa.selenium.remote.service.DriverCommandExecutor.execute(DriverCommandExecutor.java:83)
	at org.openqa.selenium.remote.RemoteWebDriver.execute(RemoteWebDriver.java:552)
	at org.openqa.selenium.remote.RemoteWebDriver.get(RemoteWebDriver.java:277)
	at com.challenge.pom.Base.get(Base.java:112)
	at com.challenge.pom.IndexPage.visitPage(IndexPage.java:40)
	at com.challenge.test.ShoppingCartNavigationWidgetTest.itemsSearched_CanBeAddedToCart_Successfully(ShoppingCartNavigationWidgetTest.java:87)
	at java.base/java.util.ArrayList.forEach(ArrayList.java:1511)
... Removed 31 stack frames
</div> <!-- stack-trace -->
                </div> <!-- method-content -->
              </div> <!-- method -->
              <div class="method">
                <div class="method-content">
                  <a name="itemsSearched_CanBeAddedToCart_Successfully">
                  </a> <!-- itemsSearched_CanBeAddedToCart_Successfully -->
                  <span class="method-name">itemsSearched_CanBeAddedToCart_Successfully</span>
                  <div class="stack-trace">org.openqa.selenium.NoSuchWindowException: Browsing context has been discarded
Build info: version: &apos;3.141.59&apos;, revision: &apos;e82be7d358&apos;, time: &apos;2018-11-14T08:17:03&apos;
System info: host: &apos;Jorges-MacBook-Pro.local&apos;, ip: &apos;192.168.43.13&apos;, os.name: &apos;Mac OS X&apos;, os.arch: &apos;x86_64&apos;, os.version: &apos;10.15.7&apos;, java.version: &apos;16.0.2&apos;
Driver info: org.openqa.selenium.firefox.FirefoxDriver
Capabilities {acceptInsecureCerts: true, browserName: firefox, browserVersion: 91.0.2, javascriptEnabled: true, moz:accessibilityChecks: false, moz:buildID: 20210823123856, moz:geckodriverVersion: 0.29.1, moz:headless: false, moz:processID: 27004, moz:profile: /var/folders/s9/537dvcg543b..., moz:shutdownTimeout: 60000, moz:useNonSpecCompliantPointerOrigin: false, moz:webdriverClick: true, pageLoadStrategy: normal, platform: MAC, platformName: MAC, platformVersion: 19.6.0, proxy: Proxy(), setWindowRect: true, strictFileInteractability: false, timeouts: {implicit: 0, pageLoad: 300000, script: 30000}, unhandledPromptBehavior: dismiss and notify}
Session ID: 2b6a9ef7-4386-9248-86f5-de98989788ce
	at org.openqa.selenium.remote.http.W3CHttpResponseCodec.createException(W3CHttpResponseCodec.java:187)
	at org.openqa.selenium.remote.http.W3CHttpResponseCodec.decode(W3CHttpResponseCodec.java:122)
	at org.openqa.selenium.remote.http.W3CHttpResponseCodec.decode(W3CHttpResponseCodec.java:49)
	at org.openqa.selenium.remote.HttpCommandExecutor.execute(HttpCommandExecutor.java:158)
	at org.openqa.selenium.remote.service.DriverCommandExecutor.execute(DriverCommandExecutor.java:83)
	at org.openqa.selenium.remote.RemoteWebDriver.execute(RemoteWebDriver.java:552)
	at org.openqa.selenium.remote.RemoteWebDriver.get(RemoteWebDriver.java:277)
	at com.challenge.pom.Base.get(Base.java:112)
	at com.challenge.pom.IndexPage.visitPage(IndexPage.java:40)
	at com.challenge.test.ShoppingCartNavigationWidgetTest.itemsSearched_CanBeAddedToCart_Successfully(ShoppingCartNavigationWidgetTest.java:87)
	at java.base/java.util.ArrayList.forEach(ArrayList.java:1511)
... Removed 31 stack frames
</div> <!-- stack-trace -->
                </div> <!-- method-content -->
              </div> <!-- method -->
              <div class="method">
                <div class="method-content">
                  <a name="shoppingCartWidgetCheckOutBtn_RedirectToShoppingCartPage_Successfully">
                  </a> <!-- shoppingCartWidgetCheckOutBtn_RedirectToShoppingCartPage_Successfully -->
                  <span class="method-name">shoppingCartWidgetCheckOutBtn_RedirectToShoppingCartPage_Successfully</span>
                  <div class="stack-trace">org.openqa.selenium.NoSuchWindowException: no such window: target window already closed
from unknown error: web view not found
  (Session info: chrome=92.0.4515.159)
Build info: version: &apos;3.141.59&apos;, revision: &apos;e82be7d358&apos;, time: &apos;2018-11-14T08:17:03&apos;
System info: host: &apos;Jorges-MacBook-Pro.local&apos;, ip: &apos;192.168.43.13&apos;, os.name: &apos;Mac OS X&apos;, os.arch: &apos;x86_64&apos;, os.version: &apos;10.15.7&apos;, java.version: &apos;16.0.2&apos;
Driver info: org.openqa.selenium.chrome.ChromeDriver
Capabilities {acceptInsecureCerts: false, browserName: chrome, browserVersion: 92.0.4515.159, chrome: {chromedriverVersion: 92.0.4515.43 (8c61b7e2989f2..., userDataDir: /var/folders/s9/537dvcg543b...}, goog:chromeOptions: {debuggerAddress: localhost:60362}, javascriptEnabled: true, networkConnectionEnabled: false, pageLoadStrategy: normal, platform: MAC, platformName: MAC, proxy: Proxy(), setWindowRect: true, strictFileInteractability: false, timeouts: {implicit: 0, pageLoad: 300000, script: 30000}, unhandledPromptBehavior: dismiss and notify, webauthn:extension:credBlob: true, webauthn:extension:largeBlob: true, webauthn:virtualAuthenticators: true}
Session ID: 96e59e5261daec286451b72d241fe443
	at org.openqa.selenium.remote.http.W3CHttpResponseCodec.createException(W3CHttpResponseCodec.java:187)
	at org.openqa.selenium.remote.http.W3CHttpResponseCodec.decode(W3CHttpResponseCodec.java:122)
	at org.openqa.selenium.remote.http.W3CHttpResponseCodec.decode(W3CHttpResponseCodec.java:49)
	at org.openqa.selenium.remote.HttpCommandExecutor.execute(HttpCommandExecutor.java:158)
	at org.openqa.selenium.remote.service.DriverCommandExecutor.execute(DriverCommandExecutor.java:83)
	at org.openqa.selenium.remote.RemoteWebDriver.execute(RemoteWebDriver.java:552)
	at org.openqa.selenium.remote.RemoteWebDriver.executeScript(RemoteWebDriver.java:489)
	at com.challenge.pom.Base.scrollToTop(Base.java:157)
	at com.challenge.pom.NavigationHeader.scrollToNavigationHeader(NavigationHeader.java:47)
	at com.challenge.pom.NavigationHeader.getCartItemsQuantity(NavigationHeader.java:51)
	at com.challenge.pom.NavigationHeader.checkOutFromCartWidget(NavigationHeader.java:88)
	at com.challenge.test.ShoppingCartNavigationWidgetTest.shoppingCartWidgetCheckOutBtn_RedirectToShoppingCartPage_Successfully(ShoppingCartNavigationWidgetTest.java:58)
	at java.base/java.util.ArrayList.forEach(ArrayList.java:1511)
... Removed 31 stack frames
</div> <!-- stack-trace -->
                </div> <!-- method-content -->
              </div> <!-- method -->
              <div class="method">
                <div class="method-content">
                  <a name="shoppingCartWidgetCheckOutBtn_RedirectToShoppingCartPage_Successfully">
                  </a> <!-- shoppingCartWidgetCheckOutBtn_RedirectToShoppingCartPage_Successfully -->
                  <span class="method-name">shoppingCartWidgetCheckOutBtn_RedirectToShoppingCartPage_Successfully</span>
                  <div class="stack-trace">org.openqa.selenium.NoSuchWindowException: Browsing context has been discarded
Build info: version: &apos;3.141.59&apos;, revision: &apos;e82be7d358&apos;, time: &apos;2018-11-14T08:17:03&apos;
System info: host: &apos;Jorges-MacBook-Pro.local&apos;, ip: &apos;192.168.43.13&apos;, os.name: &apos;Mac OS X&apos;, os.arch: &apos;x86_64&apos;, os.version: &apos;10.15.7&apos;, java.version: &apos;16.0.2&apos;
Driver info: org.openqa.selenium.firefox.FirefoxDriver
Capabilities {acceptInsecureCerts: true, browserName: firefox, browserVersion: 91.0.2, javascriptEnabled: true, moz:accessibilityChecks: false, moz:buildID: 20210823123856, moz:geckodriverVersion: 0.29.1, moz:headless: false, moz:processID: 27004, moz:profile: /var/folders/s9/537dvcg543b..., moz:shutdownTimeout: 60000, moz:useNonSpecCompliantPointerOrigin: false, moz:webdriverClick: true, pageLoadStrategy: normal, platform: MAC, platformName: MAC, platformVersion: 19.6.0, proxy: Proxy(), setWindowRect: true, strictFileInteractability: false, timeouts: {implicit: 0, pageLoad: 300000, script: 30000}, unhandledPromptBehavior: dismiss and notify}
Session ID: 2b6a9ef7-4386-9248-86f5-de98989788ce
	at org.openqa.selenium.remote.http.W3CHttpResponseCodec.createException(W3CHttpResponseCodec.java:187)
	at org.openqa.selenium.remote.http.W3CHttpResponseCodec.decode(W3CHttpResponseCodec.java:122)
	at org.openqa.selenium.remote.http.W3CHttpResponseCodec.decode(W3CHttpResponseCodec.java:49)
	at org.openqa.selenium.remote.HttpCommandExecutor.execute(HttpCommandExecutor.java:158)
	at org.openqa.selenium.remote.service.DriverCommandExecutor.execute(DriverCommandExecutor.java:83)
	at org.openqa.selenium.remote.RemoteWebDriver.execute(RemoteWebDriver.java:552)
	at org.openqa.selenium.remote.RemoteWebDriver.executeScript(RemoteWebDriver.java:489)
	at com.challenge.pom.Base.scrollToTop(Base.java:157)
	at com.challenge.pom.NavigationHeader.scrollToNavigationHeader(NavigationHeader.java:47)
	at com.challenge.pom.NavigationHeader.getCartItemsQuantity(NavigationHeader.java:51)
	at com.challenge.pom.NavigationHeader.checkOutFromCartWidget(NavigationHeader.java:88)
	at com.challenge.test.ShoppingCartNavigationWidgetTest.shoppingCartWidgetCheckOutBtn_RedirectToShoppingCartPage_Successfully(ShoppingCartNavigationWidgetTest.java:58)
	at java.base/java.util.ArrayList.forEach(ArrayList.java:1511)
... Removed 31 stack frames
</div> <!-- stack-trace -->
                </div> <!-- method-content -->
              </div> <!-- method -->
              <div class="method">
                <div class="method-content">
                  <a name="shoppingCartWidgetItems_CanBeDeleted_Successfully">
                  </a> <!-- shoppingCartWidgetItems_CanBeDeleted_Successfully -->
                  <span class="method-name">shoppingCartWidgetItems_CanBeDeleted_Successfully</span>
                  <div class="stack-trace">org.openqa.selenium.NoSuchWindowException: no such window: target window already closed
from unknown error: web view not found
  (Session info: chrome=92.0.4515.159)
Build info: version: &apos;3.141.59&apos;, revision: &apos;e82be7d358&apos;, time: &apos;2018-11-14T08:17:03&apos;
System info: host: &apos;Jorges-MacBook-Pro.local&apos;, ip: &apos;192.168.43.13&apos;, os.name: &apos;Mac OS X&apos;, os.arch: &apos;x86_64&apos;, os.version: &apos;10.15.7&apos;, java.version: &apos;16.0.2&apos;
Driver info: org.openqa.selenium.chrome.ChromeDriver
Capabilities {acceptInsecureCerts: false, browserName: chrome, browserVersion: 92.0.4515.159, chrome: {chromedriverVersion: 92.0.4515.43 (8c61b7e2989f2..., userDataDir: /var/folders/s9/537dvcg543b...}, goog:chromeOptions: {debuggerAddress: localhost:60362}, javascriptEnabled: true, networkConnectionEnabled: false, pageLoadStrategy: normal, platform: MAC, platformName: MAC, proxy: Proxy(), setWindowRect: true, strictFileInteractability: false, timeouts: {implicit: 0, pageLoad: 300000, script: 30000}, unhandledPromptBehavior: dismiss and notify, webauthn:extension:credBlob: true, webauthn:extension:largeBlob: true, webauthn:virtualAuthenticators: true}
Session ID: 96e59e5261daec286451b72d241fe443
	at org.openqa.selenium.remote.http.W3CHttpResponseCodec.createException(W3CHttpResponseCodec.java:187)
	at org.openqa.selenium.remote.http.W3CHttpResponseCodec.decode(W3CHttpResponseCodec.java:122)
	at org.openqa.selenium.remote.http.W3CHttpResponseCodec.decode(W3CHttpResponseCodec.java:49)
	at org.openqa.selenium.remote.HttpCommandExecutor.execute(HttpCommandExecutor.java:158)
	at org.openqa.selenium.remote.service.DriverCommandExecutor.execute(DriverCommandExecutor.java:83)
	at org.openqa.selenium.remote.RemoteWebDriver.execute(RemoteWebDriver.java:552)
	at org.openqa.selenium.remote.RemoteWebDriver.executeScript(RemoteWebDriver.java:489)
	at com.challenge.pom.Base.scrollToTop(Base.java:157)
	at com.challenge.pom.NavigationHeader.scrollToNavigationHeader(NavigationHeader.java:47)
	at com.challenge.pom.NavigationHeader.getCartItemsQuantity(NavigationHeader.java:51)
	at com.challenge.test.ShoppingCartNavigationWidgetTest.shoppingCartWidgetItems_CanBeDeleted_Successfully(ShoppingCartNavigationWidgetTest.java:67)
	at java.base/java.util.ArrayList.forEach(ArrayList.java:1511)
... Removed 31 stack frames
</div> <!-- stack-trace -->
                </div> <!-- method-content -->
              </div> <!-- method -->
              <div class="method">
                <div class="method-content">
                  <a name="shoppingCartWidgetItems_CanBeDeleted_Successfully">
                  </a> <!-- shoppingCartWidgetItems_CanBeDeleted_Successfully -->
                  <span class="method-name">shoppingCartWidgetItems_CanBeDeleted_Successfully</span>
                  <div class="stack-trace">org.openqa.selenium.NoSuchWindowException: Browsing context has been discarded
Build info: version: &apos;3.141.59&apos;, revision: &apos;e82be7d358&apos;, time: &apos;2018-11-14T08:17:03&apos;
System info: host: &apos;Jorges-MacBook-Pro.local&apos;, ip: &apos;192.168.43.13&apos;, os.name: &apos;Mac OS X&apos;, os.arch: &apos;x86_64&apos;, os.version: &apos;10.15.7&apos;, java.version: &apos;16.0.2&apos;
Driver info: org.openqa.selenium.firefox.FirefoxDriver
Capabilities {acceptInsecureCerts: true, browserName: firefox, browserVersion: 91.0.2, javascriptEnabled: true, moz:accessibilityChecks: false, moz:buildID: 20210823123856, moz:geckodriverVersion: 0.29.1, moz:headless: false, moz:processID: 27004, moz:profile: /var/folders/s9/537dvcg543b..., moz:shutdownTimeout: 60000, moz:useNonSpecCompliantPointerOrigin: false, moz:webdriverClick: true, pageLoadStrategy: normal, platform: MAC, platformName: MAC, platformVersion: 19.6.0, proxy: Proxy(), setWindowRect: true, strictFileInteractability: false, timeouts: {implicit: 0, pageLoad: 300000, script: 30000}, unhandledPromptBehavior: dismiss and notify}
Session ID: 2b6a9ef7-4386-9248-86f5-de98989788ce
	at org.openqa.selenium.remote.http.W3CHttpResponseCodec.createException(W3CHttpResponseCodec.java:187)
	at org.openqa.selenium.remote.http.W3CHttpResponseCodec.decode(W3CHttpResponseCodec.java:122)
	at org.openqa.selenium.remote.http.W3CHttpResponseCodec.decode(W3CHttpResponseCodec.java:49)
	at org.openqa.selenium.remote.HttpCommandExecutor.execute(HttpCommandExecutor.java:158)
	at org.openqa.selenium.remote.service.DriverCommandExecutor.execute(DriverCommandExecutor.java:83)
	at org.openqa.selenium.remote.RemoteWebDriver.execute(RemoteWebDriver.java:552)
	at org.openqa.selenium.remote.RemoteWebDriver.executeScript(RemoteWebDriver.java:489)
	at com.challenge.pom.Base.scrollToTop(Base.java:157)
	at com.challenge.pom.NavigationHeader.scrollToNavigationHeader(NavigationHeader.java:47)
	at com.challenge.pom.NavigationHeader.getCartItemsQuantity(NavigationHeader.java:51)
	at com.challenge.test.ShoppingCartNavigationWidgetTest.shoppingCartWidgetItems_CanBeDeleted_Successfully(ShoppingCartNavigationWidgetTest.java:67)
	at java.base/java.util.ArrayList.forEach(ArrayList.java:1511)
... Removed 31 stack frames
</div> <!-- stack-trace -->
                </div> <!-- method-content -->
              </div> <!-- method -->
              <div class="method">
                <div class="method-content">
                  <a name="shoppingCartWidget_Contains_AddedItems">
                  </a> <!-- shoppingCartWidget_Contains_AddedItems -->
                  <span class="method-name">shoppingCartWidget_Contains_AddedItems</span>
                  <div class="stack-trace">org.openqa.selenium.NoSuchWindowException: no such window: target window already closed
from unknown error: web view not found
  (Session info: chrome=92.0.4515.159)
Build info: version: &apos;3.141.59&apos;, revision: &apos;e82be7d358&apos;, time: &apos;2018-11-14T08:17:03&apos;
System info: host: &apos;Jorges-MacBook-Pro.local&apos;, ip: &apos;192.168.43.13&apos;, os.name: &apos;Mac OS X&apos;, os.arch: &apos;x86_64&apos;, os.version: &apos;10.15.7&apos;, java.version: &apos;16.0.2&apos;
Driver info: org.openqa.selenium.chrome.ChromeDriver
Capabilities {acceptInsecureCerts: false, browserName: chrome, browserVersion: 92.0.4515.159, chrome: {chromedriverVersion: 92.0.4515.43 (8c61b7e2989f2..., userDataDir: /var/folders/s9/537dvcg543b...}, goog:chromeOptions: {debuggerAddress: localhost:60362}, javascriptEnabled: true, networkConnectionEnabled: false, pageLoadStrategy: normal, platform: MAC, platformName: MAC, proxy: Proxy(), setWindowRect: true, strictFileInteractability: false, timeouts: {implicit: 0, pageLoad: 300000, script: 30000}, unhandledPromptBehavior: dismiss and notify, webauthn:extension:credBlob: true, webauthn:extension:largeBlob: true, webauthn:virtualAuthenticators: true}
Session ID: 96e59e5261daec286451b72d241fe443
	at org.openqa.selenium.remote.http.W3CHttpResponseCodec.createException(W3CHttpResponseCodec.java:187)
	at org.openqa.selenium.remote.http.W3CHttpResponseCodec.decode(W3CHttpResponseCodec.java:122)
	at org.openqa.selenium.remote.http.W3CHttpResponseCodec.decode(W3CHttpResponseCodec.java:49)
	at org.openqa.selenium.remote.HttpCommandExecutor.execute(HttpCommandExecutor.java:158)
	at org.openqa.selenium.remote.service.DriverCommandExecutor.execute(DriverCommandExecutor.java:83)
	at org.openqa.selenium.remote.RemoteWebDriver.execute(RemoteWebDriver.java:552)
	at org.openqa.selenium.remote.RemoteWebDriver.execute(RemoteWebDriver.java:609)
	at org.openqa.selenium.remote.RemoteWebDriver$RemoteNavigation.refresh(RemoteWebDriver.java:865)
	at com.challenge.pom.Base.refreshPage(Base.java:181)
	at com.challenge.test.ShoppingCartNavigationWidgetTest.shoppingCartWidget_Contains_AddedItems(ShoppingCartNavigationWidgetTest.java:76)
	at java.base/java.util.ArrayList.forEach(ArrayList.java:1511)
... Removed 31 stack frames
</div> <!-- stack-trace -->
                </div> <!-- method-content -->
              </div> <!-- method -->
              <div class="method">
                <div class="method-content">
                  <a name="shoppingCartWidget_Contains_AddedItems">
                  </a> <!-- shoppingCartWidget_Contains_AddedItems -->
                  <span class="method-name">shoppingCartWidget_Contains_AddedItems</span>
                  <div class="stack-trace">org.openqa.selenium.NoSuchWindowException: Browsing context has been discarded
Build info: version: &apos;3.141.59&apos;, revision: &apos;e82be7d358&apos;, time: &apos;2018-11-14T08:17:03&apos;
System info: host: &apos;Jorges-MacBook-Pro.local&apos;, ip: &apos;192.168.43.13&apos;, os.name: &apos;Mac OS X&apos;, os.arch: &apos;x86_64&apos;, os.version: &apos;10.15.7&apos;, java.version: &apos;16.0.2&apos;
Driver info: org.openqa.selenium.firefox.FirefoxDriver
Capabilities {acceptInsecureCerts: true, browserName: firefox, browserVersion: 91.0.2, javascriptEnabled: true, moz:accessibilityChecks: false, moz:buildID: 20210823123856, moz:geckodriverVersion: 0.29.1, moz:headless: false, moz:processID: 27004, moz:profile: /var/folders/s9/537dvcg543b..., moz:shutdownTimeout: 60000, moz:useNonSpecCompliantPointerOrigin: false, moz:webdriverClick: true, pageLoadStrategy: normal, platform: MAC, platformName: MAC, platformVersion: 19.6.0, proxy: Proxy(), setWindowRect: true, strictFileInteractability: false, timeouts: {implicit: 0, pageLoad: 300000, script: 30000}, unhandledPromptBehavior: dismiss and notify}
Session ID: 2b6a9ef7-4386-9248-86f5-de98989788ce
	at org.openqa.selenium.remote.http.W3CHttpResponseCodec.createException(W3CHttpResponseCodec.java:187)
	at org.openqa.selenium.remote.http.W3CHttpResponseCodec.decode(W3CHttpResponseCodec.java:122)
	at org.openqa.selenium.remote.http.W3CHttpResponseCodec.decode(W3CHttpResponseCodec.java:49)
	at org.openqa.selenium.remote.HttpCommandExecutor.execute(HttpCommandExecutor.java:158)
	at org.openqa.selenium.remote.service.DriverCommandExecutor.execute(DriverCommandExecutor.java:83)
	at org.openqa.selenium.remote.RemoteWebDriver.execute(RemoteWebDriver.java:552)
	at org.openqa.selenium.remote.RemoteWebDriver.execute(RemoteWebDriver.java:609)
	at org.openqa.selenium.remote.RemoteWebDriver$RemoteNavigation.refresh(RemoteWebDriver.java:865)
	at com.challenge.pom.Base.refreshPage(Base.java:181)
	at com.challenge.test.ShoppingCartNavigationWidgetTest.shoppingCartWidget_Contains_AddedItems(ShoppingCartNavigationWidgetTest.java:76)
	at java.base/java.util.ArrayList.forEach(ArrayList.java:1511)
... Removed 31 stack frames
</div> <!-- stack-trace -->
                </div> <!-- method-content -->
              </div> <!-- method -->
            </div> <!-- main-panel-content rounded-window-bottom -->
          </div> <!-- suite-Suite-class-failed -->
          <div class="suite-Suite-class-skipped">
            <div class="main-panel-header rounded-window-top">
              <img src="skipped.png"/>
              <span class="class-name">com.challenge.test.SearchTest</span>
            </div> <!-- main-panel-header rounded-window-top -->
            <div class="main-panel-content rounded-window-bottom">
              <div class="method">
                <div class="method-content">
                  <a name="search_ExistingProduct_ShowResult">
                  </a> <!-- search_ExistingProduct_ShowResult -->
                  <span class="method-name">search_ExistingProduct_ShowResult</span>
                  <div class="stack-trace">java.lang.RuntimeException: org.openqa.selenium.TimeoutException: Expected condition failed: waiting for presence of any elements located by By.cssSelector: div.columns-container (tried for 10 second(s) with 500 milliseconds interval)
	at java.base/java.util.ArrayList.forEach(ArrayList.java:1511)
Caused by: org.openqa.selenium.TimeoutException: Expected condition failed: waiting for presence of any elements located by By.cssSelector: div.columns-container (tried for 10 second(s) with 500 milliseconds interval)
	at org.openqa.selenium.support.ui.WebDriverWait.timeoutException(WebDriverWait.java:95)
	at org.openqa.selenium.support.ui.FluentWait.until(FluentWait.java:272)
	at com.challenge.pom.Base.waitForPresenceOf(Base.java:147)
	at com.challenge.pom.IndexPage.getPopularItems(IndexPage.java:24)
	at com.challenge.test.SearchTest.existingProducts(SearchTest.java:53)
	... 25 more
Caused by: org.openqa.selenium.NoSuchWindowException: no such window: target window already closed
from unknown error: web view not found
  (Session info: chrome=92.0.4515.159)
Build info: version: &apos;3.141.59&apos;, revision: &apos;e82be7d358&apos;, time: &apos;2018-11-14T08:17:03&apos;
System info: host: &apos;Jorges-MacBook-Pro.local&apos;, ip: &apos;192.168.43.13&apos;, os.name: &apos;Mac OS X&apos;, os.arch: &apos;x86_64&apos;, os.version: &apos;10.15.7&apos;, java.version: &apos;16.0.2&apos;
Driver info: org.openqa.selenium.chrome.ChromeDriver
Capabilities {acceptInsecureCerts: false, browserName: chrome, browserVersion: 92.0.4515.159, chrome: {chromedriverVersion: 92.0.4515.43 (8c61b7e2989f2..., userDataDir: /var/folders/s9/537dvcg543b...}, goog:chromeOptions: {debuggerAddress: localhost:60299}, javascriptEnabled: true, networkConnectionEnabled: false, pageLoadStrategy: normal, platform: MAC, platformName: MAC, proxy: Proxy(), setWindowRect: true, strictFileInteractability: false, timeouts: {implicit: 0, pageLoad: 300000, script: 30000}, unhandledPromptBehavior: dismiss and notify, webauthn:extension:credBlob: true, webauthn:extension:largeBlob: true, webauthn:virtualAuthenticators: true}
Session ID: 1fabfa323497b998af19ac19ee903cc9
*** Element info: {Using=css selector, value=div.columns-container}
	at org.openqa.selenium.remote.http.W3CHttpResponseCodec.createException(W3CHttpResponseCodec.java:187)
	at org.openqa.selenium.remote.http.W3CHttpResponseCodec.decode(W3CHttpResponseCodec.java:122)
	at org.openqa.selenium.remote.http.W3CHttpResponseCodec.decode(W3CHttpResponseCodec.java:49)
	at org.openqa.selenium.remote.HttpCommandExecutor.execute(HttpCommandExecutor.java:158)
	at org.openqa.selenium.remote.service.DriverCommandExecutor.execute(DriverCommandExecutor.java:83)
	at org.openqa.selenium.remote.RemoteWebDriver.execute(RemoteWebDriver.java:552)
	at org.openqa.selenium.remote.RemoteWebDriver.findElements(RemoteWebDriver.java:353)
	at org.openqa.selenium.remote.RemoteWebDriver.findElementsByCssSelector(RemoteWebDriver.java:424)
	at org.openqa.selenium.By$ByCssSelector.findElements(By.java:441)
	at org.openqa.selenium.remote.RemoteWebDriver.findElements(RemoteWebDriver.java:311)
	at org.openqa.selenium.support.ui.ExpectedConditions$11.apply(ExpectedConditions.java:328)
	at org.openqa.selenium.support.ui.ExpectedConditions$11.apply(ExpectedConditions.java:325)
	at org.openqa.selenium.support.ui.FluentWait.until(FluentWait.java:249)
	... 35 more
... Removed 36 stack frames
</div> <!-- stack-trace -->
                </div> <!-- method-content -->
              </div> <!-- method -->
              <div class="method">
                <div class="method-content">
                  <a name="search_ExistingProduct_ShowResult">
                  </a> <!-- search_ExistingProduct_ShowResult -->
                  <span class="method-name">search_ExistingProduct_ShowResult</span>
                  <div class="stack-trace">java.lang.RuntimeException: java.lang.NullPointerException: Cannot invoke &quot;org.openqa.selenium.WebDriver.get(String)&quot; because &quot;this.driver&quot; is null
	at java.base/java.util.ArrayList.forEach(ArrayList.java:1511)
Caused by: java.lang.NullPointerException: Cannot invoke &quot;org.openqa.selenium.WebDriver.get(String)&quot; because &quot;this.driver&quot; is null
	at com.challenge.pom.Base.get(Base.java:112)
	at com.challenge.pom.IndexPage.visitPage(IndexPage.java:40)
	at com.challenge.test.SearchTest.existingProducts(SearchTest.java:52)
	... 25 more
... Removed 32 stack frames
</div> <!-- stack-trace -->
                </div> <!-- method-content -->
              </div> <!-- method -->
              <div class="method">
                <div class="method-content">
                  <a name="search_ExistingProduct_ShowResult">
                  </a> <!-- search_ExistingProduct_ShowResult -->
                  <span class="method-name">search_ExistingProduct_ShowResult</span>
                  <div class="stack-trace">java.lang.RuntimeException: java.lang.NullPointerException: Cannot invoke &quot;org.openqa.selenium.WebDriver.get(String)&quot; because &quot;this.driver&quot; is null
	at java.base/java.util.ArrayList.forEach(ArrayList.java:1511)
Caused by: java.lang.NullPointerException: Cannot invoke &quot;org.openqa.selenium.WebDriver.get(String)&quot; because &quot;this.driver&quot; is null
	at com.challenge.pom.Base.get(Base.java:112)
	at com.challenge.pom.IndexPage.visitPage(IndexPage.java:40)
	at com.challenge.test.SearchTest.existingProducts(SearchTest.java:52)
	... 25 more
... Removed 32 stack frames
</div> <!-- stack-trace -->
                </div> <!-- method-content -->
              </div> <!-- method -->
              <div class="method">
                <div class="method-content">
                  <a name="search_unexistingProduct_ShowNoResult(UNXPRODUCT#1TEST)">
                  </a> <!-- search_unexistingProduct_ShowNoResult(UNXPRODUCT#1TEST) -->
                  <span class="method-name">search_unexistingProduct_ShowNoResult</span>
                  <span class="parameters">(UNXPRODUCT#1TEST)</span>
                  <div class="stack-trace">java.lang.IllegalStateException: The driver is not executable: /Users/Mac_JICO/eclipse-workspace/JorgeCanarioChallenge/src/test/resources/BrowserDriver/Windows8.1-KB2990999-x86.msu
	at com.google.common.base.Preconditions.checkState(Preconditions.java:585)
	at org.openqa.selenium.remote.service.DriverService.checkExecutable(DriverService.java:150)
	at org.openqa.selenium.remote.service.DriverService.findExecutable(DriverService.java:141)
	at org.openqa.selenium.ie.InternetExplorerDriverService.access$000(InternetExplorerDriverService.java:35)
	at org.openqa.selenium.ie.InternetExplorerDriverService$Builder.findDefaultExecutable(InternetExplorerDriverService.java:175)
	at org.openqa.selenium.remote.service.DriverService$Builder.build(DriverService.java:355)
	at org.openqa.selenium.ie.InternetExplorerDriver.setupService(InternetExplorerDriver.java:281)
	at org.openqa.selenium.ie.InternetExplorerDriver.&lt;init&gt;(InternetExplorerDriver.java:211)
	at org.openqa.selenium.ie.InternetExplorerDriver.&lt;init&gt;(InternetExplorerDriver.java:150)
	at com.challenge.pom.Base.driverConnection(Base.java:38)
	at com.challenge.test.SearchTest.beforeClass(SearchTest.java:35)
	at java.base/java.util.ArrayList.forEach(ArrayList.java:1511)
... Removed 25 stack frames
</div> <!-- stack-trace -->
                </div> <!-- method-content -->
              </div> <!-- method -->
              <div class="method">
                <div class="method-content">
                  <a name="search_unexistingProduct_ShowNoResult(UNXPRODUCT#1TEST)">
                  </a> <!-- search_unexistingProduct_ShowNoResult(UNXPRODUCT#1TEST) -->
                  <span class="method-name">search_unexistingProduct_ShowNoResult</span>
                  <span class="parameters">(UNXPRODUCT#1TEST)</span>
                  <div class="stack-trace">org.openqa.selenium.SessionNotCreatedException: Could not create a session: The Safari instance is already paired with another WebDriver session.
Build info: version: &apos;3.141.59&apos;, revision: &apos;e82be7d358&apos;, time: &apos;2018-11-14T08:17:03&apos;
System info: host: &apos;Jorges-MacBook-Pro.local&apos;, ip: &apos;192.168.43.13&apos;, os.name: &apos;Mac OS X&apos;, os.arch: &apos;x86_64&apos;, os.version: &apos;10.15.7&apos;, java.version: &apos;16.0.2&apos;
Driver info: driver.version: SafariDriver
remote stacktrace: 
	at org.openqa.selenium.remote.W3CHandshakeResponse.lambda$errorHandler$0(W3CHandshakeResponse.java:62)
	at org.openqa.selenium.remote.HandshakeResponse.lambda$getResponseFunction$0(HandshakeResponse.java:30)
	at org.openqa.selenium.remote.ProtocolHandshake.lambda$createSession$0(ProtocolHandshake.java:126)
	at java.base/java.util.stream.ReferencePipeline$3$1.accept(ReferencePipeline.java:197)
	at java.base/java.util.Spliterators$ArraySpliterator.tryAdvance(Spliterators.java:958)
	at java.base/java.util.stream.ReferencePipeline.forEachWithCancel(ReferencePipeline.java:129)
	at java.base/java.util.stream.AbstractPipeline.copyIntoWithCancel(AbstractPipeline.java:502)
	at java.base/java.util.stream.AbstractPipeline.copyInto(AbstractPipeline.java:488)
	at java.base/java.util.stream.AbstractPipeline.wrapAndCopyInto(AbstractPipeline.java:474)
	at java.base/java.util.stream.FindOps$FindOp.evaluateSequential(FindOps.java:150)
	at java.base/java.util.stream.AbstractPipeline.evaluate(AbstractPipeline.java:234)
	at java.base/java.util.stream.ReferencePipeline.findFirst(ReferencePipeline.java:647)
	at org.openqa.selenium.remote.ProtocolHandshake.createSession(ProtocolHandshake.java:128)
	at org.openqa.selenium.remote.ProtocolHandshake.createSession(ProtocolHandshake.java:74)
	at org.openqa.selenium.remote.HttpCommandExecutor.execute(HttpCommandExecutor.java:136)
	at org.openqa.selenium.remote.service.DriverCommandExecutor.execute(DriverCommandExecutor.java:83)
	at org.openqa.selenium.remote.RemoteWebDriver.execute(RemoteWebDriver.java:552)
	at org.openqa.selenium.remote.RemoteWebDriver.startSession(RemoteWebDriver.java:213)
	at org.openqa.selenium.remote.RemoteWebDriver.&lt;init&gt;(RemoteWebDriver.java:131)
	at org.openqa.selenium.safari.SafariDriver.&lt;init&gt;(SafariDriver.java:81)
	at org.openqa.selenium.safari.SafariDriver.&lt;init&gt;(SafariDriver.java:63)
	at org.openqa.selenium.safari.SafariDriver.&lt;init&gt;(SafariDriver.java:41)
	at com.challenge.pom.Base.driverConnection(Base.java:34)
	at com.challenge.test.SearchTest.beforeClass(SearchTest.java:35)
	at java.base/java.util.ArrayList.forEach(ArrayList.java:1511)
... Removed 30 stack frames
</div> <!-- stack-trace -->
                </div> <!-- method-content -->
              </div> <!-- method -->
            </div> <!-- main-panel-content rounded-window-bottom -->
          </div> <!-- suite-Suite-class-skipped -->
          <div class="suite-Suite-class-skipped">
            <div class="main-panel-header rounded-window-top">
              <img src="skipped.png"/>
              <span class="class-name">com.challenge.test.ContactFormTest</span>
            </div> <!-- main-panel-header rounded-window-top -->
            <div class="main-panel-content rounded-window-bottom">
              <div class="method">
                <div class="method-content">
                  <a name="messageAttachment_CanBeSentInForm_Successfully">
                  </a> <!-- messageAttachment_CanBeSentInForm_Successfully -->
                  <span class="method-name">messageAttachment_CanBeSentInForm_Successfully</span>
                  <div class="stack-trace">java.lang.IllegalStateException: The driver is not executable: /Users/Mac_JICO/eclipse-workspace/JorgeCanarioChallenge/src/test/resources/BrowserDriver/Windows8.1-KB2990999-x86.msu
	at com.google.common.base.Preconditions.checkState(Preconditions.java:585)
	at org.openqa.selenium.remote.service.DriverService.checkExecutable(DriverService.java:150)
	at org.openqa.selenium.remote.service.DriverService.findExecutable(DriverService.java:141)
	at org.openqa.selenium.ie.InternetExplorerDriverService.access$000(InternetExplorerDriverService.java:35)
	at org.openqa.selenium.ie.InternetExplorerDriverService$Builder.findDefaultExecutable(InternetExplorerDriverService.java:175)
	at org.openqa.selenium.remote.service.DriverService$Builder.build(DriverService.java:355)
	at org.openqa.selenium.ie.InternetExplorerDriver.setupService(InternetExplorerDriver.java:281)
	at org.openqa.selenium.ie.InternetExplorerDriver.&lt;init&gt;(InternetExplorerDriver.java:211)
	at org.openqa.selenium.ie.InternetExplorerDriver.&lt;init&gt;(InternetExplorerDriver.java:150)
	at com.challenge.pom.Base.driverConnection(Base.java:38)
	at com.challenge.test.ContactFormTest.beforeClass(ContactFormTest.java:26)
	at java.base/java.util.ArrayList.forEach(ArrayList.java:1511)
... Removed 25 stack frames
</div> <!-- stack-trace -->
                </div> <!-- method-content -->
              </div> <!-- method -->
              <div class="method">
                <div class="method-content">
                  <a name="messageAttachment_CanBeSentInForm_Successfully">
                  </a> <!-- messageAttachment_CanBeSentInForm_Successfully -->
                  <span class="method-name">messageAttachment_CanBeSentInForm_Successfully</span>
                  <div class="stack-trace">org.openqa.selenium.SessionNotCreatedException: Could not create a session: The Safari instance is already paired with another WebDriver session.
Build info: version: &apos;3.141.59&apos;, revision: &apos;e82be7d358&apos;, time: &apos;2018-11-14T08:17:03&apos;
System info: host: &apos;Jorges-MacBook-Pro.local&apos;, ip: &apos;192.168.43.13&apos;, os.name: &apos;Mac OS X&apos;, os.arch: &apos;x86_64&apos;, os.version: &apos;10.15.7&apos;, java.version: &apos;16.0.2&apos;
Driver info: driver.version: SafariDriver
remote stacktrace: 
	at org.openqa.selenium.remote.W3CHandshakeResponse.lambda$errorHandler$0(W3CHandshakeResponse.java:62)
	at org.openqa.selenium.remote.HandshakeResponse.lambda$getResponseFunction$0(HandshakeResponse.java:30)
	at org.openqa.selenium.remote.ProtocolHandshake.lambda$createSession$0(ProtocolHandshake.java:126)
	at java.base/java.util.stream.ReferencePipeline$3$1.accept(ReferencePipeline.java:197)
	at java.base/java.util.Spliterators$ArraySpliterator.tryAdvance(Spliterators.java:958)
	at java.base/java.util.stream.ReferencePipeline.forEachWithCancel(ReferencePipeline.java:129)
	at java.base/java.util.stream.AbstractPipeline.copyIntoWithCancel(AbstractPipeline.java:502)
	at java.base/java.util.stream.AbstractPipeline.copyInto(AbstractPipeline.java:488)
	at java.base/java.util.stream.AbstractPipeline.wrapAndCopyInto(AbstractPipeline.java:474)
	at java.base/java.util.stream.FindOps$FindOp.evaluateSequential(FindOps.java:150)
	at java.base/java.util.stream.AbstractPipeline.evaluate(AbstractPipeline.java:234)
	at java.base/java.util.stream.ReferencePipeline.findFirst(ReferencePipeline.java:647)
	at org.openqa.selenium.remote.ProtocolHandshake.createSession(ProtocolHandshake.java:128)
	at org.openqa.selenium.remote.ProtocolHandshake.createSession(ProtocolHandshake.java:74)
	at org.openqa.selenium.remote.HttpCommandExecutor.execute(HttpCommandExecutor.java:136)
	at org.openqa.selenium.remote.service.DriverCommandExecutor.execute(DriverCommandExecutor.java:83)
	at org.openqa.selenium.remote.RemoteWebDriver.execute(RemoteWebDriver.java:552)
	at org.openqa.selenium.remote.RemoteWebDriver.startSession(RemoteWebDriver.java:213)
	at org.openqa.selenium.remote.RemoteWebDriver.&lt;init&gt;(RemoteWebDriver.java:131)
	at org.openqa.selenium.safari.SafariDriver.&lt;init&gt;(SafariDriver.java:81)
	at org.openqa.selenium.safari.SafariDriver.&lt;init&gt;(SafariDriver.java:63)
	at org.openqa.selenium.safari.SafariDriver.&lt;init&gt;(SafariDriver.java:41)
	at com.challenge.pom.Base.driverConnection(Base.java:34)
	at com.challenge.test.ContactFormTest.beforeClass(ContactFormTest.java:26)
	at java.base/java.util.ArrayList.forEach(ArrayList.java:1511)
... Removed 30 stack frames
</div> <!-- stack-trace -->
                </div> <!-- method-content -->
              </div> <!-- method -->
              <div class="method">
                <div class="method-content">
                  <a name="pageValidates_AllFormsFields_CannotBeBlank">
                  </a> <!-- pageValidates_AllFormsFields_CannotBeBlank -->
                  <span class="method-name">pageValidates_AllFormsFields_CannotBeBlank</span>
                  <div class="stack-trace">java.lang.IllegalStateException: The driver is not executable: /Users/Mac_JICO/eclipse-workspace/JorgeCanarioChallenge/src/test/resources/BrowserDriver/Windows8.1-KB2990999-x86.msu
	at com.google.common.base.Preconditions.checkState(Preconditions.java:585)
	at org.openqa.selenium.remote.service.DriverService.checkExecutable(DriverService.java:150)
	at org.openqa.selenium.remote.service.DriverService.findExecutable(DriverService.java:141)
	at org.openqa.selenium.ie.InternetExplorerDriverService.access$000(InternetExplorerDriverService.java:35)
	at org.openqa.selenium.ie.InternetExplorerDriverService$Builder.findDefaultExecutable(InternetExplorerDriverService.java:175)
	at org.openqa.selenium.remote.service.DriverService$Builder.build(DriverService.java:355)
	at org.openqa.selenium.ie.InternetExplorerDriver.setupService(InternetExplorerDriver.java:281)
	at org.openqa.selenium.ie.InternetExplorerDriver.&lt;init&gt;(InternetExplorerDriver.java:211)
	at org.openqa.selenium.ie.InternetExplorerDriver.&lt;init&gt;(InternetExplorerDriver.java:150)
	at com.challenge.pom.Base.driverConnection(Base.java:38)
	at com.challenge.test.ContactFormTest.beforeClass(ContactFormTest.java:26)
	at java.base/java.util.ArrayList.forEach(ArrayList.java:1511)
... Removed 25 stack frames
</div> <!-- stack-trace -->
                </div> <!-- method-content -->
              </div> <!-- method -->
              <div class="method">
                <div class="method-content">
                  <a name="pageValidates_AllFormsFields_CannotBeBlank">
                  </a> <!-- pageValidates_AllFormsFields_CannotBeBlank -->
                  <span class="method-name">pageValidates_AllFormsFields_CannotBeBlank</span>
                  <div class="stack-trace">org.openqa.selenium.SessionNotCreatedException: Could not create a session: The Safari instance is already paired with another WebDriver session.
Build info: version: &apos;3.141.59&apos;, revision: &apos;e82be7d358&apos;, time: &apos;2018-11-14T08:17:03&apos;
System info: host: &apos;Jorges-MacBook-Pro.local&apos;, ip: &apos;192.168.43.13&apos;, os.name: &apos;Mac OS X&apos;, os.arch: &apos;x86_64&apos;, os.version: &apos;10.15.7&apos;, java.version: &apos;16.0.2&apos;
Driver info: driver.version: SafariDriver
remote stacktrace: 
	at org.openqa.selenium.remote.W3CHandshakeResponse.lambda$errorHandler$0(W3CHandshakeResponse.java:62)
	at org.openqa.selenium.remote.HandshakeResponse.lambda$getResponseFunction$0(HandshakeResponse.java:30)
	at org.openqa.selenium.remote.ProtocolHandshake.lambda$createSession$0(ProtocolHandshake.java:126)
	at java.base/java.util.stream.ReferencePipeline$3$1.accept(ReferencePipeline.java:197)
	at java.base/java.util.Spliterators$ArraySpliterator.tryAdvance(Spliterators.java:958)
	at java.base/java.util.stream.ReferencePipeline.forEachWithCancel(ReferencePipeline.java:129)
	at java.base/java.util.stream.AbstractPipeline.copyIntoWithCancel(AbstractPipeline.java:502)
	at java.base/java.util.stream.AbstractPipeline.copyInto(AbstractPipeline.java:488)
	at java.base/java.util.stream.AbstractPipeline.wrapAndCopyInto(AbstractPipeline.java:474)
	at java.base/java.util.stream.FindOps$FindOp.evaluateSequential(FindOps.java:150)
	at java.base/java.util.stream.AbstractPipeline.evaluate(AbstractPipeline.java:234)
	at java.base/java.util.stream.ReferencePipeline.findFirst(ReferencePipeline.java:647)
	at org.openqa.selenium.remote.ProtocolHandshake.createSession(ProtocolHandshake.java:128)
	at org.openqa.selenium.remote.ProtocolHandshake.createSession(ProtocolHandshake.java:74)
	at org.openqa.selenium.remote.HttpCommandExecutor.execute(HttpCommandExecutor.java:136)
	at org.openqa.selenium.remote.service.DriverCommandExecutor.execute(DriverCommandExecutor.java:83)
	at org.openqa.selenium.remote.RemoteWebDriver.execute(RemoteWebDriver.java:552)
	at org.openqa.selenium.remote.RemoteWebDriver.startSession(RemoteWebDriver.java:213)
	at org.openqa.selenium.remote.RemoteWebDriver.&lt;init&gt;(RemoteWebDriver.java:131)
	at org.openqa.selenium.safari.SafariDriver.&lt;init&gt;(SafariDriver.java:81)
	at org.openqa.selenium.safari.SafariDriver.&lt;init&gt;(SafariDriver.java:63)
	at org.openqa.selenium.safari.SafariDriver.&lt;init&gt;(SafariDriver.java:41)
	at com.challenge.pom.Base.driverConnection(Base.java:34)
	at com.challenge.test.ContactFormTest.beforeClass(ContactFormTest.java:26)
	at java.base/java.util.ArrayList.forEach(ArrayList.java:1511)
... Removed 30 stack frames
</div> <!-- stack-trace -->
                </div> <!-- method-content -->
              </div> <!-- method -->
              <div class="method">
                <div class="method-content">
                  <a name="pageValidates_FormFieldEmail_CannotBeBlank">
                  </a> <!-- pageValidates_FormFieldEmail_CannotBeBlank -->
                  <span class="method-name">pageValidates_FormFieldEmail_CannotBeBlank</span>
                  <div class="stack-trace">java.lang.IllegalStateException: The driver is not executable: /Users/Mac_JICO/eclipse-workspace/JorgeCanarioChallenge/src/test/resources/BrowserDriver/Windows8.1-KB2990999-x86.msu
	at com.google.common.base.Preconditions.checkState(Preconditions.java:585)
	at org.openqa.selenium.remote.service.DriverService.checkExecutable(DriverService.java:150)
	at org.openqa.selenium.remote.service.DriverService.findExecutable(DriverService.java:141)
	at org.openqa.selenium.ie.InternetExplorerDriverService.access$000(InternetExplorerDriverService.java:35)
	at org.openqa.selenium.ie.InternetExplorerDriverService$Builder.findDefaultExecutable(InternetExplorerDriverService.java:175)
	at org.openqa.selenium.remote.service.DriverService$Builder.build(DriverService.java:355)
	at org.openqa.selenium.ie.InternetExplorerDriver.setupService(InternetExplorerDriver.java:281)
	at org.openqa.selenium.ie.InternetExplorerDriver.&lt;init&gt;(InternetExplorerDriver.java:211)
	at org.openqa.selenium.ie.InternetExplorerDriver.&lt;init&gt;(InternetExplorerDriver.java:150)
	at com.challenge.pom.Base.driverConnection(Base.java:38)
	at com.challenge.test.ContactFormTest.beforeClass(ContactFormTest.java:26)
	at java.base/java.util.ArrayList.forEach(ArrayList.java:1511)
... Removed 25 stack frames
</div> <!-- stack-trace -->
                </div> <!-- method-content -->
              </div> <!-- method -->
              <div class="method">
                <div class="method-content">
                  <a name="pageValidates_FormFieldEmail_CannotBeBlank">
                  </a> <!-- pageValidates_FormFieldEmail_CannotBeBlank -->
                  <span class="method-name">pageValidates_FormFieldEmail_CannotBeBlank</span>
                  <div class="stack-trace">org.openqa.selenium.SessionNotCreatedException: Could not create a session: The Safari instance is already paired with another WebDriver session.
Build info: version: &apos;3.141.59&apos;, revision: &apos;e82be7d358&apos;, time: &apos;2018-11-14T08:17:03&apos;
System info: host: &apos;Jorges-MacBook-Pro.local&apos;, ip: &apos;192.168.43.13&apos;, os.name: &apos;Mac OS X&apos;, os.arch: &apos;x86_64&apos;, os.version: &apos;10.15.7&apos;, java.version: &apos;16.0.2&apos;
Driver info: driver.version: SafariDriver
remote stacktrace: 
	at org.openqa.selenium.remote.W3CHandshakeResponse.lambda$errorHandler$0(W3CHandshakeResponse.java:62)
	at org.openqa.selenium.remote.HandshakeResponse.lambda$getResponseFunction$0(HandshakeResponse.java:30)
	at org.openqa.selenium.remote.ProtocolHandshake.lambda$createSession$0(ProtocolHandshake.java:126)
	at java.base/java.util.stream.ReferencePipeline$3$1.accept(ReferencePipeline.java:197)
	at java.base/java.util.Spliterators$ArraySpliterator.tryAdvance(Spliterators.java:958)
	at java.base/java.util.stream.ReferencePipeline.forEachWithCancel(ReferencePipeline.java:129)
	at java.base/java.util.stream.AbstractPipeline.copyIntoWithCancel(AbstractPipeline.java:502)
	at java.base/java.util.stream.AbstractPipeline.copyInto(AbstractPipeline.java:488)
	at java.base/java.util.stream.AbstractPipeline.wrapAndCopyInto(AbstractPipeline.java:474)
	at java.base/java.util.stream.FindOps$FindOp.evaluateSequential(FindOps.java:150)
	at java.base/java.util.stream.AbstractPipeline.evaluate(AbstractPipeline.java:234)
	at java.base/java.util.stream.ReferencePipeline.findFirst(ReferencePipeline.java:647)
	at org.openqa.selenium.remote.ProtocolHandshake.createSession(ProtocolHandshake.java:128)
	at org.openqa.selenium.remote.ProtocolHandshake.createSession(ProtocolHandshake.java:74)
	at org.openqa.selenium.remote.HttpCommandExecutor.execute(HttpCommandExecutor.java:136)
	at org.openqa.selenium.remote.service.DriverCommandExecutor.execute(DriverCommandExecutor.java:83)
	at org.openqa.selenium.remote.RemoteWebDriver.execute(RemoteWebDriver.java:552)
	at org.openqa.selenium.remote.RemoteWebDriver.startSession(RemoteWebDriver.java:213)
	at org.openqa.selenium.remote.RemoteWebDriver.&lt;init&gt;(RemoteWebDriver.java:131)
	at org.openqa.selenium.safari.SafariDriver.&lt;init&gt;(SafariDriver.java:81)
	at org.openqa.selenium.safari.SafariDriver.&lt;init&gt;(SafariDriver.java:63)
	at org.openqa.selenium.safari.SafariDriver.&lt;init&gt;(SafariDriver.java:41)
	at com.challenge.pom.Base.driverConnection(Base.java:34)
	at com.challenge.test.ContactFormTest.beforeClass(ContactFormTest.java:26)
	at java.base/java.util.ArrayList.forEach(ArrayList.java:1511)
... Removed 30 stack frames
</div> <!-- stack-trace -->
                </div> <!-- method-content -->
              </div> <!-- method -->
              <div class="method">
                <div class="method-content">
                  <a name="pageValidates_FormFieldEmail_MustFollowRightFormat">
                  </a> <!-- pageValidates_FormFieldEmail_MustFollowRightFormat -->
                  <span class="method-name">pageValidates_FormFieldEmail_MustFollowRightFormat</span>
                  <div class="stack-trace">java.lang.IllegalStateException: The driver is not executable: /Users/Mac_JICO/eclipse-workspace/JorgeCanarioChallenge/src/test/resources/BrowserDriver/Windows8.1-KB2990999-x86.msu
	at com.google.common.base.Preconditions.checkState(Preconditions.java:585)
	at org.openqa.selenium.remote.service.DriverService.checkExecutable(DriverService.java:150)
	at org.openqa.selenium.remote.service.DriverService.findExecutable(DriverService.java:141)
	at org.openqa.selenium.ie.InternetExplorerDriverService.access$000(InternetExplorerDriverService.java:35)
	at org.openqa.selenium.ie.InternetExplorerDriverService$Builder.findDefaultExecutable(InternetExplorerDriverService.java:175)
	at org.openqa.selenium.remote.service.DriverService$Builder.build(DriverService.java:355)
	at org.openqa.selenium.ie.InternetExplorerDriver.setupService(InternetExplorerDriver.java:281)
	at org.openqa.selenium.ie.InternetExplorerDriver.&lt;init&gt;(InternetExplorerDriver.java:211)
	at org.openqa.selenium.ie.InternetExplorerDriver.&lt;init&gt;(InternetExplorerDriver.java:150)
	at com.challenge.pom.Base.driverConnection(Base.java:38)
	at com.challenge.test.ContactFormTest.beforeClass(ContactFormTest.java:26)
	at java.base/java.util.ArrayList.forEach(ArrayList.java:1511)
... Removed 25 stack frames
</div> <!-- stack-trace -->
                </div> <!-- method-content -->
              </div> <!-- method -->
              <div class="method">
                <div class="method-content">
                  <a name="pageValidates_FormFieldEmail_MustFollowRightFormat">
                  </a> <!-- pageValidates_FormFieldEmail_MustFollowRightFormat -->
                  <span class="method-name">pageValidates_FormFieldEmail_MustFollowRightFormat</span>
                  <div class="stack-trace">org.openqa.selenium.SessionNotCreatedException: Could not create a session: The Safari instance is already paired with another WebDriver session.
Build info: version: &apos;3.141.59&apos;, revision: &apos;e82be7d358&apos;, time: &apos;2018-11-14T08:17:03&apos;
System info: host: &apos;Jorges-MacBook-Pro.local&apos;, ip: &apos;192.168.43.13&apos;, os.name: &apos;Mac OS X&apos;, os.arch: &apos;x86_64&apos;, os.version: &apos;10.15.7&apos;, java.version: &apos;16.0.2&apos;
Driver info: driver.version: SafariDriver
remote stacktrace: 
	at org.openqa.selenium.remote.W3CHandshakeResponse.lambda$errorHandler$0(W3CHandshakeResponse.java:62)
	at org.openqa.selenium.remote.HandshakeResponse.lambda$getResponseFunction$0(HandshakeResponse.java:30)
	at org.openqa.selenium.remote.ProtocolHandshake.lambda$createSession$0(ProtocolHandshake.java:126)
	at java.base/java.util.stream.ReferencePipeline$3$1.accept(ReferencePipeline.java:197)
	at java.base/java.util.Spliterators$ArraySpliterator.tryAdvance(Spliterators.java:958)
	at java.base/java.util.stream.ReferencePipeline.forEachWithCancel(ReferencePipeline.java:129)
	at java.base/java.util.stream.AbstractPipeline.copyIntoWithCancel(AbstractPipeline.java:502)
	at java.base/java.util.stream.AbstractPipeline.copyInto(AbstractPipeline.java:488)
	at java.base/java.util.stream.AbstractPipeline.wrapAndCopyInto(AbstractPipeline.java:474)
	at java.base/java.util.stream.FindOps$FindOp.evaluateSequential(FindOps.java:150)
	at java.base/java.util.stream.AbstractPipeline.evaluate(AbstractPipeline.java:234)
	at java.base/java.util.stream.ReferencePipeline.findFirst(ReferencePipeline.java:647)
	at org.openqa.selenium.remote.ProtocolHandshake.createSession(ProtocolHandshake.java:128)
	at org.openqa.selenium.remote.ProtocolHandshake.createSession(ProtocolHandshake.java:74)
	at org.openqa.selenium.remote.HttpCommandExecutor.execute(HttpCommandExecutor.java:136)
	at org.openqa.selenium.remote.service.DriverCommandExecutor.execute(DriverCommandExecutor.java:83)
	at org.openqa.selenium.remote.RemoteWebDriver.execute(RemoteWebDriver.java:552)
	at org.openqa.selenium.remote.RemoteWebDriver.startSession(RemoteWebDriver.java:213)
	at org.openqa.selenium.remote.RemoteWebDriver.&lt;init&gt;(RemoteWebDriver.java:131)
	at org.openqa.selenium.safari.SafariDriver.&lt;init&gt;(SafariDriver.java:81)
	at org.openqa.selenium.safari.SafariDriver.&lt;init&gt;(SafariDriver.java:63)
	at org.openqa.selenium.safari.SafariDriver.&lt;init&gt;(SafariDriver.java:41)
	at com.challenge.pom.Base.driverConnection(Base.java:34)
	at com.challenge.test.ContactFormTest.beforeClass(ContactFormTest.java:26)
	at java.base/java.util.ArrayList.forEach(ArrayList.java:1511)
... Removed 30 stack frames
</div> <!-- stack-trace -->
                </div> <!-- method-content -->
              </div> <!-- method -->
              <div class="method">
                <div class="method-content">
                  <a name="pageValidates_FormFieldMessage_CannotBeBlank">
                  </a> <!-- pageValidates_FormFieldMessage_CannotBeBlank -->
                  <span class="method-name">pageValidates_FormFieldMessage_CannotBeBlank</span>
                  <div class="stack-trace">java.lang.IllegalStateException: The driver is not executable: /Users/Mac_JICO/eclipse-workspace/JorgeCanarioChallenge/src/test/resources/BrowserDriver/Windows8.1-KB2990999-x86.msu
	at com.google.common.base.Preconditions.checkState(Preconditions.java:585)
	at org.openqa.selenium.remote.service.DriverService.checkExecutable(DriverService.java:150)
	at org.openqa.selenium.remote.service.DriverService.findExecutable(DriverService.java:141)
	at org.openqa.selenium.ie.InternetExplorerDriverService.access$000(InternetExplorerDriverService.java:35)
	at org.openqa.selenium.ie.InternetExplorerDriverService$Builder.findDefaultExecutable(InternetExplorerDriverService.java:175)
	at org.openqa.selenium.remote.service.DriverService$Builder.build(DriverService.java:355)
	at org.openqa.selenium.ie.InternetExplorerDriver.setupService(InternetExplorerDriver.java:281)
	at org.openqa.selenium.ie.InternetExplorerDriver.&lt;init&gt;(InternetExplorerDriver.java:211)
	at org.openqa.selenium.ie.InternetExplorerDriver.&lt;init&gt;(InternetExplorerDriver.java:150)
	at com.challenge.pom.Base.driverConnection(Base.java:38)
	at com.challenge.test.ContactFormTest.beforeClass(ContactFormTest.java:26)
	at java.base/java.util.ArrayList.forEach(ArrayList.java:1511)
... Removed 25 stack frames
</div> <!-- stack-trace -->
                </div> <!-- method-content -->
              </div> <!-- method -->
              <div class="method">
                <div class="method-content">
                  <a name="pageValidates_FormFieldMessage_CannotBeBlank">
                  </a> <!-- pageValidates_FormFieldMessage_CannotBeBlank -->
                  <span class="method-name">pageValidates_FormFieldMessage_CannotBeBlank</span>
                  <div class="stack-trace">org.openqa.selenium.SessionNotCreatedException: Could not create a session: The Safari instance is already paired with another WebDriver session.
Build info: version: &apos;3.141.59&apos;, revision: &apos;e82be7d358&apos;, time: &apos;2018-11-14T08:17:03&apos;
System info: host: &apos;Jorges-MacBook-Pro.local&apos;, ip: &apos;192.168.43.13&apos;, os.name: &apos;Mac OS X&apos;, os.arch: &apos;x86_64&apos;, os.version: &apos;10.15.7&apos;, java.version: &apos;16.0.2&apos;
Driver info: driver.version: SafariDriver
remote stacktrace: 
	at org.openqa.selenium.remote.W3CHandshakeResponse.lambda$errorHandler$0(W3CHandshakeResponse.java:62)
	at org.openqa.selenium.remote.HandshakeResponse.lambda$getResponseFunction$0(HandshakeResponse.java:30)
	at org.openqa.selenium.remote.ProtocolHandshake.lambda$createSession$0(ProtocolHandshake.java:126)
	at java.base/java.util.stream.ReferencePipeline$3$1.accept(ReferencePipeline.java:197)
	at java.base/java.util.Spliterators$ArraySpliterator.tryAdvance(Spliterators.java:958)
	at java.base/java.util.stream.ReferencePipeline.forEachWithCancel(ReferencePipeline.java:129)
	at java.base/java.util.stream.AbstractPipeline.copyIntoWithCancel(AbstractPipeline.java:502)
	at java.base/java.util.stream.AbstractPipeline.copyInto(AbstractPipeline.java:488)
	at java.base/java.util.stream.AbstractPipeline.wrapAndCopyInto(AbstractPipeline.java:474)
	at java.base/java.util.stream.FindOps$FindOp.evaluateSequential(FindOps.java:150)
	at java.base/java.util.stream.AbstractPipeline.evaluate(AbstractPipeline.java:234)
	at java.base/java.util.stream.ReferencePipeline.findFirst(ReferencePipeline.java:647)
	at org.openqa.selenium.remote.ProtocolHandshake.createSession(ProtocolHandshake.java:128)
	at org.openqa.selenium.remote.ProtocolHandshake.createSession(ProtocolHandshake.java:74)
	at org.openqa.selenium.remote.HttpCommandExecutor.execute(HttpCommandExecutor.java:136)
	at org.openqa.selenium.remote.service.DriverCommandExecutor.execute(DriverCommandExecutor.java:83)
	at org.openqa.selenium.remote.RemoteWebDriver.execute(RemoteWebDriver.java:552)
	at org.openqa.selenium.remote.RemoteWebDriver.startSession(RemoteWebDriver.java:213)
	at org.openqa.selenium.remote.RemoteWebDriver.&lt;init&gt;(RemoteWebDriver.java:131)
	at org.openqa.selenium.safari.SafariDriver.&lt;init&gt;(SafariDriver.java:81)
	at org.openqa.selenium.safari.SafariDriver.&lt;init&gt;(SafariDriver.java:63)
	at org.openqa.selenium.safari.SafariDriver.&lt;init&gt;(SafariDriver.java:41)
	at com.challenge.pom.Base.driverConnection(Base.java:34)
	at com.challenge.test.ContactFormTest.beforeClass(ContactFormTest.java:26)
	at java.base/java.util.ArrayList.forEach(ArrayList.java:1511)
... Removed 30 stack frames
</div> <!-- stack-trace -->
                </div> <!-- method-content -->
              </div> <!-- method -->
              <div class="method">
                <div class="method-content">
                  <a name="pageValidates_FormFieldSubject_CannotBeBlank">
                  </a> <!-- pageValidates_FormFieldSubject_CannotBeBlank -->
                  <span class="method-name">pageValidates_FormFieldSubject_CannotBeBlank</span>
                  <div class="stack-trace">java.lang.IllegalStateException: The driver is not executable: /Users/Mac_JICO/eclipse-workspace/JorgeCanarioChallenge/src/test/resources/BrowserDriver/Windows8.1-KB2990999-x86.msu
	at com.google.common.base.Preconditions.checkState(Preconditions.java:585)
	at org.openqa.selenium.remote.service.DriverService.checkExecutable(DriverService.java:150)
	at org.openqa.selenium.remote.service.DriverService.findExecutable(DriverService.java:141)
	at org.openqa.selenium.ie.InternetExplorerDriverService.access$000(InternetExplorerDriverService.java:35)
	at org.openqa.selenium.ie.InternetExplorerDriverService$Builder.findDefaultExecutable(InternetExplorerDriverService.java:175)
	at org.openqa.selenium.remote.service.DriverService$Builder.build(DriverService.java:355)
	at org.openqa.selenium.ie.InternetExplorerDriver.setupService(InternetExplorerDriver.java:281)
	at org.openqa.selenium.ie.InternetExplorerDriver.&lt;init&gt;(InternetExplorerDriver.java:211)
	at org.openqa.selenium.ie.InternetExplorerDriver.&lt;init&gt;(InternetExplorerDriver.java:150)
	at com.challenge.pom.Base.driverConnection(Base.java:38)
	at com.challenge.test.ContactFormTest.beforeClass(ContactFormTest.java:26)
	at java.base/java.util.ArrayList.forEach(ArrayList.java:1511)
... Removed 25 stack frames
</div> <!-- stack-trace -->
                </div> <!-- method-content -->
              </div> <!-- method -->
              <div class="method">
                <div class="method-content">
                  <a name="pageValidates_FormFieldSubject_CannotBeBlank">
                  </a> <!-- pageValidates_FormFieldSubject_CannotBeBlank -->
                  <span class="method-name">pageValidates_FormFieldSubject_CannotBeBlank</span>
                  <div class="stack-trace">org.openqa.selenium.SessionNotCreatedException: Could not create a session: The Safari instance is already paired with another WebDriver session.
Build info: version: &apos;3.141.59&apos;, revision: &apos;e82be7d358&apos;, time: &apos;2018-11-14T08:17:03&apos;
System info: host: &apos;Jorges-MacBook-Pro.local&apos;, ip: &apos;192.168.43.13&apos;, os.name: &apos;Mac OS X&apos;, os.arch: &apos;x86_64&apos;, os.version: &apos;10.15.7&apos;, java.version: &apos;16.0.2&apos;
Driver info: driver.version: SafariDriver
remote stacktrace: 
	at org.openqa.selenium.remote.W3CHandshakeResponse.lambda$errorHandler$0(W3CHandshakeResponse.java:62)
	at org.openqa.selenium.remote.HandshakeResponse.lambda$getResponseFunction$0(HandshakeResponse.java:30)
	at org.openqa.selenium.remote.ProtocolHandshake.lambda$createSession$0(ProtocolHandshake.java:126)
	at java.base/java.util.stream.ReferencePipeline$3$1.accept(ReferencePipeline.java:197)
	at java.base/java.util.Spliterators$ArraySpliterator.tryAdvance(Spliterators.java:958)
	at java.base/java.util.stream.ReferencePipeline.forEachWithCancel(ReferencePipeline.java:129)
	at java.base/java.util.stream.AbstractPipeline.copyIntoWithCancel(AbstractPipeline.java:502)
	at java.base/java.util.stream.AbstractPipeline.copyInto(AbstractPipeline.java:488)
	at java.base/java.util.stream.AbstractPipeline.wrapAndCopyInto(AbstractPipeline.java:474)
	at java.base/java.util.stream.FindOps$FindOp.evaluateSequential(FindOps.java:150)
	at java.base/java.util.stream.AbstractPipeline.evaluate(AbstractPipeline.java:234)
	at java.base/java.util.stream.ReferencePipeline.findFirst(ReferencePipeline.java:647)
	at org.openqa.selenium.remote.ProtocolHandshake.createSession(ProtocolHandshake.java:128)
	at org.openqa.selenium.remote.ProtocolHandshake.createSession(ProtocolHandshake.java:74)
	at org.openqa.selenium.remote.HttpCommandExecutor.execute(HttpCommandExecutor.java:136)
	at org.openqa.selenium.remote.service.DriverCommandExecutor.execute(DriverCommandExecutor.java:83)
	at org.openqa.selenium.remote.RemoteWebDriver.execute(RemoteWebDriver.java:552)
	at org.openqa.selenium.remote.RemoteWebDriver.startSession(RemoteWebDriver.java:213)
	at org.openqa.selenium.remote.RemoteWebDriver.&lt;init&gt;(RemoteWebDriver.java:131)
	at org.openqa.selenium.safari.SafariDriver.&lt;init&gt;(SafariDriver.java:81)
	at org.openqa.selenium.safari.SafariDriver.&lt;init&gt;(SafariDriver.java:63)
	at org.openqa.selenium.safari.SafariDriver.&lt;init&gt;(SafariDriver.java:41)
	at com.challenge.pom.Base.driverConnection(Base.java:34)
	at com.challenge.test.ContactFormTest.beforeClass(ContactFormTest.java:26)
	at java.base/java.util.ArrayList.forEach(ArrayList.java:1511)
... Removed 30 stack frames
</div> <!-- stack-trace -->
                </div> <!-- method-content -->
              </div> <!-- method -->
            </div> <!-- main-panel-content rounded-window-bottom -->
          </div> <!-- suite-Suite-class-skipped -->
          <div class="suite-Suite-class-skipped">
            <div class="main-panel-header rounded-window-top">
              <img src="skipped.png"/>
              <span class="class-name">com.challenge.test.ShoppingCartNavigationWidgetTest</span>
            </div> <!-- main-panel-header rounded-window-top -->
            <div class="main-panel-content rounded-window-bottom">
              <div class="method">
                <div class="method-content">
                  <a name="itemsFromCategorySection_CanBeAddedToCart_Successfully">
                  </a> <!-- itemsFromCategorySection_CanBeAddedToCart_Successfully -->
                  <span class="method-name">itemsFromCategorySection_CanBeAddedToCart_Successfully</span>
                  <div class="stack-trace">java.lang.IllegalStateException: The driver is not executable: /Users/Mac_JICO/eclipse-workspace/JorgeCanarioChallenge/src/test/resources/BrowserDriver/Windows8.1-KB2990999-x86.msu
	at com.google.common.base.Preconditions.checkState(Preconditions.java:585)
	at org.openqa.selenium.remote.service.DriverService.checkExecutable(DriverService.java:150)
	at org.openqa.selenium.remote.service.DriverService.findExecutable(DriverService.java:141)
	at org.openqa.selenium.ie.InternetExplorerDriverService.access$000(InternetExplorerDriverService.java:35)
	at org.openqa.selenium.ie.InternetExplorerDriverService$Builder.findDefaultExecutable(InternetExplorerDriverService.java:175)
	at org.openqa.selenium.remote.service.DriverService$Builder.build(DriverService.java:355)
	at org.openqa.selenium.ie.InternetExplorerDriver.setupService(InternetExplorerDriver.java:281)
	at org.openqa.selenium.ie.InternetExplorerDriver.&lt;init&gt;(InternetExplorerDriver.java:211)
	at org.openqa.selenium.ie.InternetExplorerDriver.&lt;init&gt;(InternetExplorerDriver.java:150)
	at com.challenge.pom.Base.driverConnection(Base.java:38)
	at com.challenge.test.ShoppingCartNavigationWidgetTest.beforeClass(ShoppingCartNavigationWidgetTest.java:37)
	at java.base/java.util.ArrayList.forEach(ArrayList.java:1511)
... Removed 25 stack frames
</div> <!-- stack-trace -->
                </div> <!-- method-content -->
              </div> <!-- method -->
              <div class="method">
                <div class="method-content">
                  <a name="itemsFromCategorySection_CanBeAddedToCart_Successfully">
                  </a> <!-- itemsFromCategorySection_CanBeAddedToCart_Successfully -->
                  <span class="method-name">itemsFromCategorySection_CanBeAddedToCart_Successfully</span>
                  <div class="stack-trace">org.openqa.selenium.SessionNotCreatedException: Could not create a session: The Safari instance is already paired with another WebDriver session.
Build info: version: &apos;3.141.59&apos;, revision: &apos;e82be7d358&apos;, time: &apos;2018-11-14T08:17:03&apos;
System info: host: &apos;Jorges-MacBook-Pro.local&apos;, ip: &apos;192.168.43.13&apos;, os.name: &apos;Mac OS X&apos;, os.arch: &apos;x86_64&apos;, os.version: &apos;10.15.7&apos;, java.version: &apos;16.0.2&apos;
Driver info: driver.version: SafariDriver
remote stacktrace: 
	at org.openqa.selenium.remote.W3CHandshakeResponse.lambda$errorHandler$0(W3CHandshakeResponse.java:62)
	at org.openqa.selenium.remote.HandshakeResponse.lambda$getResponseFunction$0(HandshakeResponse.java:30)
	at org.openqa.selenium.remote.ProtocolHandshake.lambda$createSession$0(ProtocolHandshake.java:126)
	at java.base/java.util.stream.ReferencePipeline$3$1.accept(ReferencePipeline.java:197)
	at java.base/java.util.Spliterators$ArraySpliterator.tryAdvance(Spliterators.java:958)
	at java.base/java.util.stream.ReferencePipeline.forEachWithCancel(ReferencePipeline.java:129)
	at java.base/java.util.stream.AbstractPipeline.copyIntoWithCancel(AbstractPipeline.java:502)
	at java.base/java.util.stream.AbstractPipeline.copyInto(AbstractPipeline.java:488)
	at java.base/java.util.stream.AbstractPipeline.wrapAndCopyInto(AbstractPipeline.java:474)
	at java.base/java.util.stream.FindOps$FindOp.evaluateSequential(FindOps.java:150)
	at java.base/java.util.stream.AbstractPipeline.evaluate(AbstractPipeline.java:234)
	at java.base/java.util.stream.ReferencePipeline.findFirst(ReferencePipeline.java:647)
	at org.openqa.selenium.remote.ProtocolHandshake.createSession(ProtocolHandshake.java:128)
	at org.openqa.selenium.remote.ProtocolHandshake.createSession(ProtocolHandshake.java:74)
	at org.openqa.selenium.remote.HttpCommandExecutor.execute(HttpCommandExecutor.java:136)
	at org.openqa.selenium.remote.service.DriverCommandExecutor.execute(DriverCommandExecutor.java:83)
	at org.openqa.selenium.remote.RemoteWebDriver.execute(RemoteWebDriver.java:552)
	at org.openqa.selenium.remote.RemoteWebDriver.startSession(RemoteWebDriver.java:213)
	at org.openqa.selenium.remote.RemoteWebDriver.&lt;init&gt;(RemoteWebDriver.java:131)
	at org.openqa.selenium.safari.SafariDriver.&lt;init&gt;(SafariDriver.java:81)
	at org.openqa.selenium.safari.SafariDriver.&lt;init&gt;(SafariDriver.java:63)
	at org.openqa.selenium.safari.SafariDriver.&lt;init&gt;(SafariDriver.java:41)
	at com.challenge.pom.Base.driverConnection(Base.java:34)
	at com.challenge.test.ShoppingCartNavigationWidgetTest.beforeClass(ShoppingCartNavigationWidgetTest.java:37)
	at java.base/java.util.ArrayList.forEach(ArrayList.java:1511)
... Removed 30 stack frames
</div> <!-- stack-trace -->
                </div> <!-- method-content -->
              </div> <!-- method -->
              <div class="method">
                <div class="method-content">
                  <a name="itemsSearched_CanBeAddedToCart_Successfully">
                  </a> <!-- itemsSearched_CanBeAddedToCart_Successfully -->
                  <span class="method-name">itemsSearched_CanBeAddedToCart_Successfully</span>
                  <div class="stack-trace">java.lang.IllegalStateException: The driver is not executable: /Users/Mac_JICO/eclipse-workspace/JorgeCanarioChallenge/src/test/resources/BrowserDriver/Windows8.1-KB2990999-x86.msu
	at com.google.common.base.Preconditions.checkState(Preconditions.java:585)
	at org.openqa.selenium.remote.service.DriverService.checkExecutable(DriverService.java:150)
	at org.openqa.selenium.remote.service.DriverService.findExecutable(DriverService.java:141)
	at org.openqa.selenium.ie.InternetExplorerDriverService.access$000(InternetExplorerDriverService.java:35)
	at org.openqa.selenium.ie.InternetExplorerDriverService$Builder.findDefaultExecutable(InternetExplorerDriverService.java:175)
	at org.openqa.selenium.remote.service.DriverService$Builder.build(DriverService.java:355)
	at org.openqa.selenium.ie.InternetExplorerDriver.setupService(InternetExplorerDriver.java:281)
	at org.openqa.selenium.ie.InternetExplorerDriver.&lt;init&gt;(InternetExplorerDriver.java:211)
	at org.openqa.selenium.ie.InternetExplorerDriver.&lt;init&gt;(InternetExplorerDriver.java:150)
	at com.challenge.pom.Base.driverConnection(Base.java:38)
	at com.challenge.test.ShoppingCartNavigationWidgetTest.beforeClass(ShoppingCartNavigationWidgetTest.java:37)
	at java.base/java.util.ArrayList.forEach(ArrayList.java:1511)
... Removed 25 stack frames
</div> <!-- stack-trace -->
                </div> <!-- method-content -->
              </div> <!-- method -->
              <div class="method">
                <div class="method-content">
                  <a name="itemsSearched_CanBeAddedToCart_Successfully">
                  </a> <!-- itemsSearched_CanBeAddedToCart_Successfully -->
                  <span class="method-name">itemsSearched_CanBeAddedToCart_Successfully</span>
                  <div class="stack-trace">org.openqa.selenium.SessionNotCreatedException: Could not create a session: The Safari instance is already paired with another WebDriver session.
Build info: version: &apos;3.141.59&apos;, revision: &apos;e82be7d358&apos;, time: &apos;2018-11-14T08:17:03&apos;
System info: host: &apos;Jorges-MacBook-Pro.local&apos;, ip: &apos;192.168.43.13&apos;, os.name: &apos;Mac OS X&apos;, os.arch: &apos;x86_64&apos;, os.version: &apos;10.15.7&apos;, java.version: &apos;16.0.2&apos;
Driver info: driver.version: SafariDriver
remote stacktrace: 
	at org.openqa.selenium.remote.W3CHandshakeResponse.lambda$errorHandler$0(W3CHandshakeResponse.java:62)
	at org.openqa.selenium.remote.HandshakeResponse.lambda$getResponseFunction$0(HandshakeResponse.java:30)
	at org.openqa.selenium.remote.ProtocolHandshake.lambda$createSession$0(ProtocolHandshake.java:126)
	at java.base/java.util.stream.ReferencePipeline$3$1.accept(ReferencePipeline.java:197)
	at java.base/java.util.Spliterators$ArraySpliterator.tryAdvance(Spliterators.java:958)
	at java.base/java.util.stream.ReferencePipeline.forEachWithCancel(ReferencePipeline.java:129)
	at java.base/java.util.stream.AbstractPipeline.copyIntoWithCancel(AbstractPipeline.java:502)
	at java.base/java.util.stream.AbstractPipeline.copyInto(AbstractPipeline.java:488)
	at java.base/java.util.stream.AbstractPipeline.wrapAndCopyInto(AbstractPipeline.java:474)
	at java.base/java.util.stream.FindOps$FindOp.evaluateSequential(FindOps.java:150)
	at java.base/java.util.stream.AbstractPipeline.evaluate(AbstractPipeline.java:234)
	at java.base/java.util.stream.ReferencePipeline.findFirst(ReferencePipeline.java:647)
	at org.openqa.selenium.remote.ProtocolHandshake.createSession(ProtocolHandshake.java:128)
	at org.openqa.selenium.remote.ProtocolHandshake.createSession(ProtocolHandshake.java:74)
	at org.openqa.selenium.remote.HttpCommandExecutor.execute(HttpCommandExecutor.java:136)
	at org.openqa.selenium.remote.service.DriverCommandExecutor.execute(DriverCommandExecutor.java:83)
	at org.openqa.selenium.remote.RemoteWebDriver.execute(RemoteWebDriver.java:552)
	at org.openqa.selenium.remote.RemoteWebDriver.startSession(RemoteWebDriver.java:213)
	at org.openqa.selenium.remote.RemoteWebDriver.&lt;init&gt;(RemoteWebDriver.java:131)
	at org.openqa.selenium.safari.SafariDriver.&lt;init&gt;(SafariDriver.java:81)
	at org.openqa.selenium.safari.SafariDriver.&lt;init&gt;(SafariDriver.java:63)
	at org.openqa.selenium.safari.SafariDriver.&lt;init&gt;(SafariDriver.java:41)
	at com.challenge.pom.Base.driverConnection(Base.java:34)
	at com.challenge.test.ShoppingCartNavigationWidgetTest.beforeClass(ShoppingCartNavigationWidgetTest.java:37)
	at java.base/java.util.ArrayList.forEach(ArrayList.java:1511)
... Removed 30 stack frames
</div> <!-- stack-trace -->
                </div> <!-- method-content -->
              </div> <!-- method -->
              <div class="method">
                <div class="method-content">
                  <a name="shoppingCartWidgetCheckOutBtn_RedirectToShoppingCartPage_Successfully">
                  </a> <!-- shoppingCartWidgetCheckOutBtn_RedirectToShoppingCartPage_Successfully -->
                  <span class="method-name">shoppingCartWidgetCheckOutBtn_RedirectToShoppingCartPage_Successfully</span>
                  <div class="stack-trace">java.lang.IllegalStateException: The driver is not executable: /Users/Mac_JICO/eclipse-workspace/JorgeCanarioChallenge/src/test/resources/BrowserDriver/Windows8.1-KB2990999-x86.msu
	at com.google.common.base.Preconditions.checkState(Preconditions.java:585)
	at org.openqa.selenium.remote.service.DriverService.checkExecutable(DriverService.java:150)
	at org.openqa.selenium.remote.service.DriverService.findExecutable(DriverService.java:141)
	at org.openqa.selenium.ie.InternetExplorerDriverService.access$000(InternetExplorerDriverService.java:35)
	at org.openqa.selenium.ie.InternetExplorerDriverService$Builder.findDefaultExecutable(InternetExplorerDriverService.java:175)
	at org.openqa.selenium.remote.service.DriverService$Builder.build(DriverService.java:355)
	at org.openqa.selenium.ie.InternetExplorerDriver.setupService(InternetExplorerDriver.java:281)
	at org.openqa.selenium.ie.InternetExplorerDriver.&lt;init&gt;(InternetExplorerDriver.java:211)
	at org.openqa.selenium.ie.InternetExplorerDriver.&lt;init&gt;(InternetExplorerDriver.java:150)
	at com.challenge.pom.Base.driverConnection(Base.java:38)
	at com.challenge.test.ShoppingCartNavigationWidgetTest.beforeClass(ShoppingCartNavigationWidgetTest.java:37)
	at java.base/java.util.ArrayList.forEach(ArrayList.java:1511)
... Removed 25 stack frames
</div> <!-- stack-trace -->
                </div> <!-- method-content -->
              </div> <!-- method -->
              <div class="method">
                <div class="method-content">
                  <a name="shoppingCartWidgetCheckOutBtn_RedirectToShoppingCartPage_Successfully">
                  </a> <!-- shoppingCartWidgetCheckOutBtn_RedirectToShoppingCartPage_Successfully -->
                  <span class="method-name">shoppingCartWidgetCheckOutBtn_RedirectToShoppingCartPage_Successfully</span>
                  <div class="stack-trace">org.openqa.selenium.SessionNotCreatedException: Could not create a session: The Safari instance is already paired with another WebDriver session.
Build info: version: &apos;3.141.59&apos;, revision: &apos;e82be7d358&apos;, time: &apos;2018-11-14T08:17:03&apos;
System info: host: &apos;Jorges-MacBook-Pro.local&apos;, ip: &apos;192.168.43.13&apos;, os.name: &apos;Mac OS X&apos;, os.arch: &apos;x86_64&apos;, os.version: &apos;10.15.7&apos;, java.version: &apos;16.0.2&apos;
Driver info: driver.version: SafariDriver
remote stacktrace: 
	at org.openqa.selenium.remote.W3CHandshakeResponse.lambda$errorHandler$0(W3CHandshakeResponse.java:62)
	at org.openqa.selenium.remote.HandshakeResponse.lambda$getResponseFunction$0(HandshakeResponse.java:30)
	at org.openqa.selenium.remote.ProtocolHandshake.lambda$createSession$0(ProtocolHandshake.java:126)
	at java.base/java.util.stream.ReferencePipeline$3$1.accept(ReferencePipeline.java:197)
	at java.base/java.util.Spliterators$ArraySpliterator.tryAdvance(Spliterators.java:958)
	at java.base/java.util.stream.ReferencePipeline.forEachWithCancel(ReferencePipeline.java:129)
	at java.base/java.util.stream.AbstractPipeline.copyIntoWithCancel(AbstractPipeline.java:502)
	at java.base/java.util.stream.AbstractPipeline.copyInto(AbstractPipeline.java:488)
	at java.base/java.util.stream.AbstractPipeline.wrapAndCopyInto(AbstractPipeline.java:474)
	at java.base/java.util.stream.FindOps$FindOp.evaluateSequential(FindOps.java:150)
	at java.base/java.util.stream.AbstractPipeline.evaluate(AbstractPipeline.java:234)
	at java.base/java.util.stream.ReferencePipeline.findFirst(ReferencePipeline.java:647)
	at org.openqa.selenium.remote.ProtocolHandshake.createSession(ProtocolHandshake.java:128)
	at org.openqa.selenium.remote.ProtocolHandshake.createSession(ProtocolHandshake.java:74)
	at org.openqa.selenium.remote.HttpCommandExecutor.execute(HttpCommandExecutor.java:136)
	at org.openqa.selenium.remote.service.DriverCommandExecutor.execute(DriverCommandExecutor.java:83)
	at org.openqa.selenium.remote.RemoteWebDriver.execute(RemoteWebDriver.java:552)
	at org.openqa.selenium.remote.RemoteWebDriver.startSession(RemoteWebDriver.java:213)
	at org.openqa.selenium.remote.RemoteWebDriver.&lt;init&gt;(RemoteWebDriver.java:131)
	at org.openqa.selenium.safari.SafariDriver.&lt;init&gt;(SafariDriver.java:81)
	at org.openqa.selenium.safari.SafariDriver.&lt;init&gt;(SafariDriver.java:63)
	at org.openqa.selenium.safari.SafariDriver.&lt;init&gt;(SafariDriver.java:41)
	at com.challenge.pom.Base.driverConnection(Base.java:34)
	at com.challenge.test.ShoppingCartNavigationWidgetTest.beforeClass(ShoppingCartNavigationWidgetTest.java:37)
	at java.base/java.util.ArrayList.forEach(ArrayList.java:1511)
... Removed 30 stack frames
</div> <!-- stack-trace -->
                </div> <!-- method-content -->
              </div> <!-- method -->
              <div class="method">
                <div class="method-content">
                  <a name="shoppingCartWidgetItems_CanBeDeleted_Successfully">
                  </a> <!-- shoppingCartWidgetItems_CanBeDeleted_Successfully -->
                  <span class="method-name">shoppingCartWidgetItems_CanBeDeleted_Successfully</span>
                  <div class="stack-trace">java.lang.IllegalStateException: The driver is not executable: /Users/Mac_JICO/eclipse-workspace/JorgeCanarioChallenge/src/test/resources/BrowserDriver/Windows8.1-KB2990999-x86.msu
	at com.google.common.base.Preconditions.checkState(Preconditions.java:585)
	at org.openqa.selenium.remote.service.DriverService.checkExecutable(DriverService.java:150)
	at org.openqa.selenium.remote.service.DriverService.findExecutable(DriverService.java:141)
	at org.openqa.selenium.ie.InternetExplorerDriverService.access$000(InternetExplorerDriverService.java:35)
	at org.openqa.selenium.ie.InternetExplorerDriverService$Builder.findDefaultExecutable(InternetExplorerDriverService.java:175)
	at org.openqa.selenium.remote.service.DriverService$Builder.build(DriverService.java:355)
	at org.openqa.selenium.ie.InternetExplorerDriver.setupService(InternetExplorerDriver.java:281)
	at org.openqa.selenium.ie.InternetExplorerDriver.&lt;init&gt;(InternetExplorerDriver.java:211)
	at org.openqa.selenium.ie.InternetExplorerDriver.&lt;init&gt;(InternetExplorerDriver.java:150)
	at com.challenge.pom.Base.driverConnection(Base.java:38)
	at com.challenge.test.ShoppingCartNavigationWidgetTest.beforeClass(ShoppingCartNavigationWidgetTest.java:37)
	at java.base/java.util.ArrayList.forEach(ArrayList.java:1511)
... Removed 25 stack frames
</div> <!-- stack-trace -->
                </div> <!-- method-content -->
              </div> <!-- method -->
              <div class="method">
                <div class="method-content">
                  <a name="shoppingCartWidgetItems_CanBeDeleted_Successfully">
                  </a> <!-- shoppingCartWidgetItems_CanBeDeleted_Successfully -->
                  <span class="method-name">shoppingCartWidgetItems_CanBeDeleted_Successfully</span>
                  <div class="stack-trace">org.openqa.selenium.SessionNotCreatedException: Could not create a session: The Safari instance is already paired with another WebDriver session.
Build info: version: &apos;3.141.59&apos;, revision: &apos;e82be7d358&apos;, time: &apos;2018-11-14T08:17:03&apos;
System info: host: &apos;Jorges-MacBook-Pro.local&apos;, ip: &apos;192.168.43.13&apos;, os.name: &apos;Mac OS X&apos;, os.arch: &apos;x86_64&apos;, os.version: &apos;10.15.7&apos;, java.version: &apos;16.0.2&apos;
Driver info: driver.version: SafariDriver
remote stacktrace: 
	at org.openqa.selenium.remote.W3CHandshakeResponse.lambda$errorHandler$0(W3CHandshakeResponse.java:62)
	at org.openqa.selenium.remote.HandshakeResponse.lambda$getResponseFunction$0(HandshakeResponse.java:30)
	at org.openqa.selenium.remote.ProtocolHandshake.lambda$createSession$0(ProtocolHandshake.java:126)
	at java.base/java.util.stream.ReferencePipeline$3$1.accept(ReferencePipeline.java:197)
	at java.base/java.util.Spliterators$ArraySpliterator.tryAdvance(Spliterators.java:958)
	at java.base/java.util.stream.ReferencePipeline.forEachWithCancel(ReferencePipeline.java:129)
	at java.base/java.util.stream.AbstractPipeline.copyIntoWithCancel(AbstractPipeline.java:502)
	at java.base/java.util.stream.AbstractPipeline.copyInto(AbstractPipeline.java:488)
	at java.base/java.util.stream.AbstractPipeline.wrapAndCopyInto(AbstractPipeline.java:474)
	at java.base/java.util.stream.FindOps$FindOp.evaluateSequential(FindOps.java:150)
	at java.base/java.util.stream.AbstractPipeline.evaluate(AbstractPipeline.java:234)
	at java.base/java.util.stream.ReferencePipeline.findFirst(ReferencePipeline.java:647)
	at org.openqa.selenium.remote.ProtocolHandshake.createSession(ProtocolHandshake.java:128)
	at org.openqa.selenium.remote.ProtocolHandshake.createSession(ProtocolHandshake.java:74)
	at org.openqa.selenium.remote.HttpCommandExecutor.execute(HttpCommandExecutor.java:136)
	at org.openqa.selenium.remote.service.DriverCommandExecutor.execute(DriverCommandExecutor.java:83)
	at org.openqa.selenium.remote.RemoteWebDriver.execute(RemoteWebDriver.java:552)
	at org.openqa.selenium.remote.RemoteWebDriver.startSession(RemoteWebDriver.java:213)
	at org.openqa.selenium.remote.RemoteWebDriver.&lt;init&gt;(RemoteWebDriver.java:131)
	at org.openqa.selenium.safari.SafariDriver.&lt;init&gt;(SafariDriver.java:81)
	at org.openqa.selenium.safari.SafariDriver.&lt;init&gt;(SafariDriver.java:63)
	at org.openqa.selenium.safari.SafariDriver.&lt;init&gt;(SafariDriver.java:41)
	at com.challenge.pom.Base.driverConnection(Base.java:34)
	at com.challenge.test.ShoppingCartNavigationWidgetTest.beforeClass(ShoppingCartNavigationWidgetTest.java:37)
	at java.base/java.util.ArrayList.forEach(ArrayList.java:1511)
... Removed 30 stack frames
</div> <!-- stack-trace -->
                </div> <!-- method-content -->
              </div> <!-- method -->
              <div class="method">
                <div class="method-content">
                  <a name="shoppingCartWidget_Contains_AddedItems">
                  </a> <!-- shoppingCartWidget_Contains_AddedItems -->
                  <span class="method-name">shoppingCartWidget_Contains_AddedItems</span>
                  <div class="stack-trace">java.lang.IllegalStateException: The driver is not executable: /Users/Mac_JICO/eclipse-workspace/JorgeCanarioChallenge/src/test/resources/BrowserDriver/Windows8.1-KB2990999-x86.msu
	at com.google.common.base.Preconditions.checkState(Preconditions.java:585)
	at org.openqa.selenium.remote.service.DriverService.checkExecutable(DriverService.java:150)
	at org.openqa.selenium.remote.service.DriverService.findExecutable(DriverService.java:141)
	at org.openqa.selenium.ie.InternetExplorerDriverService.access$000(InternetExplorerDriverService.java:35)
	at org.openqa.selenium.ie.InternetExplorerDriverService$Builder.findDefaultExecutable(InternetExplorerDriverService.java:175)
	at org.openqa.selenium.remote.service.DriverService$Builder.build(DriverService.java:355)
	at org.openqa.selenium.ie.InternetExplorerDriver.setupService(InternetExplorerDriver.java:281)
	at org.openqa.selenium.ie.InternetExplorerDriver.&lt;init&gt;(InternetExplorerDriver.java:211)
	at org.openqa.selenium.ie.InternetExplorerDriver.&lt;init&gt;(InternetExplorerDriver.java:150)
	at com.challenge.pom.Base.driverConnection(Base.java:38)
	at com.challenge.test.ShoppingCartNavigationWidgetTest.beforeClass(ShoppingCartNavigationWidgetTest.java:37)
	at java.base/java.util.ArrayList.forEach(ArrayList.java:1511)
... Removed 25 stack frames
</div> <!-- stack-trace -->
                </div> <!-- method-content -->
              </div> <!-- method -->
              <div class="method">
                <div class="method-content">
                  <a name="shoppingCartWidget_Contains_AddedItems">
                  </a> <!-- shoppingCartWidget_Contains_AddedItems -->
                  <span class="method-name">shoppingCartWidget_Contains_AddedItems</span>
                  <div class="stack-trace">org.openqa.selenium.SessionNotCreatedException: Could not create a session: The Safari instance is already paired with another WebDriver session.
Build info: version: &apos;3.141.59&apos;, revision: &apos;e82be7d358&apos;, time: &apos;2018-11-14T08:17:03&apos;
System info: host: &apos;Jorges-MacBook-Pro.local&apos;, ip: &apos;192.168.43.13&apos;, os.name: &apos;Mac OS X&apos;, os.arch: &apos;x86_64&apos;, os.version: &apos;10.15.7&apos;, java.version: &apos;16.0.2&apos;
Driver info: driver.version: SafariDriver
remote stacktrace: 
	at org.openqa.selenium.remote.W3CHandshakeResponse.lambda$errorHandler$0(W3CHandshakeResponse.java:62)
	at org.openqa.selenium.remote.HandshakeResponse.lambda$getResponseFunction$0(HandshakeResponse.java:30)
	at org.openqa.selenium.remote.ProtocolHandshake.lambda$createSession$0(ProtocolHandshake.java:126)
	at java.base/java.util.stream.ReferencePipeline$3$1.accept(ReferencePipeline.java:197)
	at java.base/java.util.Spliterators$ArraySpliterator.tryAdvance(Spliterators.java:958)
	at java.base/java.util.stream.ReferencePipeline.forEachWithCancel(ReferencePipeline.java:129)
	at java.base/java.util.stream.AbstractPipeline.copyIntoWithCancel(AbstractPipeline.java:502)
	at java.base/java.util.stream.AbstractPipeline.copyInto(AbstractPipeline.java:488)
	at java.base/java.util.stream.AbstractPipeline.wrapAndCopyInto(AbstractPipeline.java:474)
	at java.base/java.util.stream.FindOps$FindOp.evaluateSequential(FindOps.java:150)
	at java.base/java.util.stream.AbstractPipeline.evaluate(AbstractPipeline.java:234)
	at java.base/java.util.stream.ReferencePipeline.findFirst(ReferencePipeline.java:647)
	at org.openqa.selenium.remote.ProtocolHandshake.createSession(ProtocolHandshake.java:128)
	at org.openqa.selenium.remote.ProtocolHandshake.createSession(ProtocolHandshake.java:74)
	at org.openqa.selenium.remote.HttpCommandExecutor.execute(HttpCommandExecutor.java:136)
	at org.openqa.selenium.remote.service.DriverCommandExecutor.execute(DriverCommandExecutor.java:83)
	at org.openqa.selenium.remote.RemoteWebDriver.execute(RemoteWebDriver.java:552)
	at org.openqa.selenium.remote.RemoteWebDriver.startSession(RemoteWebDriver.java:213)
	at org.openqa.selenium.remote.RemoteWebDriver.&lt;init&gt;(RemoteWebDriver.java:131)
	at org.openqa.selenium.safari.SafariDriver.&lt;init&gt;(SafariDriver.java:81)
	at org.openqa.selenium.safari.SafariDriver.&lt;init&gt;(SafariDriver.java:63)
	at org.openqa.selenium.safari.SafariDriver.&lt;init&gt;(SafariDriver.java:41)
	at com.challenge.pom.Base.driverConnection(Base.java:34)
	at com.challenge.test.ShoppingCartNavigationWidgetTest.beforeClass(ShoppingCartNavigationWidgetTest.java:37)
	at java.base/java.util.ArrayList.forEach(ArrayList.java:1511)
... Removed 30 stack frames
</div> <!-- stack-trace -->
                </div> <!-- method-content -->
              </div> <!-- method -->
            </div> <!-- main-panel-content rounded-window-bottom -->
          </div> <!-- suite-Suite-class-skipped -->
          <div class="suite-Suite-class-passed">
            <div class="main-panel-header rounded-window-top">
              <img src="passed.png"/>
              <span class="class-name">com.challenge.test.SearchTest</span>
            </div> <!-- main-panel-header rounded-window-top -->
            <div class="main-panel-content rounded-window-bottom">
              <div class="method">
                <div class="method-content">
                  <a name="search_ExistingProduct_ShowResult(Blouse)">
                  </a> <!-- search_ExistingProduct_ShowResult(Blouse) -->
                  <span class="method-name">search_ExistingProduct_ShowResult</span>
                  <span class="parameters">(Blouse)</span>
                </div> <!-- method-content -->
              </div> <!-- method -->
              <div class="method">
                <div class="method-content">
                  <a name="search_ExistingProduct_ShowResult(Printed Summer Dress)">
                  </a> <!-- search_ExistingProduct_ShowResult(Printed Summer Dress) -->
                  <span class="method-name">search_ExistingProduct_ShowResult</span>
                  <span class="parameters">(Printed Summer Dress)</span>
                </div> <!-- method-content -->
              </div> <!-- method -->
              <div class="method">
                <div class="method-content">
                  <a name="search_ExistingProduct_ShowResult(Printed Dress)">
                  </a> <!-- search_ExistingProduct_ShowResult(Printed Dress) -->
                  <span class="method-name">search_ExistingProduct_ShowResult</span>
                  <span class="parameters">(Printed Dress)</span>
                </div> <!-- method-content -->
              </div> <!-- method -->
              <div class="method">
                <div class="method-content">
                  <a name="search_ExistingProduct_ShowResult(Printed Chiffon Dress)">
                  </a> <!-- search_ExistingProduct_ShowResult(Printed Chiffon Dress) -->
                  <span class="method-name">search_ExistingProduct_ShowResult</span>
                  <span class="parameters">(Printed Chiffon Dress)</span>
                </div> <!-- method-content -->
              </div> <!-- method -->
              <div class="method">
                <div class="method-content">
                  <a name="search_ExistingProduct_ShowResult(Faded Short Sleeve T-shirts)">
                  </a> <!-- search_ExistingProduct_ShowResult(Faded Short Sleeve T-shirts) -->
                  <span class="method-name">search_ExistingProduct_ShowResult</span>
                  <span class="parameters">(Faded Short Sleeve T-shirts)</span>
                </div> <!-- method-content -->
              </div> <!-- method -->
              <div class="method">
                <div class="method-content">
                  <a name="search_ExistingProduct_ShowResult(Printed Dress)">
                  </a> <!-- search_ExistingProduct_ShowResult(Printed Dress) -->
                  <span class="method-name">search_ExistingProduct_ShowResult</span>
                  <span class="parameters">(Printed Dress)</span>
                </div> <!-- method-content -->
              </div> <!-- method -->
              <div class="method">
                <div class="method-content">
                  <a name="search_ExistingProduct_ShowResult(Printed Summer Dress)">
                  </a> <!-- search_ExistingProduct_ShowResult(Printed Summer Dress) -->
                  <span class="method-name">search_ExistingProduct_ShowResult</span>
                  <span class="parameters">(Printed Summer Dress)</span>
                </div> <!-- method-content -->
              </div> <!-- method -->
              <div class="method">
                <div class="method-content">
                  <a name="search_unexistingProduct_ShowNoResult(UNXPRODUCT#1TEST)">
                  </a> <!-- search_unexistingProduct_ShowNoResult(UNXPRODUCT#1TEST) -->
                  <span class="method-name">search_unexistingProduct_ShowNoResult</span>
                  <span class="parameters">(UNXPRODUCT#1TEST)</span>
                </div> <!-- method-content -->
              </div> <!-- method -->
            </div> <!-- main-panel-content rounded-window-bottom -->
          </div> <!-- suite-Suite-class-passed -->
          <div class="suite-Suite-class-passed">
            <div class="main-panel-header rounded-window-top">
              <img src="passed.png"/>
              <span class="class-name">com.challenge.test.ContactFormTest</span>
            </div> <!-- main-panel-header rounded-window-top -->
            <div class="main-panel-content rounded-window-bottom">
              <div class="method">
                <div class="method-content">
                  <a name="pageValidates_AllFormsFields_CannotBeBlank">
                  </a> <!-- pageValidates_AllFormsFields_CannotBeBlank -->
                  <span class="method-name">pageValidates_AllFormsFields_CannotBeBlank</span>
                </div> <!-- method-content -->
              </div> <!-- method -->
              <div class="method">
                <div class="method-content">
                  <a name="pageValidates_FormFieldEmail_CannotBeBlank">
                  </a> <!-- pageValidates_FormFieldEmail_CannotBeBlank -->
                  <span class="method-name">pageValidates_FormFieldEmail_CannotBeBlank</span>
                </div> <!-- method-content -->
              </div> <!-- method -->
              <div class="method">
                <div class="method-content">
                  <a name="pageValidates_FormFieldEmail_MustFollowRightFormat">
                  </a> <!-- pageValidates_FormFieldEmail_MustFollowRightFormat -->
                  <span class="method-name">pageValidates_FormFieldEmail_MustFollowRightFormat</span>
                </div> <!-- method-content -->
              </div> <!-- method -->
            </div> <!-- main-panel-content rounded-window-bottom -->
          </div> <!-- suite-Suite-class-passed -->
        </div> <!-- panel Suite -->
        <div panel-name="test-xml-Suite" class="panel">
          <div class="main-panel-header rounded-window-top">
            <span class="header-content">/Users/Mac_JICO/eclipse-workspace/JorgeCanarioChallenge/testng.xml</span>
          </div> <!-- main-panel-header rounded-window-top -->
          <div class="main-panel-content rounded-window-bottom">
            <pre>
&lt;?xml version=&quot;1.0&quot; encoding=&quot;UTF-8&quot;?&gt;
&lt;!DOCTYPE suite SYSTEM &quot;https://testng.org/testng-1.0.dtd&quot;&gt;
&lt;suite name=&quot;Suite&quot; guice-stage=&quot;DEVELOPMENT&quot;&gt;
  &lt;parameter name=&quot;URL&quot; value=&quot;http://automationpractice.com/index.php&quot;/&gt;
  &lt;test thread-count=&quot;5&quot; name=&quot;Google Chrome Browser Test&quot;&gt;
    &lt;parameter name=&quot;Browser&quot; value=&quot;Chrome&quot;/&gt;
    &lt;classes&gt;
      &lt;class name=&quot;com.challenge.test.SearchTest&quot;/&gt;
      &lt;class name=&quot;com.challenge.test.ContactFormTest&quot;/&gt;
      &lt;class name=&quot;com.challenge.test.ShoppingCartNavigationWidgetTest&quot;/&gt;
    &lt;/classes&gt;
  &lt;/test&gt; &lt;!-- Google Chrome Browser Test --&gt;
  &lt;test thread-count=&quot;5&quot; name=&quot;Mozilla Firefox Browser Test&quot;&gt;
    &lt;parameter name=&quot;Browser&quot; value=&quot;Firefox&quot;/&gt;
    &lt;classes&gt;
      &lt;class name=&quot;com.challenge.test.SearchTest&quot;/&gt;
      &lt;class name=&quot;com.challenge.test.ContactFormTest&quot;/&gt;
      &lt;class name=&quot;com.challenge.test.ShoppingCartNavigationWidgetTest&quot;/&gt;
    &lt;/classes&gt;
  &lt;/test&gt; &lt;!-- Mozilla Firefox Browser Test --&gt;
  &lt;test thread-count=&quot;5&quot; name=&quot;Microsoft Internet Explorer Browser Test&quot;&gt;
    &lt;parameter name=&quot;Browser&quot; value=&quot;IE 11&quot;/&gt;
    &lt;classes&gt;
      &lt;class name=&quot;com.challenge.test.SearchTest&quot;/&gt;
      &lt;class name=&quot;com.challenge.test.ContactFormTest&quot;/&gt;
      &lt;class name=&quot;com.challenge.test.ShoppingCartNavigationWidgetTest&quot;/&gt;
    &lt;/classes&gt;
  &lt;/test&gt; &lt;!-- Microsoft Internet Explorer Browser Test --&gt;
  &lt;test thread-count=&quot;5&quot; name=&quot;Apple Safari Browser Test&quot;&gt;
    &lt;parameter name=&quot;Browser&quot; value=&quot;Safari&quot;/&gt;
    &lt;classes&gt;
      &lt;class name=&quot;com.challenge.test.SearchTest&quot;/&gt;
      &lt;class name=&quot;com.challenge.test.ContactFormTest&quot;/&gt;
      &lt;class name=&quot;com.challenge.test.ShoppingCartNavigationWidgetTest&quot;/&gt;
    &lt;/classes&gt;
  &lt;/test&gt; &lt;!-- Apple Safari Browser Test --&gt;
&lt;/suite&gt; &lt;!-- Suite --&gt;
            </pre>
          </div> <!-- main-panel-content rounded-window-bottom -->
        </div> <!-- panel -->
        <div panel-name="testlist-Suite" class="panel">
          <div class="main-panel-header rounded-window-top">
            <span class="header-content">Tests for Suite</span>
          </div> <!-- main-panel-header rounded-window-top -->
          <div class="main-panel-content rounded-window-bottom">
            <ul>
              <li>
                <span class="test-name">Google Chrome Browser Test (3 classes)</span>
              </li>
              <li>
                <span class="test-name">Mozilla Firefox Browser Test (3 classes)</span>
              </li>
              <li>
                <span class="test-name">Microsoft Internet Explorer Browser Test (3 classes)</span>
              </li>
              <li>
                <span class="test-name">Apple Safari Browser Test (3 classes)</span>
              </li>
            </ul>
          </div> <!-- main-panel-content rounded-window-bottom -->
        </div> <!-- panel -->
        <div panel-name="group-Suite" class="panel">
          <div class="main-panel-header rounded-window-top">
            <span class="header-content">Groups for Suite</span>
          </div> <!-- main-panel-header rounded-window-top -->
          <div class="main-panel-content rounded-window-bottom">
          </div> <!-- main-panel-content rounded-window-bottom -->
        </div> <!-- panel -->
        <div panel-name="times-Suite" class="panel">
          <div class="main-panel-header rounded-window-top">
            <span class="header-content">Times for Suite</span>
          </div> <!-- main-panel-header rounded-window-top -->
          <div class="main-panel-content rounded-window-bottom">
            <div class="times-div">
              <script type="text/javascript">
suiteTableInitFunctions.push('tableData_Suite');
function tableData_Suite() {
var data = new google.visualization.DataTable();
data.addColumn('number', 'Number');
data.addColumn('string', 'Method');
data.addColumn('string', 'Class');
data.addColumn('number', 'Time (ms)');
data.addRows(58);
data.setCell(0, 0, 0)
data.setCell(0, 1, 'pageValidates_FormFieldMessage_CannotBeBlank')
data.setCell(0, 2, 'com.challenge.test.ContactFormTest')
data.setCell(0, 3, 27446);
data.setCell(1, 0, 1)
data.setCell(1, 1, 'search_unexistingProduct_ShowNoResult')
data.setCell(1, 2, 'com.challenge.test.SearchTest')
data.setCell(1, 3, 20595);
data.setCell(2, 0, 2)
data.setCell(2, 1, 'pageValidates_AllFormsFields_CannotBeBlank')
data.setCell(2, 2, 'com.challenge.test.ContactFormTest')
data.setCell(2, 3, 15518);
data.setCell(3, 0, 3)
data.setCell(3, 1, 'pageValidates_FormFieldEmail_MustFollowRightFormat')
data.setCell(3, 2, 'com.challenge.test.ContactFormTest')
data.setCell(3, 3, 14435);
data.setCell(4, 0, 4)
data.setCell(4, 1, 'pageValidates_FormFieldEmail_CannotBeBlank')
data.setCell(4, 2, 'com.challenge.test.ContactFormTest')
data.setCell(4, 3, 13903);
data.setCell(5, 0, 5)
data.setCell(5, 1, 'search_unexistingProduct_ShowNoResult')
data.setCell(5, 2, 'com.challenge.test.SearchTest')
data.setCell(5, 3, 10555);
data.setCell(6, 0, 6)
data.setCell(6, 1, 'search_ExistingProduct_ShowResult')
data.setCell(6, 2, 'com.challenge.test.SearchTest')
data.setCell(6, 3, 10411);
data.setCell(7, 0, 7)
data.setCell(7, 1, 'search_ExistingProduct_ShowResult')
data.setCell(7, 2, 'com.challenge.test.SearchTest')
data.setCell(7, 3, 10367);
data.setCell(8, 0, 8)
data.setCell(8, 1, 'search_ExistingProduct_ShowResult')
data.setCell(8, 2, 'com.challenge.test.SearchTest')
data.setCell(8, 3, 10344);
data.setCell(9, 0, 9)
data.setCell(9, 1, 'pageValidates_FormFieldSubject_CannotBeBlank')
data.setCell(9, 2, 'com.challenge.test.ContactFormTest')
data.setCell(9, 3, 5838);
data.setCell(10, 0, 10)
data.setCell(10, 1, 'search_ExistingProduct_ShowResult')
data.setCell(10, 2, 'com.challenge.test.SearchTest')
data.setCell(10, 3, 3189);
data.setCell(11, 0, 11)
data.setCell(11, 1, 'search_ExistingProduct_ShowResult')
data.setCell(11, 2, 'com.challenge.test.SearchTest')
data.setCell(11, 3, 216);
data.setCell(12, 0, 12)
data.setCell(12, 1, 'search_ExistingProduct_ShowResult')
data.setCell(12, 2, 'com.challenge.test.SearchTest')
data.setCell(12, 3, 120);
data.setCell(13, 0, 13)
data.setCell(13, 1, 'search_ExistingProduct_ShowResult')
data.setCell(13, 2, 'com.challenge.test.SearchTest')
data.setCell(13, 3, 106);
data.setCell(14, 0, 14)
data.setCell(14, 1, 'itemsFromCategorySection_CanBeAddedToCart_Successfully')
data.setCell(14, 2, 'com.challenge.test.ShoppingCartNavigationWidgetTest')
data.setCell(14, 3, 30);
data.setCell(15, 0, 15)
data.setCell(15, 1, 'pageValidates_FormFieldEmail_MustFollowRightFormat')
data.setCell(15, 2, 'com.challenge.test.ContactFormTest')
data.setCell(15, 3, 21);
data.setCell(16, 0, 16)
data.setCell(16, 1, 'itemsSearched_CanBeAddedToCart_Successfully')
data.setCell(16, 2, 'com.challenge.test.ShoppingCartNavigationWidgetTest')
data.setCell(16, 3, 21);
data.setCell(17, 0, 17)
data.setCell(17, 1, 'itemsFromCategorySection_CanBeAddedToCart_Successfully')
data.setCell(17, 2, 'com.challenge.test.ShoppingCartNavigationWidgetTest')
data.setCell(17, 3, 19);
data.setCell(18, 0, 18)
data.setCell(18, 1, 'shoppingCartWidgetCheckOutBtn_RedirectToShoppingCartPage_Successfully')
data.setCell(18, 2, 'com.challenge.test.ShoppingCartNavigationWidgetTest')
data.setCell(18, 3, 16);
data.setCell(19, 0, 19)
data.setCell(19, 1, 'shoppingCartWidget_Contains_AddedItems')
data.setCell(19, 2, 'com.challenge.test.ShoppingCartNavigationWidgetTest')
data.setCell(19, 3, 16);
data.setCell(20, 0, 20)
data.setCell(20, 1, 'pageValidates_AllFormsFields_CannotBeBlank')
data.setCell(20, 2, 'com.challenge.test.ContactFormTest')
data.setCell(20, 3, 14);
data.setCell(21, 0, 21)
data.setCell(21, 1, 'pageValidates_FormFieldMessage_CannotBeBlank')
data.setCell(21, 2, 'com.challenge.test.ContactFormTest')
data.setCell(21, 3, 13);
data.setCell(22, 0, 22)
data.setCell(22, 1, 'pageValidates_FormFieldEmail_CannotBeBlank')
data.setCell(22, 2, 'com.challenge.test.ContactFormTest')
data.setCell(22, 3, 13);
data.setCell(23, 0, 23)
data.setCell(23, 1, 'itemsSearched_CanBeAddedToCart_Successfully')
data.setCell(23, 2, 'com.challenge.test.ShoppingCartNavigationWidgetTest')
data.setCell(23, 3, 12);
data.setCell(24, 0, 24)
data.setCell(24, 1, 'shoppingCartWidgetCheckOutBtn_RedirectToShoppingCartPage_Successfully')
data.setCell(24, 2, 'com.challenge.test.ShoppingCartNavigationWidgetTest')
data.setCell(24, 3, 12);
data.setCell(25, 0, 25)
data.setCell(25, 1, 'messageAttachment_CanBeSentInForm_Successfully')
data.setCell(25, 2, 'com.challenge.test.ContactFormTest')
data.setCell(25, 3, 11);
data.setCell(26, 0, 26)
data.setCell(26, 1, 'shoppingCartWidget_Contains_AddedItems')
data.setCell(26, 2, 'com.challenge.test.ShoppingCartNavigationWidgetTest')
data.setCell(26, 3, 11);
data.setCell(27, 0, 27)
data.setCell(27, 1, 'shoppingCartWidgetItems_CanBeDeleted_Successfully')
data.setCell(27, 2, 'com.challenge.test.ShoppingCartNavigationWidgetTest')
data.setCell(27, 3, 10);
data.setCell(28, 0, 28)
data.setCell(28, 1, 'pageValidates_FormFieldSubject_CannotBeBlank')
data.setCell(28, 2, 'com.challenge.test.ContactFormTest')
data.setCell(28, 3, 9);
data.setCell(29, 0, 29)
data.setCell(29, 1, 'messageAttachment_CanBeSentInForm_Successfully')
data.setCell(29, 2, 'com.challenge.test.ContactFormTest')
data.setCell(29, 3, 8);
data.setCell(30, 0, 30)
data.setCell(30, 1, 'shoppingCartWidgetItems_CanBeDeleted_Successfully')
data.setCell(30, 2, 'com.challenge.test.ShoppingCartNavigationWidgetTest')
data.setCell(30, 3, 6);
data.setCell(31, 0, 31)
data.setCell(31, 1, 'shoppingCartWidgetCheckOutBtn_RedirectToShoppingCartPage_Successfully')
data.setCell(31, 2, 'com.challenge.test.ShoppingCartNavigationWidgetTest')
data.setCell(31, 3, 1);
data.setCell(32, 0, 32)
data.setCell(32, 1, 'search_ExistingProduct_ShowResult')
data.setCell(32, 2, 'com.challenge.test.SearchTest')
data.setCell(32, 3, 0);
data.setCell(33, 0, 33)
data.setCell(33, 1, 'pageValidates_AllFormsFields_CannotBeBlank')
data.setCell(33, 2, 'com.challenge.test.ContactFormTest')
data.setCell(33, 3, 0);
data.setCell(34, 0, 34)
data.setCell(34, 1, 'pageValidates_FormFieldEmail_MustFollowRightFormat')
data.setCell(34, 2, 'com.challenge.test.ContactFormTest')
data.setCell(34, 3, 0);
data.setCell(35, 0, 35)
data.setCell(35, 1, 'shoppingCartWidget_Contains_AddedItems')
data.setCell(35, 2, 'com.challenge.test.ShoppingCartNavigationWidgetTest')
data.setCell(35, 3, 0);
data.setCell(36, 0, 36)
data.setCell(36, 1, 'pageValidates_FormFieldMessage_CannotBeBlank')
data.setCell(36, 2, 'com.challenge.test.ContactFormTest')
data.setCell(36, 3, 0);
data.setCell(37, 0, 37)
data.setCell(37, 1, 'itemsSearched_CanBeAddedToCart_Successfully')
data.setCell(37, 2, 'com.challenge.test.ShoppingCartNavigationWidgetTest')
data.setCell(37, 3, 0);
data.setCell(38, 0, 38)
data.setCell(38, 1, 'shoppingCartWidgetItems_CanBeDeleted_Successfully')
data.setCell(38, 2, 'com.challenge.test.ShoppingCartNavigationWidgetTest')
data.setCell(38, 3, 0);
data.setCell(39, 0, 39)
data.setCell(39, 1, 'pageValidates_FormFieldSubject_CannotBeBlank')
data.setCell(39, 2, 'com.challenge.test.ContactFormTest')
data.setCell(39, 3, 0);
data.setCell(40, 0, 40)
data.setCell(40, 1, 'search_unexistingProduct_ShowNoResult')
data.setCell(40, 2, 'com.challenge.test.SearchTest')
data.setCell(40, 3, 0);
data.setCell(41, 0, 41)
data.setCell(41, 1, 'itemsFromCategorySection_CanBeAddedToCart_Successfully')
data.setCell(41, 2, 'com.challenge.test.ShoppingCartNavigationWidgetTest')
data.setCell(41, 3, 0);
data.setCell(42, 0, 42)
data.setCell(42, 1, 'pageValidates_FormFieldEmail_CannotBeBlank')
data.setCell(42, 2, 'com.challenge.test.ContactFormTest')
data.setCell(42, 3, 0);
data.setCell(43, 0, 43)
data.setCell(43, 1, 'search_ExistingProduct_ShowResult')
data.setCell(43, 2, 'com.challenge.test.SearchTest')
data.setCell(43, 3, 0);
data.setCell(44, 0, 44)
data.setCell(44, 1, 'messageAttachment_CanBeSentInForm_Successfully')
data.setCell(44, 2, 'com.challenge.test.ContactFormTest')
data.setCell(44, 3, 0);
data.setCell(45, 0, 45)
data.setCell(45, 1, 'itemsSearched_CanBeAddedToCart_Successfully')
data.setCell(45, 2, 'com.challenge.test.ShoppingCartNavigationWidgetTest')
data.setCell(45, 3, 0);
data.setCell(46, 0, 46)
data.setCell(46, 1, 'pageValidates_FormFieldEmail_MustFollowRightFormat')
data.setCell(46, 2, 'com.challenge.test.ContactFormTest')
data.setCell(46, 3, 0);
data.setCell(47, 0, 47)
data.setCell(47, 1, 'pageValidates_FormFieldEmail_CannotBeBlank')
data.setCell(47, 2, 'com.challenge.test.ContactFormTest')
data.setCell(47, 3, 0);
data.setCell(48, 0, 48)
data.setCell(48, 1, 'messageAttachment_CanBeSentInForm_Successfully')
data.setCell(48, 2, 'com.challenge.test.ContactFormTest')
data.setCell(48, 3, 0);
data.setCell(49, 0, 49)
data.setCell(49, 1, 'shoppingCartWidgetCheckOutBtn_RedirectToShoppingCartPage_Successfully')
data.setCell(49, 2, 'com.challenge.test.ShoppingCartNavigationWidgetTest')
data.setCell(49, 3, 0);
data.setCell(50, 0, 50)
data.setCell(50, 1, 'shoppingCartWidgetItems_CanBeDeleted_Successfully')
data.setCell(50, 2, 'com.challenge.test.ShoppingCartNavigationWidgetTest')
data.setCell(50, 3, 0);
data.setCell(51, 0, 51)
data.setCell(51, 1, 'shoppingCartWidget_Contains_AddedItems')
data.setCell(51, 2, 'com.challenge.test.ShoppingCartNavigationWidgetTest')
data.setCell(51, 3, 0);
data.setCell(52, 0, 52)
data.setCell(52, 1, 'pageValidates_FormFieldMessage_CannotBeBlank')
data.setCell(52, 2, 'com.challenge.test.ContactFormTest')
data.setCell(52, 3, 0);
data.setCell(53, 0, 53)
data.setCell(53, 1, 'itemsFromCategorySection_CanBeAddedToCart_Successfully')
data.setCell(53, 2, 'com.challenge.test.ShoppingCartNavigationWidgetTest')
data.setCell(53, 3, 0);
data.setCell(54, 0, 54)
data.setCell(54, 1, 'pageValidates_FormFieldSubject_CannotBeBlank')
data.setCell(54, 2, 'com.challenge.test.ContactFormTest')
data.setCell(54, 3, 0);
data.setCell(55, 0, 55)
data.setCell(55, 1, 'search_unexistingProduct_ShowNoResult')
data.setCell(55, 2, 'com.challenge.test.SearchTest')
data.setCell(55, 3, 0);
data.setCell(56, 0, 56)
data.setCell(56, 1, 'pageValidates_AllFormsFields_CannotBeBlank')
data.setCell(56, 2, 'com.challenge.test.ContactFormTest')
data.setCell(56, 3, 0);
data.setCell(57, 0, 57)
data.setCell(57, 1, 'search_ExistingProduct_ShowResult')
data.setCell(57, 2, 'com.challenge.test.SearchTest')
data.setCell(57, 3, 0);
window.suiteTableData['Suite']= { tableData: data, tableDiv: 'times-div-Suite'}
return data;
}
              </script>
              <span class="suite-total-time">Total running time: 2 minutes</span>
              <div id="times-div-Suite">
              </div> <!-- times-div-Suite -->
            </div> <!-- times-div -->
          </div> <!-- main-panel-content rounded-window-bottom -->
        </div> <!-- panel -->
        <div panel-name="reporter-Suite" class="panel">
          <div class="main-panel-header rounded-window-top">
            <span class="header-content">Reporter output for Suite</span>
          </div> <!-- main-panel-header rounded-window-top -->
          <div class="main-panel-content rounded-window-bottom">
          </div> <!-- main-panel-content rounded-window-bottom -->
        </div> <!-- panel -->
        <div panel-name="ignored-methods-Suite" class="panel">
          <div class="main-panel-header rounded-window-top">
            <span class="header-content">0 ignored methods</span>
          </div> <!-- main-panel-header rounded-window-top -->
          <div class="main-panel-content rounded-window-bottom">
          </div> <!-- main-panel-content rounded-window-bottom -->
        </div> <!-- panel -->
        <div panel-name="chronological-Suite" class="panel">
          <div class="main-panel-header rounded-window-top">
            <span class="header-content">Methods in chronological order</span>
          </div> <!-- main-panel-header rounded-window-top -->
          <div class="main-panel-content rounded-window-bottom">
            <div class="chronological-class">
              <div class="chronological-class-name">com.challenge.test.SearchTest</div> <!-- chronological-class-name -->
              <div class="configuration-class before">
                <span class="method-name">beforeClass(http://automationpractice.com/index.php, Chrome)</span>
                <span class="method-start">0 ms</span>
              </div> <!-- configuration-class before -->
              <div class="test-method">
                <img src="failed.png">
                </img>
                <span class="method-name">search_unexistingProduct_ShowNoResult(UNXPRODUCT#1TEST)</span>
                <span class="method-start">5854 ms</span>
              </div> <!-- test-method -->
              <div class="configuration-class after">
                <span class="method-name">afterClass</span>
                <span class="method-start">219813 ms</span>
              </div> <!-- configuration-class after -->
            </div> <!-- chronological-class -->
            <div class="chronological-class">
              <div class="chronological-class-name">com.challenge.test.ContactFormTest</div> <!-- chronological-class-name -->
              <div class="configuration-class before">
                <span class="method-name">beforeClass(http://automationpractice.com/index.php, Chrome)</span>
                <span class="method-start">220084 ms</span>
              </div> <!-- configuration-class before -->
              <div class="test-method">
                <img src="failed.png">
                </img>
                <span class="method-name">pageValidates_AllFormsFields_CannotBeBlank</span>
                <span class="method-start">352716 ms</span>
              </div> <!-- test-method -->
              <div class="test-method">
                <img src="failed.png">
                </img>
                <span class="method-name">pageValidates_FormFieldEmail_CannotBeBlank</span>
                <span class="method-start">352738 ms</span>
              </div> <!-- test-method -->
              <div class="test-method">
                <img src="failed.png">
                </img>
                <span class="method-name">pageValidates_FormFieldEmail_MustFollowRightFormat</span>
                <span class="method-start">352755 ms</span>
              </div> <!-- test-method -->
              <div class="test-method">
                <img src="failed.png">
                </img>
                <span class="method-name">pageValidates_FormFieldMessage_CannotBeBlank</span>
                <span class="method-start">352780 ms</span>
              </div> <!-- test-method -->
              <div class="test-method">
                <img src="failed.png">
                </img>
                <span class="method-name">pageValidates_FormFieldSubject_CannotBeBlank</span>
                <span class="method-start">352797 ms</span>
              </div> <!-- test-method -->
              <div class="test-method">
                <img src="failed.png">
                </img>
                <span class="method-name">messageAttachment_CanBeSentInForm_Successfully</span>
                <span class="method-start">352810 ms</span>
              </div> <!-- test-method -->
              <div class="configuration-class after">
                <span class="method-name">afterClass</span>
                <span class="method-start">352825 ms</span>
              </div> <!-- configuration-class after -->
            </div> <!-- chronological-class -->
            <div class="chronological-class">
              <div class="chronological-class-name">com.challenge.test.ShoppingCartNavigationWidgetTest</div> <!-- chronological-class-name -->
              <div class="configuration-class before">
                <span class="method-name">beforeClass(http://automationpractice.com/index.php, Chrome)</span>
                <span class="method-start">352973 ms</span>
              </div> <!-- configuration-class before -->
              <div class="test-method">
                <img src="failed.png">
                </img>
                <span class="method-name">itemsFromCategorySection_CanBeAddedToCart_Successfully</span>
                <span class="method-start">480307 ms</span>
              </div> <!-- test-method -->
              <div class="test-method">
                <img src="failed.png">
                </img>
                <span class="method-name">itemsSearched_CanBeAddedToCart_Successfully</span>
                <span class="method-start">480331 ms</span>
              </div> <!-- test-method -->
              <div class="test-method">
                <img src="failed.png">
                </img>
                <span class="method-name">shoppingCartWidget_Contains_AddedItems</span>
                <span class="method-start">480349 ms</span>
              </div> <!-- test-method -->
              <div class="test-method">
                <img src="failed.png">
                </img>
                <span class="method-name">shoppingCartWidgetItems_CanBeDeleted_Successfully</span>
                <span class="method-start">480368 ms</span>
              </div> <!-- test-method -->
              <div class="test-method">
                <img src="failed.png">
                </img>
                <span class="method-name">shoppingCartWidgetCheckOutBtn_RedirectToShoppingCartPage_Successfully</span>
                <span class="method-start">480381 ms</span>
              </div> <!-- test-method -->
              <div class="configuration-class after">
                <span class="method-name">afterClass</span>
                <span class="method-start">480400 ms</span>
              </div> <!-- configuration-class after -->
            </div> <!-- chronological-class -->
            <div class="chronological-class">
              <div class="chronological-class-name">com.challenge.test.SearchTest</div> <!-- chronological-class-name -->
              <div class="configuration-class before">
                <span class="method-name">beforeClass(http://automationpractice.com/index.php, Firefox)</span>
                <span class="method-start">485751 ms</span>
              </div> <!-- configuration-class before -->
              <div class="test-method">
                <span class="method-name">search_unexistingProduct_ShowNoResult(UNXPRODUCT#1TEST)</span>
                <span class="method-start">565050 ms</span>
              </div> <!-- test-method -->
              <div class="test-method">
                <span class="method-name">search_ExistingProduct_ShowResult(Faded Short Sleeve T-shirts)</span>
                <span class="method-start">592740 ms</span>
              </div> <!-- test-method -->
              <div class="test-method">
                <span class="method-name">search_ExistingProduct_ShowResult(Blouse)</span>
                <span class="method-start">603085 ms</span>
              </div> <!-- test-method -->
              <div class="test-method">
                <span class="method-name">search_ExistingProduct_ShowResult(Printed Dress)</span>
                <span class="method-start">613453 ms</span>
              </div> <!-- test-method -->
              <div class="test-method">
                <span class="method-name">search_ExistingProduct_ShowResult(Printed Dress)</span>
                <span class="method-start">623866 ms</span>
              </div> <!-- test-method -->
              <div class="test-method">
                <span class="method-name">search_ExistingProduct_ShowResult(Printed Summer Dress)</span>
                <span class="method-start">627056 ms</span>
              </div> <!-- test-method -->
              <div class="test-method">
                <span class="method-name">search_ExistingProduct_ShowResult(Printed Summer Dress)</span>
                <span class="method-start">627273 ms</span>
              </div> <!-- test-method -->
              <div class="test-method">
                <span class="method-name">search_ExistingProduct_ShowResult(Printed Chiffon Dress)</span>
                <span class="method-start">627394 ms</span>
              </div> <!-- test-method -->
              <div class="configuration-class after">
                <span class="method-name">afterClass</span>
                <span class="method-start">627501 ms</span>
              </div> <!-- configuration-class after -->
            </div> <!-- chronological-class -->
            <div class="chronological-class">
              <div class="chronological-class-name">com.challenge.test.ContactFormTest</div> <!-- chronological-class-name -->
              <div class="configuration-class before">
                <span class="method-name">beforeClass(http://automationpractice.com/index.php, Firefox)</span>
                <span class="method-start">628130 ms</span>
              </div> <!-- configuration-class before -->
              <div class="test-method">
                <span class="method-name">pageValidates_AllFormsFields_CannotBeBlank</span>
                <span class="method-start">782619 ms</span>
              </div> <!-- test-method -->
              <div class="test-method">
                <span class="method-name">pageValidates_FormFieldEmail_CannotBeBlank</span>
                <span class="method-start">798184 ms</span>
              </div> <!-- test-method -->
              <div class="test-method">
                <span class="method-name">pageValidates_FormFieldEmail_MustFollowRightFormat</span>
                <span class="method-start">812089 ms</span>
              </div> <!-- test-method -->
              <div class="test-method">
                <img src="failed.png">
                </img>
                <span class="method-name">pageValidates_FormFieldMessage_CannotBeBlank</span>
                <span class="method-start">826525 ms</span>
              </div> <!-- test-method -->
              <div class="test-method">
                <img src="failed.png">
                </img>
                <span class="method-name">pageValidates_FormFieldSubject_CannotBeBlank</span>
                <span class="method-start">853975 ms</span>
              </div> <!-- test-method -->
              <div class="test-method">
                <img src="failed.png">
                </img>
                <span class="method-name">messageAttachment_CanBeSentInForm_Successfully</span>
                <span class="method-start">859817 ms</span>
              </div> <!-- test-method -->
              <div class="configuration-class after">
                <span class="method-name">afterClass</span>
                <span class="method-start">859827 ms</span>
              </div> <!-- configuration-class after -->
            </div> <!-- chronological-class -->
            <div class="chronological-class">
              <div class="chronological-class-name">com.challenge.test.ShoppingCartNavigationWidgetTest</div> <!-- chronological-class-name -->
              <div class="configuration-class before">
                <span class="method-name">beforeClass(http://automationpractice.com/index.php, Firefox)</span>
                <span class="method-start">860860 ms</span>
              </div> <!-- configuration-class before -->
              <div class="test-method">
                <img src="failed.png">
                </img>
                <span class="method-name">itemsFromCategorySection_CanBeAddedToCart_Successfully</span>
                <span class="method-start">1038814 ms</span>
              </div> <!-- test-method -->
              <div class="test-method">
                <img src="failed.png">
                </img>
                <span class="method-name">itemsSearched_CanBeAddedToCart_Successfully</span>
                <span class="method-start">1038849 ms</span>
              </div> <!-- test-method -->
              <div class="test-method">
                <img src="failed.png">
                </img>
                <span class="method-name">shoppingCartWidget_Contains_AddedItems</span>
                <span class="method-start">1038876 ms</span>
              </div> <!-- test-method -->
              <div class="test-method">
                <img src="failed.png">
                </img>
                <span class="method-name">shoppingCartWidgetItems_CanBeDeleted_Successfully</span>
                <span class="method-start">1038890 ms</span>
              </div> <!-- test-method -->
              <div class="test-method">
                <img src="failed.png">
                </img>
                <span class="method-name">shoppingCartWidgetCheckOutBtn_RedirectToShoppingCartPage_Successfully</span>
                <span class="method-start">1038898 ms</span>
              </div> <!-- test-method -->
              <div class="configuration-class after">
                <span class="method-name">afterClass</span>
                <span class="method-start">1038912 ms</span>
              </div> <!-- configuration-class after -->
            </div> <!-- chronological-class -->
            <div class="chronological-class">
              <div class="chronological-class-name">com.challenge.test.SearchTest</div> <!-- chronological-class-name -->
              <div class="configuration-class before">
                <img src="failed.png">
                </img>
                <span class="method-name">beforeClass(http://automationpractice.com/index.php, IE 11)</span>
                <span class="method-start">1044472 ms</span>
              </div> <!-- configuration-class before -->
              <div class="test-method">
                <span class="method-name">search_unexistingProduct_ShowNoResult(UNXPRODUCT#1TEST)</span>
                <span class="method-start">1044511 ms</span>
              </div> <!-- test-method -->
              <div class="configuration-class after">
                <span class="method-name">afterClass</span>
                <span class="method-start">1044517 ms</span>
              </div> <!-- configuration-class after -->
            </div> <!-- chronological-class -->
            <div class="chronological-class">
              <div class="chronological-class-name">com.challenge.test.ContactFormTest</div> <!-- chronological-class-name -->
              <div class="configuration-class before">
                <img src="failed.png">
                </img>
                <span class="method-name">beforeClass(http://automationpractice.com/index.php, IE 11)</span>
                <span class="method-start">1044519 ms</span>
              </div> <!-- configuration-class before -->
              <div class="test-method">
                <span class="method-name">pageValidates_AllFormsFields_CannotBeBlank</span>
                <span class="method-start">1044524 ms</span>
              </div> <!-- test-method -->
              <div class="test-method">
                <span class="method-name">pageValidates_FormFieldEmail_CannotBeBlank</span>
                <span class="method-start">1044529 ms</span>
              </div> <!-- test-method -->
              <div class="test-method">
                <span class="method-name">pageValidates_FormFieldEmail_MustFollowRightFormat</span>
                <span class="method-start">1044536 ms</span>
              </div> <!-- test-method -->
              <div class="test-method">
                <span class="method-name">pageValidates_FormFieldMessage_CannotBeBlank</span>
                <span class="method-start">1044545 ms</span>
              </div> <!-- test-method -->
              <div class="test-method">
                <span class="method-name">pageValidates_FormFieldSubject_CannotBeBlank</span>
                <span class="method-start">1044549 ms</span>
              </div> <!-- test-method -->
              <div class="test-method">
                <span class="method-name">messageAttachment_CanBeSentInForm_Successfully</span>
                <span class="method-start">1044554 ms</span>
              </div> <!-- test-method -->
              <div class="configuration-class after">
                <span class="method-name">afterClass</span>
                <span class="method-start">1044559 ms</span>
              </div> <!-- configuration-class after -->
            </div> <!-- chronological-class -->
            <div class="chronological-class">
              <div class="chronological-class-name">com.challenge.test.ShoppingCartNavigationWidgetTest</div> <!-- chronological-class-name -->
              <div class="configuration-class before">
                <img src="failed.png">
                </img>
                <span class="method-name">beforeClass(http://automationpractice.com/index.php, IE 11)</span>
                <span class="method-start">1044566 ms</span>
              </div> <!-- configuration-class before -->
              <div class="test-method">
                <span class="method-name">itemsFromCategorySection_CanBeAddedToCart_Successfully</span>
                <span class="method-start">1044580 ms</span>
              </div> <!-- test-method -->
              <div class="test-method">
                <span class="method-name">itemsSearched_CanBeAddedToCart_Successfully</span>
                <span class="method-start">1044593 ms</span>
              </div> <!-- test-method -->
              <div class="test-method">
                <span class="method-name">shoppingCartWidget_Contains_AddedItems</span>
                <span class="method-start">1044598 ms</span>
              </div> <!-- test-method -->
              <div class="test-method">
                <span class="method-name">shoppingCartWidgetItems_CanBeDeleted_Successfully</span>
                <span class="method-start">1044603 ms</span>
              </div> <!-- test-method -->
              <div class="test-method">
                <span class="method-name">shoppingCartWidgetCheckOutBtn_RedirectToShoppingCartPage_Successfully</span>
                <span class="method-start">1044619 ms</span>
              </div> <!-- test-method -->
              <div class="configuration-class after">
                <span class="method-name">afterClass</span>
                <span class="method-start">1044667 ms</span>
              </div> <!-- configuration-class after -->
            </div> <!-- chronological-class -->
            <div class="chronological-class">
              <div class="chronological-class-name">com.challenge.test.SearchTest</div> <!-- chronological-class-name -->
              <div class="configuration-class before">
                <img src="failed.png">
                </img>
                <span class="method-name">beforeClass(http://automationpractice.com/index.php, Safari)</span>
                <span class="method-start">1044727 ms</span>
              </div> <!-- configuration-class before -->
              <div class="test-method">
                <span class="method-name">search_unexistingProduct_ShowNoResult(UNXPRODUCT#1TEST)</span>
                <span class="method-start">1046128 ms</span>
              </div> <!-- test-method -->
              <div class="configuration-class after">
                <span class="method-name">afterClass</span>
                <span class="method-start">1046135 ms</span>
              </div> <!-- configuration-class after -->
            </div> <!-- chronological-class -->
            <div class="chronological-class">
              <div class="chronological-class-name">com.challenge.test.ContactFormTest</div> <!-- chronological-class-name -->
              <div class="configuration-class before">
                <img src="failed.png">
                </img>
                <span class="method-name">beforeClass(http://automationpractice.com/index.php, Safari)</span>
                <span class="method-start">1046137 ms</span>
              </div> <!-- configuration-class before -->
              <div class="test-method">
                <span class="method-name">pageValidates_AllFormsFields_CannotBeBlank</span>
                <span class="method-start">1047682 ms</span>
              </div> <!-- test-method -->
              <div class="test-method">
                <span class="method-name">pageValidates_FormFieldEmail_CannotBeBlank</span>
                <span class="method-start">1047686 ms</span>
              </div> <!-- test-method -->
              <div class="test-method">
                <span class="method-name">pageValidates_FormFieldEmail_MustFollowRightFormat</span>
                <span class="method-start">1047691 ms</span>
              </div> <!-- test-method -->
              <div class="test-method">
                <span class="method-name">pageValidates_FormFieldMessage_CannotBeBlank</span>
                <span class="method-start">1047702 ms</span>
              </div> <!-- test-method -->
              <div class="test-method">
                <span class="method-name">pageValidates_FormFieldSubject_CannotBeBlank</span>
                <span class="method-start">1047706 ms</span>
              </div> <!-- test-method -->
              <div class="test-method">
                <span class="method-name">messageAttachment_CanBeSentInForm_Successfully</span>
                <span class="method-start">1047710 ms</span>
              </div> <!-- test-method -->
              <div class="configuration-class after">
                <span class="method-name">afterClass</span>
                <span class="method-start">1047716 ms</span>
              </div> <!-- configuration-class after -->
            </div> <!-- chronological-class -->
            <div class="chronological-class">
              <div class="chronological-class-name">com.challenge.test.ShoppingCartNavigationWidgetTest</div> <!-- chronological-class-name -->
              <div class="configuration-class before">
                <img src="failed.png">
                </img>
                <span class="method-name">beforeClass(http://automationpractice.com/index.php, Safari)</span>
                <span class="method-start">1047718 ms</span>
              </div> <!-- configuration-class before -->
              <div class="test-method">
                <span class="method-name">itemsFromCategorySection_CanBeAddedToCart_Successfully</span>
                <span class="method-start">1048925 ms</span>
              </div> <!-- test-method -->
              <div class="test-method">
                <span class="method-name">itemsSearched_CanBeAddedToCart_Successfully</span>
                <span class="method-start">1048931 ms</span>
              </div> <!-- test-method -->
              <div class="test-method">
                <span class="method-name">shoppingCartWidget_Contains_AddedItems</span>
                <span class="method-start">1048935 ms</span>
              </div> <!-- test-method -->
              <div class="test-method">
                <span class="method-name">shoppingCartWidgetItems_CanBeDeleted_Successfully</span>
                <span class="method-start">1048940 ms</span>
              </div> <!-- test-method -->
              <div class="test-method">
                <span class="method-name">shoppingCartWidgetCheckOutBtn_RedirectToShoppingCartPage_Successfully</span>
                <span class="method-start">1048944 ms</span>
              </div> <!-- test-method -->
              <div class="configuration-class after">
                <span class="method-name">afterClass</span>
                <span class="method-start">1048949 ms</span>
              </div> <!-- configuration-class after -->
          </div> <!-- main-panel-content rounded-window-bottom -->
        </div> <!-- panel -->
      </div> <!-- main-panel-root -->
    </div> <!-- wrapper -->
  </body>
<script type="text/javascript" src="testng-reports2.js"></script>
</html>
