<?xml version="1.0" encoding="UTF-8"?>
<!-- Generated by org.testng.reporters.JUnitXMLReporter -->
<testsuite ignored="0" hostname="Jorges-MacBook-Pro.local" failures="0" tests="13" name="Microsoft Internet Explorer Browser Test" time="0.2" errors="0" timestamp="2021-08-30T09:15:38 AST">
  <testcase classname="com.challenge.test.SearchTest" name="@BeforeClass beforeClass" time="0.025">
    <failure type="java.lang.IllegalStateException" message="The driver is not executable: /Users/Mac_JICO/eclipse-workspace/JorgeCanarioChallenge/src/test/resources/BrowserDriver/Windows8.1-KB2990999-x86.msu">
      <![CDATA[java.lang.IllegalStateException: The driver is not executable: /Users/Mac_JICO/eclipse-workspace/JorgeCanarioChallenge/src/test/resources/BrowserDriver/Windows8.1-KB2990999-x86.msu
at com.google.common.base.Preconditions.checkState(Preconditions.java:585)
at org.openqa.selenium.remote.service.DriverService.checkExecutable(DriverService.java:150)
at org.openqa.selenium.remote.service.DriverService.findExecutable(DriverService.java:141)
at org.openqa.selenium.ie.InternetExplorerDriverService.access$000(InternetExplorerDriverService.java:35)
at org.openqa.selenium.ie.InternetExplorerDriverService$Builder.findDefaultExecutable(InternetExplorerDriverService.java:175)
at org.openqa.selenium.remote.service.DriverService$Builder.build(DriverService.java:355)
at org.openqa.selenium.ie.InternetExplorerDriver.setupService(InternetExplorerDriver.java:281)
at org.openqa.selenium.ie.InternetExplorerDriver.<init>(InternetExplorerDriver.java:211)
at org.openqa.selenium.ie.InternetExplorerDriver.<init>(InternetExplorerDriver.java:150)
at com.challenge.pom.Base.driverConnection(Base.java:38)
at com.challenge.test.SearchTest.beforeClass(SearchTest.java:35)
at java.base/java.util.ArrayList.forEach(ArrayList.java:1511)
... Removed 25 stack frames]]>
    </failure>
  </testcase> <!-- @BeforeClass beforeClass -->
  <testcase classname="com.challenge.test.SearchTest" name="@AfterClass afterClass" time="-1.630329337904E9">
    <skipped/>
  </testcase> <!-- @AfterClass afterClass -->
  <testcase classname="com.challenge.test.ContactFormTest" name="@BeforeClass beforeClass" time="0.002">
    <failure type="java.lang.IllegalStateException" message="The driver is not executable: /Users/Mac_JICO/eclipse-workspace/JorgeCanarioChallenge/src/test/resources/BrowserDriver/Windows8.1-KB2990999-x86.msu">
      <![CDATA[java.lang.IllegalStateException: The driver is not executable: /Users/Mac_JICO/eclipse-workspace/JorgeCanarioChallenge/src/test/resources/BrowserDriver/Windows8.1-KB2990999-x86.msu
at com.google.common.base.Preconditions.checkState(Preconditions.java:585)
at org.openqa.selenium.remote.service.DriverService.checkExecutable(DriverService.java:150)
at org.openqa.selenium.remote.service.DriverService.findExecutable(DriverService.java:141)
at org.openqa.selenium.ie.InternetExplorerDriverService.access$000(InternetExplorerDriverService.java:35)
at org.openqa.selenium.ie.InternetExplorerDriverService$Builder.findDefaultExecutable(InternetExplorerDriverService.java:175)
at org.openqa.selenium.remote.service.DriverService$Builder.build(DriverService.java:355)
at org.openqa.selenium.ie.InternetExplorerDriver.setupService(InternetExplorerDriver.java:281)
at org.openqa.selenium.ie.InternetExplorerDriver.<init>(InternetExplorerDriver.java:211)
at org.openqa.selenium.ie.InternetExplorerDriver.<init>(InternetExplorerDriver.java:150)
at com.challenge.pom.Base.driverConnection(Base.java:38)
at com.challenge.test.ContactFormTest.beforeClass(ContactFormTest.java:26)
at java.base/java.util.ArrayList.forEach(ArrayList.java:1511)
... Removed 25 stack frames]]>
    </failure>
  </testcase> <!-- @BeforeClass beforeClass -->
  <testcase classname="com.challenge.test.ContactFormTest" name="@AfterClass afterClass" time="-1.630329337946E9">
    <skipped/>
  </testcase> <!-- @AfterClass afterClass -->
  <testcase classname="com.challenge.test.ShoppingCartNavigationWidgetTest" name="@BeforeClass beforeClass" time="0.005">
    <failure type="java.lang.IllegalStateException" message="The driver is not executable: /Users/Mac_JICO/eclipse-workspace/JorgeCanarioChallenge/src/test/resources/BrowserDriver/Windows8.1-KB2990999-x86.msu">
      <![CDATA[java.lang.IllegalStateException: The driver is not executable: /Users/Mac_JICO/eclipse-workspace/JorgeCanarioChallenge/src/test/resources/BrowserDriver/Windows8.1-KB2990999-x86.msu
at com.google.common.base.Preconditions.checkState(Preconditions.java:585)
at org.openqa.selenium.remote.service.DriverService.checkExecutable(DriverService.java:150)
at org.openqa.selenium.remote.service.DriverService.findExecutable(DriverService.java:141)
at org.openqa.selenium.ie.InternetExplorerDriverService.access$000(InternetExplorerDriverService.java:35)
at org.openqa.selenium.ie.InternetExplorerDriverService$Builder.findDefaultExecutable(InternetExplorerDriverService.java:175)
at org.openqa.selenium.remote.service.DriverService$Builder.build(DriverService.java:355)
at org.openqa.selenium.ie.InternetExplorerDriver.setupService(InternetExplorerDriver.java:281)
at org.openqa.selenium.ie.InternetExplorerDriver.<init>(InternetExplorerDriver.java:211)
at org.openqa.selenium.ie.InternetExplorerDriver.<init>(InternetExplorerDriver.java:150)
at com.challenge.pom.Base.driverConnection(Base.java:38)
at com.challenge.test.ShoppingCartNavigationWidgetTest.beforeClass(ShoppingCartNavigationWidgetTest.java:37)
at java.base/java.util.ArrayList.forEach(ArrayList.java:1511)
... Removed 25 stack frames]]>
    </failure>
  </testcase> <!-- @BeforeClass beforeClass -->
  <testcase classname="com.challenge.test.ShoppingCartNavigationWidgetTest" name="@AfterClass afterClass" time="-1.630329338054E9">
    <skipped/>
  </testcase> <!-- @AfterClass afterClass -->
  <testcase classname="com.challenge.test.SearchTest" name="search_unexistingProduct_ShowNoResult" time="0.0">
    <skipped/>
  </testcase> <!-- search_unexistingProduct_ShowNoResult -->
  <testcase classname="com.challenge.test.SearchTest" name="search_ExistingProduct_ShowResult" time="0.0">
    <skipped/>
  </testcase> <!-- search_ExistingProduct_ShowResult -->
  <testcase classname="com.challenge.test.ContactFormTest" name="pageValidates_AllFormsFields_CannotBeBlank" time="0.0">
    <skipped/>
  </testcase> <!-- pageValidates_AllFormsFields_CannotBeBlank -->
  <testcase classname="com.challenge.test.ContactFormTest" name="pageValidates_FormFieldEmail_CannotBeBlank" time="0.0">
    <skipped/>
  </testcase> <!-- pageValidates_FormFieldEmail_CannotBeBlank -->
  <testcase classname="com.challenge.test.ContactFormTest" name="pageValidates_FormFieldEmail_MustFollowRightFormat" time="0.0">
    <skipped/>
  </testcase> <!-- pageValidates_FormFieldEmail_MustFollowRightFormat -->
  <testcase classname="com.challenge.test.ContactFormTest" name="pageValidates_FormFieldMessage_CannotBeBlank" time="0.0">
    <skipped/>
  </testcase> <!-- pageValidates_FormFieldMessage_CannotBeBlank -->
  <testcase classname="com.challenge.test.ContactFormTest" name="pageValidates_FormFieldSubject_CannotBeBlank" time="0.0">
    <skipped/>
  </testcase> <!-- pageValidates_FormFieldSubject_CannotBeBlank -->
  <testcase classname="com.challenge.test.ContactFormTest" name="messageAttachment_CanBeSentInForm_Successfully" time="0.0">
    <skipped/>
  </testcase> <!-- messageAttachment_CanBeSentInForm_Successfully -->
  <testcase classname="com.challenge.test.ShoppingCartNavigationWidgetTest" name="itemsFromCategorySection_CanBeAddedToCart_Successfully" time="0.0">
    <skipped/>
  </testcase> <!-- itemsFromCategorySection_CanBeAddedToCart_Successfully -->
  <testcase classname="com.challenge.test.ShoppingCartNavigationWidgetTest" name="itemsSearched_CanBeAddedToCart_Successfully" time="0.0">
    <skipped/>
  </testcase> <!-- itemsSearched_CanBeAddedToCart_Successfully -->
  <testcase classname="com.challenge.test.ShoppingCartNavigationWidgetTest" name="shoppingCartWidget_Contains_AddedItems" time="0.0">
    <skipped/>
  </testcase> <!-- shoppingCartWidget_Contains_AddedItems -->
  <testcase classname="com.challenge.test.ShoppingCartNavigationWidgetTest" name="shoppingCartWidgetItems_CanBeDeleted_Successfully" time="0.0">
    <skipped/>
  </testcase> <!-- shoppingCartWidgetItems_CanBeDeleted_Successfully -->
  <testcase classname="com.challenge.test.ShoppingCartNavigationWidgetTest" name="shoppingCartWidgetCheckOutBtn_RedirectToShoppingCartPage_Successfully" time="0.001">
    <skipped/>
  </testcase> <!-- shoppingCartWidgetCheckOutBtn_RedirectToShoppingCartPage_Successfully -->
</testsuite> <!-- Microsoft Internet Explorer Browser Test -->
